2016-2-9 16:21:19.0688 gsmake (runner.lua:46) register taskgroup(update) :
2016-2-9 16:21:19.0689 gsmake (runner.lua:48) 	from package [github.com/gsmake/commands:snapshot]
2016-2-9 16:21:19.0689 gsmake (runner.lua:46) register taskgroup(resources) :
2016-2-9 16:21:19.0690 gsmake (runner.lua:48) 	from package [github.com/gsmake/gsrpc:snapshot]
2016-2-9 16:21:19.0690 gsmake (runner.lua:46) register taskgroup(cache) :
2016-2-9 16:21:19.0691 gsmake (runner.lua:48) 	from package [github.com/gsmake/commands:snapshot]
2016-2-9 16:21:19.0692 gsmake (runner.lua:46) register taskgroup(list) :
2016-2-9 16:21:19.0692 gsmake (runner.lua:48) 	from package [github.com/gsmake/commands:snapshot]
2016-2-9 16:21:19.0693 gsmake (runner.lua:46) register taskgroup(repo) :
2016-2-9 16:21:19.0693 gsmake (runner.lua:48) 	from package [github.com/gsmake/commands:snapshot]
2016-2-9 16:21:19.0694 gsmake (runner.lua:46) register taskgroup(precompile) :
2016-2-9 16:21:19.0695 gsmake (runner.lua:48) 	from package [github.com/gsmake/gsrpc:snapshot]
2016-2-9 16:21:19.0695 gsmake (runner.lua:126) topshort task(precompile) from package [github.com/gsmake/gsrpc:snapshot] ;compile the gsrpc files
2016-2-9 16:21:19.0696 gsmake (runner.lua:126) topshort task(resources) from package [github.com/gsmake/gsrpc:snapshot] ;prepare gsrpc compiler
2016-2-9 16:21:19.0696 gsmake (runner.lua:70) invoke task(resources)
2016-2-9 16:21:19.0697 gsmake (runner.lua:73) 	from package [github.com/gsmake/gsrpc:snapshot] ...
2016-2-9 16:21:19.0750 gsmake (runner.lua:46) register taskgroup(gorun) :
2016-2-9 16:21:19.0751 gsmake (runner.lua:48) 	from package [github.com/gsmake/golang:snapshot]
2016-2-9 16:21:19.0751 gsmake (runner.lua:46) register taskgroup(gopath) :
2016-2-9 16:21:19.0752 gsmake (runner.lua:48) 	from package [github.com/gsmake/golang:snapshot]
2016-2-9 16:21:19.0752 gsmake (runner.lua:46) register taskgroup(resources) :
2016-2-9 16:21:19.0753 gsmake (runner.lua:48) 	from package [github.com/gsmake/golang:snapshot]
2016-2-9 16:21:19.0754 gsmake (runner.lua:46) register taskgroup(precompile) :
2016-2-9 16:21:19.0754 gsmake (runner.lua:48) 	from package [github.com/gsmake/golang:snapshot]
2016-2-9 16:21:19.0755 gsmake (runner.lua:46) register taskgroup(compile) :
2016-2-9 16:21:19.0756 gsmake (runner.lua:48) 	from package [github.com/gsmake/golang:snapshot]
2016-2-9 16:21:19.0756 gsmake (runner.lua:46) register taskgroup(install) :
2016-2-9 16:21:19.0757 gsmake (runner.lua:48) 	from package [github.com/gsmake/golang:snapshot]
2016-2-9 16:21:19.0758 gsmake (runner.lua:46) register taskgroup(test) :
2016-2-9 16:21:19.0758 gsmake (runner.lua:48) 	from package [github.com/gsmake/golang:snapshot]
2016-2-9 16:21:19.0759 gsmake (runner.lua:126) topshort task(install) from package [github.com/gsmake/golang:snapshot] ;golang package install package
2016-2-9 16:21:19.0760 gsmake (runner.lua:126) topshort task(compile) from package [github.com/gsmake/golang:snapshot] ;golang package compile task
2016-2-9 16:21:19.0761 gsmake (runner.lua:126) topshort task(precompile) from package [github.com/gsmake/golang:snapshot] ;golang precompile task
2016-2-9 16:21:19.0761 gsmake (runner.lua:126) topshort task(resources) from package [github.com/gsmake/golang:snapshot] ;prepare dependencies package
2016-2-9 16:21:19.0762 gsmake (runner.lua:70) invoke task(resources)
2016-2-9 16:21:19.0763 gsmake (runner.lua:73) 	from package [github.com/gsmake/golang:snapshot] ...
2016-2-9 16:21:19.0866 gsmake (runner.lua:86) 	from package [github.com/gsmake/golang:snapshot] -- success
2016-2-9 16:21:19.0867 gsmake (runner.lua:89) invoke task(resources) -- success
2016-2-9 16:21:19.0868 gsmake (runner.lua:70) invoke task(precompile)
2016-2-9 16:21:19.0868 gsmake (runner.lua:73) 	from package [github.com/gsmake/golang:snapshot] ...
2016-2-9 16:21:19.0870 gsmake (runner.lua:86) 	from package [github.com/gsmake/golang:snapshot] -- success
2016-2-9 16:21:19.0870 gsmake (runner.lua:89) invoke task(precompile) -- success
2016-2-9 16:21:19.0871 gsmake (runner.lua:70) invoke task(compile)
2016-2-9 16:21:19.0872 gsmake (runner.lua:73) 	from package [github.com/gsmake/golang:snapshot] ...
2016-2-9 16:21:22.0447 gsmake (runner.lua:86) 	from package [github.com/gsmake/golang:snapshot] -- success
2016-2-9 16:21:22.0447 gsmake (runner.lua:89) invoke task(compile) -- success
2016-2-9 16:21:22.0448 gsmake (runner.lua:70) invoke task(install)
2016-2-9 16:21:22.0449 gsmake (runner.lua:73) 	from package [github.com/gsmake/golang:snapshot] ...
2016-2-9 16:21:22.0465 gsmake (runner.lua:86) 	from package [github.com/gsmake/golang:snapshot] -- success
2016-2-9 16:21:22.0466 gsmake (runner.lua:89) invoke task(install) -- success
2016-2-9 16:21:22.0466 gsmake (runner.lua:86) 	from package [github.com/gsmake/gsrpc:snapshot] -- success
2016-2-9 16:21:22.0467 gsmake (runner.lua:89) invoke task(resources) -- success
2016-2-9 16:21:22.0468 gsmake (runner.lua:70) invoke task(precompile)
2016-2-9 16:21:22.0468 gsmake (runner.lua:73) 	from package [github.com/gsmake/gsrpc:snapshot] ...
2016-2-9 16:21:25.0523 gsmake (runner.lua:86) 	from package [github.com/gsmake/gsrpc:snapshot] -- success
2016-2-9 16:21:25.0524 gsmake (runner.lua:89) invoke task(precompile) -- success
