2016-2-10 10:50:37.0618 gsmake (runner.lua:46) register taskgroup(precompile) :
2016-2-10 10:50:37.0619 gsmake (runner.lua:48) 	from package [github.com/gsmake/gsrpc:snapshot]
2016-2-10 10:50:37.0619 gsmake (runner.lua:46) register taskgroup(update) :
2016-2-10 10:50:37.0620 gsmake (runner.lua:48) 	from package [github.com/gsmake/commands:snapshot]
2016-2-10 10:50:37.0620 gsmake (runner.lua:46) register taskgroup(resources) :
2016-2-10 10:50:37.0621 gsmake (runner.lua:48) 	from package [github.com/gsmake/gsrpc:snapshot]
2016-2-10 10:50:37.0622 gsmake (runner.lua:46) register taskgroup(repo) :
2016-2-10 10:50:37.0622 gsmake (runner.lua:48) 	from package [github.com/gsmake/commands:snapshot]
2016-2-10 10:50:37.0623 gsmake (runner.lua:46) register taskgroup(list) :
2016-2-10 10:50:37.0624 gsmake (runner.lua:48) 	from package [github.com/gsmake/commands:snapshot]
2016-2-10 10:50:37.0624 gsmake (runner.lua:46) register taskgroup(cache) :
2016-2-10 10:50:37.0625 gsmake (runner.lua:48) 	from package [github.com/gsmake/commands:snapshot]
2016-2-10 10:50:37.0625 gsmake (runner.lua:126) topshort task(precompile) from package [github.com/gsmake/gsrpc:snapshot] ;compile the gsrpc files
2016-2-10 10:50:37.0626 gsmake (runner.lua:126) topshort task(resources) from package [github.com/gsmake/gsrpc:snapshot] ;prepare gsrpc compiler
2016-2-10 10:50:37.0627 gsmake (runner.lua:70) invoke task(resources)
2016-2-10 10:50:37.0628 gsmake (runner.lua:73) 	from package [github.com/gsmake/gsrpc:snapshot] ...
2016-2-10 10:50:37.0688 gsmake (runner.lua:46) register taskgroup(install) :
2016-2-10 10:50:37.0688 gsmake (runner.lua:48) 	from package [github.com/gsmake/golang:snapshot]
2016-2-10 10:50:37.0689 gsmake (runner.lua:46) register taskgroup(gorun) :
2016-2-10 10:50:37.0690 gsmake (runner.lua:48) 	from package [github.com/gsmake/golang:snapshot]
2016-2-10 10:50:37.0690 gsmake (runner.lua:46) register taskgroup(resources) :
2016-2-10 10:50:37.0691 gsmake (runner.lua:48) 	from package [github.com/gsmake/golang:snapshot]
2016-2-10 10:50:37.0692 gsmake (runner.lua:46) register taskgroup(test) :
2016-2-10 10:50:37.0693 gsmake (runner.lua:48) 	from package [github.com/gsmake/golang:snapshot]
2016-2-10 10:50:37.0693 gsmake (runner.lua:46) register taskgroup(compile) :
2016-2-10 10:50:37.0694 gsmake (runner.lua:48) 	from package [github.com/gsmake/golang:snapshot]
2016-2-10 10:50:37.0695 gsmake (runner.lua:46) register taskgroup(precompile) :
2016-2-10 10:50:37.0695 gsmake (runner.lua:48) 	from package [github.com/gsmake/golang:snapshot]
2016-2-10 10:50:37.0696 gsmake (runner.lua:46) register taskgroup(gopath) :
2016-2-10 10:50:37.0697 gsmake (runner.lua:48) 	from package [github.com/gsmake/golang:snapshot]
2016-2-10 10:50:37.0698 gsmake (runner.lua:126) topshort task(install) from package [github.com/gsmake/golang:snapshot] ;golang package install package
2016-2-10 10:50:37.0698 gsmake (runner.lua:126) topshort task(compile) from package [github.com/gsmake/golang:snapshot] ;golang package compile task
2016-2-10 10:50:37.0699 gsmake (runner.lua:126) topshort task(precompile) from package [github.com/gsmake/golang:snapshot] ;golang precompile task
2016-2-10 10:50:37.0699 gsmake (runner.lua:126) topshort task(resources) from package [github.com/gsmake/golang:snapshot] ;prepare dependencies package
2016-2-10 10:50:37.0700 gsmake (runner.lua:70) invoke task(resources)
2016-2-10 10:50:37.0701 gsmake (runner.lua:73) 	from package [github.com/gsmake/golang:snapshot] ...
2016-2-10 10:50:37.0835 gsmake (runner.lua:86) 	from package [github.com/gsmake/golang:snapshot] -- success
2016-2-10 10:50:37.0836 gsmake (runner.lua:89) invoke task(resources) -- success
2016-2-10 10:50:37.0837 gsmake (runner.lua:70) invoke task(precompile)
2016-2-10 10:50:37.0838 gsmake (runner.lua:73) 	from package [github.com/gsmake/golang:snapshot] ...
2016-2-10 10:50:37.0839 gsmake (runner.lua:86) 	from package [github.com/gsmake/golang:snapshot] -- success
2016-2-10 10:50:37.0840 gsmake (runner.lua:89) invoke task(precompile) -- success
2016-2-10 10:50:37.0840 gsmake (runner.lua:70) invoke task(compile)
2016-2-10 10:50:37.0841 gsmake (runner.lua:73) 	from package [github.com/gsmake/golang:snapshot] ...
2016-2-10 10:50:40.0605 gsmake (runner.lua:86) 	from package [github.com/gsmake/golang:snapshot] -- success
2016-2-10 10:50:40.0606 gsmake (runner.lua:89) invoke task(compile) -- success
2016-2-10 10:50:40.0606 gsmake (runner.lua:70) invoke task(install)
2016-2-10 10:50:40.0607 gsmake (runner.lua:73) 	from package [github.com/gsmake/golang:snapshot] ...
2016-2-10 10:50:40.0623 gsmake (runner.lua:86) 	from package [github.com/gsmake/golang:snapshot] -- success
2016-2-10 10:50:40.0624 gsmake (runner.lua:89) invoke task(install) -- success
2016-2-10 10:50:40.0624 gsmake (runner.lua:86) 	from package [github.com/gsmake/gsrpc:snapshot] -- success
2016-2-10 10:50:40.0625 gsmake (runner.lua:89) invoke task(resources) -- success
2016-2-10 10:50:40.0625 gsmake (runner.lua:70) invoke task(precompile)
2016-2-10 10:50:40.0626 gsmake (runner.lua:73) 	from package [github.com/gsmake/gsrpc:snapshot] ...
2016-2-10 10:50:41.0706 gsmake (runner.lua:86) 	from package [github.com/gsmake/gsrpc:snapshot] -- success
2016-2-10 10:50:41.0707 gsmake (runner.lua:89) invoke task(precompile) -- success
