2016-2-9 17:45:37.0605 gsmake (runner.lua:46) register taskgroup(cache) :
2016-2-9 17:45:37.0606 gsmake (runner.lua:48) 	from package [github.com/gsmake/commands:snapshot]
2016-2-9 17:45:37.0607 gsmake (runner.lua:46) register taskgroup(update) :
2016-2-9 17:45:37.0607 gsmake (runner.lua:48) 	from package [github.com/gsmake/commands:snapshot]
2016-2-9 17:45:37.0608 gsmake (runner.lua:46) register taskgroup(list) :
2016-2-9 17:45:37.0609 gsmake (runner.lua:48) 	from package [github.com/gsmake/commands:snapshot]
2016-2-9 17:45:37.0609 gsmake (runner.lua:46) register taskgroup(repo) :
2016-2-9 17:45:37.0610 gsmake (runner.lua:48) 	from package [github.com/gsmake/commands:snapshot]
2016-2-9 17:45:37.0611 gsmake (runner.lua:46) register taskgroup(precompile) :
2016-2-9 17:45:37.0611 gsmake (runner.lua:48) 	from package [github.com/gsmake/gsrpc:snapshot]
2016-2-9 17:45:37.0612 gsmake (runner.lua:46) register taskgroup(resources) :
2016-2-9 17:45:37.0613 gsmake (runner.lua:48) 	from package [github.com/gsmake/gsrpc:snapshot]
2016-2-9 17:45:37.0613 gsmake (runner.lua:126) topshort task(precompile) from package [github.com/gsmake/gsrpc:snapshot] ;compile the gsrpc files
2016-2-9 17:45:37.0614 gsmake (runner.lua:126) topshort task(resources) from package [github.com/gsmake/gsrpc:snapshot] ;prepare gsrpc compiler
2016-2-9 17:45:37.0615 gsmake (runner.lua:70) invoke task(resources)
2016-2-9 17:45:37.0615 gsmake (runner.lua:73) 	from package [github.com/gsmake/gsrpc:snapshot] ...
2016-2-9 17:45:37.0668 gsmake (runner.lua:46) register taskgroup(gopath) :
2016-2-9 17:45:37.0668 gsmake (runner.lua:48) 	from package [github.com/gsmake/golang:snapshot]
2016-2-9 17:45:37.0669 gsmake (runner.lua:46) register taskgroup(compile) :
2016-2-9 17:45:37.0670 gsmake (runner.lua:48) 	from package [github.com/gsmake/golang:snapshot]
2016-2-9 17:45:37.0670 gsmake (runner.lua:46) register taskgroup(install) :
2016-2-9 17:45:37.0671 gsmake (runner.lua:48) 	from package [github.com/gsmake/golang:snapshot]
2016-2-9 17:45:37.0671 gsmake (runner.lua:46) register taskgroup(resources) :
2016-2-9 17:45:37.0672 gsmake (runner.lua:48) 	from package [github.com/gsmake/golang:snapshot]
2016-2-9 17:45:37.0673 gsmake (runner.lua:46) register taskgroup(test) :
2016-2-9 17:45:37.0673 gsmake (runner.lua:48) 	from package [github.com/gsmake/golang:snapshot]
2016-2-9 17:45:37.0674 gsmake (runner.lua:46) register taskgroup(precompile) :
2016-2-9 17:45:37.0675 gsmake (runner.lua:48) 	from package [github.com/gsmake/golang:snapshot]
2016-2-9 17:45:37.0675 gsmake (runner.lua:46) register taskgroup(gorun) :
2016-2-9 17:45:37.0676 gsmake (runner.lua:48) 	from package [github.com/gsmake/golang:snapshot]
2016-2-9 17:45:37.0677 gsmake (runner.lua:126) topshort task(install) from package [github.com/gsmake/golang:snapshot] ;golang package install package
2016-2-9 17:45:37.0677 gsmake (runner.lua:126) topshort task(compile) from package [github.com/gsmake/golang:snapshot] ;golang package compile task
2016-2-9 17:45:37.0678 gsmake (runner.lua:126) topshort task(precompile) from package [github.com/gsmake/golang:snapshot] ;golang precompile task
2016-2-9 17:45:37.0679 gsmake (runner.lua:126) topshort task(resources) from package [github.com/gsmake/golang:snapshot] ;prepare dependencies package
2016-2-9 17:45:37.0679 gsmake (runner.lua:70) invoke task(resources)
2016-2-9 17:45:37.0680 gsmake (runner.lua:73) 	from package [github.com/gsmake/golang:snapshot] ...
2016-2-9 17:45:37.0782 gsmake (runner.lua:86) 	from package [github.com/gsmake/golang:snapshot] -- success
2016-2-9 17:45:37.0782 gsmake (runner.lua:89) invoke task(resources) -- success
2016-2-9 17:45:37.0783 gsmake (runner.lua:70) invoke task(precompile)
2016-2-9 17:45:37.0784 gsmake (runner.lua:73) 	from package [github.com/gsmake/golang:snapshot] ...
2016-2-9 17:45:37.0785 gsmake (runner.lua:86) 	from package [github.com/gsmake/golang:snapshot] -- success
2016-2-9 17:45:37.0786 gsmake (runner.lua:89) invoke task(precompile) -- success
2016-2-9 17:45:37.0787 gsmake (runner.lua:70) invoke task(compile)
2016-2-9 17:45:37.0787 gsmake (runner.lua:73) 	from package [github.com/gsmake/golang:snapshot] ...
2016-2-9 17:45:40.0636 gsmake (runner.lua:86) 	from package [github.com/gsmake/golang:snapshot] -- success
2016-2-9 17:45:40.0637 gsmake (runner.lua:89) invoke task(compile) -- success
2016-2-9 17:45:40.0638 gsmake (runner.lua:70) invoke task(install)
2016-2-9 17:45:40.0638 gsmake (runner.lua:73) 	from package [github.com/gsmake/golang:snapshot] ...
2016-2-9 17:45:40.0654 gsmake (runner.lua:86) 	from package [github.com/gsmake/golang:snapshot] -- success
2016-2-9 17:45:40.0654 gsmake (runner.lua:89) invoke task(install) -- success
2016-2-9 17:45:40.0655 gsmake (runner.lua:86) 	from package [github.com/gsmake/gsrpc:snapshot] -- success
2016-2-9 17:45:40.0656 gsmake (runner.lua:89) invoke task(resources) -- success
2016-2-9 17:45:40.0656 gsmake (runner.lua:70) invoke task(precompile)
2016-2-9 17:45:40.0657 gsmake (runner.lua:73) 	from package [github.com/gsmake/gsrpc:snapshot] ...
2016-2-9 17:45:41.0624 gsmake (runner.lua:86) 	from package [github.com/gsmake/gsrpc:snapshot] -- success
2016-2-9 17:45:41.0624 gsmake (runner.lua:89) invoke task(precompile) -- success
