2016-2-10 14:59:1.0804 gsmake (runner.lua:46) register taskgroup(cache) :
2016-2-10 14:59:1.0805 gsmake (runner.lua:48) 	from package [github.com/gsmake/commands:snapshot]
2016-2-10 14:59:1.0805 gsmake (runner.lua:46) register taskgroup(precompile) :
2016-2-10 14:59:1.0806 gsmake (runner.lua:48) 	from package [github.com/gsmake/gsrpc:snapshot]
2016-2-10 14:59:1.0807 gsmake (runner.lua:46) register taskgroup(list) :
2016-2-10 14:59:1.0807 gsmake (runner.lua:48) 	from package [github.com/gsmake/commands:snapshot]
2016-2-10 14:59:1.0808 gsmake (runner.lua:46) register taskgroup(update) :
2016-2-10 14:59:1.0809 gsmake (runner.lua:48) 	from package [github.com/gsmake/commands:snapshot]
2016-2-10 14:59:1.0809 gsmake (runner.lua:46) register taskgroup(resources) :
2016-2-10 14:59:1.0810 gsmake (runner.lua:48) 	from package [github.com/gsmake/gsrpc:snapshot]
2016-2-10 14:59:1.0811 gsmake (runner.lua:46) register taskgroup(repo) :
2016-2-10 14:59:1.0811 gsmake (runner.lua:48) 	from package [github.com/gsmake/commands:snapshot]
2016-2-10 14:59:1.0812 gsmake (runner.lua:126) topshort task(precompile) from package [github.com/gsmake/gsrpc:snapshot] ;compile the gsrpc files
2016-2-10 14:59:1.0813 gsmake (runner.lua:126) topshort task(resources) from package [github.com/gsmake/gsrpc:snapshot] ;prepare gsrpc compiler
2016-2-10 14:59:1.0813 gsmake (runner.lua:70) invoke task(resources)
2016-2-10 14:59:1.0814 gsmake (runner.lua:73) 	from package [github.com/gsmake/gsrpc:snapshot] ...
2016-2-10 14:59:1.0867 gsmake (runner.lua:46) register taskgroup(compile) :
2016-2-10 14:59:1.0868 gsmake (runner.lua:48) 	from package [github.com/gsmake/golang:snapshot]
2016-2-10 14:59:1.0869 gsmake (runner.lua:46) register taskgroup(install) :
2016-2-10 14:59:1.0869 gsmake (runner.lua:48) 	from package [github.com/gsmake/golang:snapshot]
2016-2-10 14:59:1.0870 gsmake (runner.lua:46) register taskgroup(gorun) :
2016-2-10 14:59:1.0870 gsmake (runner.lua:48) 	from package [github.com/gsmake/golang:snapshot]
2016-2-10 14:59:1.0871 gsmake (runner.lua:46) register taskgroup(precompile) :
2016-2-10 14:59:1.0872 gsmake (runner.lua:48) 	from package [github.com/gsmake/golang:snapshot]
2016-2-10 14:59:1.0872 gsmake (runner.lua:46) register taskgroup(test) :
2016-2-10 14:59:1.0873 gsmake (runner.lua:48) 	from package [github.com/gsmake/golang:snapshot]
2016-2-10 14:59:1.0873 gsmake (runner.lua:46) register taskgroup(resources) :
2016-2-10 14:59:1.0874 gsmake (runner.lua:48) 	from package [github.com/gsmake/golang:snapshot]
2016-2-10 14:59:1.0875 gsmake (runner.lua:46) register taskgroup(gopath) :
2016-2-10 14:59:1.0875 gsmake (runner.lua:48) 	from package [github.com/gsmake/golang:snapshot]
2016-2-10 14:59:1.0876 gsmake (runner.lua:126) topshort task(install) from package [github.com/gsmake/golang:snapshot] ;golang package install package
2016-2-10 14:59:1.0877 gsmake (runner.lua:126) topshort task(compile) from package [github.com/gsmake/golang:snapshot] ;golang package compile task
2016-2-10 14:59:1.0877 gsmake (runner.lua:126) topshort task(precompile) from package [github.com/gsmake/golang:snapshot] ;golang precompile task
2016-2-10 14:59:1.0878 gsmake (runner.lua:126) topshort task(resources) from package [github.com/gsmake/golang:snapshot] ;prepare dependencies package
2016-2-10 14:59:1.0878 gsmake (runner.lua:70) invoke task(resources)
2016-2-10 14:59:1.0879 gsmake (runner.lua:73) 	from package [github.com/gsmake/golang:snapshot] ...
2016-2-10 14:59:1.0989 gsmake (runner.lua:86) 	from package [github.com/gsmake/golang:snapshot] -- success
2016-2-10 14:59:1.0990 gsmake (runner.lua:89) invoke task(resources) -- success
2016-2-10 14:59:1.0991 gsmake (runner.lua:70) invoke task(precompile)
2016-2-10 14:59:1.0991 gsmake (runner.lua:73) 	from package [github.com/gsmake/golang:snapshot] ...
2016-2-10 14:59:1.0993 gsmake (runner.lua:86) 	from package [github.com/gsmake/golang:snapshot] -- success
2016-2-10 14:59:1.0993 gsmake (runner.lua:89) invoke task(precompile) -- success
2016-2-10 14:59:1.0994 gsmake (runner.lua:70) invoke task(compile)
2016-2-10 14:59:1.0994 gsmake (runner.lua:73) 	from package [github.com/gsmake/golang:snapshot] ...
2016-2-10 14:59:4.0651 gsmake (runner.lua:86) 	from package [github.com/gsmake/golang:snapshot] -- success
2016-2-10 14:59:4.0652 gsmake (runner.lua:89) invoke task(compile) -- success
2016-2-10 14:59:4.0653 gsmake (runner.lua:70) invoke task(install)
2016-2-10 14:59:4.0653 gsmake (runner.lua:73) 	from package [github.com/gsmake/golang:snapshot] ...
2016-2-10 14:59:4.0668 gsmake (runner.lua:86) 	from package [github.com/gsmake/golang:snapshot] -- success
2016-2-10 14:59:4.0668 gsmake (runner.lua:89) invoke task(install) -- success
2016-2-10 14:59:4.0669 gsmake (runner.lua:86) 	from package [github.com/gsmake/gsrpc:snapshot] -- success
2016-2-10 14:59:4.0670 gsmake (runner.lua:89) invoke task(resources) -- success
2016-2-10 14:59:4.0670 gsmake (runner.lua:70) invoke task(precompile)
2016-2-10 14:59:4.0671 gsmake (runner.lua:73) 	from package [github.com/gsmake/gsrpc:snapshot] ...
2016-2-10 14:59:5.0990 gsmake (runner.lua:86) 	from package [github.com/gsmake/gsrpc:snapshot] -- success
2016-2-10 14:59:5.0991 gsmake (runner.lua:89) invoke task(precompile) -- success
