2016-2-10 17:24:36.0931 gsmake (runner.lua:46) register taskgroup(repo) :
2016-2-10 17:24:36.0932 gsmake (runner.lua:48) 	from package [github.com/gsmake/commands:snapshot]
2016-2-10 17:24:36.0933 gsmake (runner.lua:46) register taskgroup(resources) :
2016-2-10 17:24:36.0933 gsmake (runner.lua:48) 	from package [github.com/gsmake/gsrpc:snapshot]
2016-2-10 17:24:36.0934 gsmake (runner.lua:46) register taskgroup(cache) :
2016-2-10 17:24:36.0934 gsmake (runner.lua:48) 	from package [github.com/gsmake/commands:snapshot]
2016-2-10 17:24:36.0935 gsmake (runner.lua:46) register taskgroup(precompile) :
2016-2-10 17:24:36.0936 gsmake (runner.lua:48) 	from package [github.com/gsmake/gsrpc:snapshot]
2016-2-10 17:24:36.0936 gsmake (runner.lua:46) register taskgroup(list) :
2016-2-10 17:24:36.0937 gsmake (runner.lua:48) 	from package [github.com/gsmake/commands:snapshot]
2016-2-10 17:24:36.0937 gsmake (runner.lua:46) register taskgroup(update) :
2016-2-10 17:24:36.0938 gsmake (runner.lua:48) 	from package [github.com/gsmake/commands:snapshot]
2016-2-10 17:24:36.0939 gsmake (runner.lua:126) topshort task(precompile) from package [github.com/gsmake/gsrpc:snapshot] ;compile the gsrpc files
2016-2-10 17:24:36.0939 gsmake (runner.lua:126) topshort task(resources) from package [github.com/gsmake/gsrpc:snapshot] ;prepare gsrpc compiler
2016-2-10 17:24:36.0940 gsmake (runner.lua:70) invoke task(resources)
2016-2-10 17:24:36.0941 gsmake (runner.lua:73) 	from package [github.com/gsmake/gsrpc:snapshot] ...
2016-2-10 17:24:36.0997 gsmake (runner.lua:46) register taskgroup(precompile) :
2016-2-10 17:24:36.0998 gsmake (runner.lua:48) 	from package [github.com/gsmake/golang:snapshot]
2016-2-10 17:24:36.0998 gsmake (runner.lua:46) register taskgroup(resources) :
2016-2-10 17:24:36.0999 gsmake (runner.lua:48) 	from package [github.com/gsmake/golang:snapshot]
2016-2-10 17:24:37.0000 gsmake (runner.lua:46) register taskgroup(compile) :
2016-2-10 17:24:37.0000 gsmake (runner.lua:48) 	from package [github.com/gsmake/golang:snapshot]
2016-2-10 17:24:37.0001 gsmake (runner.lua:46) register taskgroup(test) :
2016-2-10 17:24:37.0002 gsmake (runner.lua:48) 	from package [github.com/gsmake/golang:snapshot]
2016-2-10 17:24:37.0002 gsmake (runner.lua:46) register taskgroup(gopath) :
2016-2-10 17:24:37.0003 gsmake (runner.lua:48) 	from package [github.com/gsmake/golang:snapshot]
2016-2-10 17:24:37.0004 gsmake (runner.lua:46) register taskgroup(gorun) :
2016-2-10 17:24:37.0004 gsmake (runner.lua:48) 	from package [github.com/gsmake/golang:snapshot]
2016-2-10 17:24:37.0005 gsmake (runner.lua:46) register taskgroup(install) :
2016-2-10 17:24:37.0006 gsmake (runner.lua:48) 	from package [github.com/gsmake/golang:snapshot]
2016-2-10 17:24:37.0006 gsmake (runner.lua:126) topshort task(install) from package [github.com/gsmake/golang:snapshot] ;golang package install package
2016-2-10 17:24:37.0007 gsmake (runner.lua:126) topshort task(compile) from package [github.com/gsmake/golang:snapshot] ;golang package compile task
2016-2-10 17:24:37.0008 gsmake (runner.lua:126) topshort task(precompile) from package [github.com/gsmake/golang:snapshot] ;golang precompile task
2016-2-10 17:24:37.0008 gsmake (runner.lua:126) topshort task(resources) from package [github.com/gsmake/golang:snapshot] ;prepare dependencies package
2016-2-10 17:24:37.0009 gsmake (runner.lua:70) invoke task(resources)
2016-2-10 17:24:37.0010 gsmake (runner.lua:73) 	from package [github.com/gsmake/golang:snapshot] ...
2016-2-10 17:24:37.0122 gsmake (runner.lua:86) 	from package [github.com/gsmake/golang:snapshot] -- success
2016-2-10 17:24:37.0123 gsmake (runner.lua:89) invoke task(resources) -- success
2016-2-10 17:24:37.0123 gsmake (runner.lua:70) invoke task(precompile)
2016-2-10 17:24:37.0124 gsmake (runner.lua:73) 	from package [github.com/gsmake/golang:snapshot] ...
2016-2-10 17:24:37.0125 gsmake (runner.lua:86) 	from package [github.com/gsmake/golang:snapshot] -- success
2016-2-10 17:24:37.0126 gsmake (runner.lua:89) invoke task(precompile) -- success
2016-2-10 17:24:37.0126 gsmake (runner.lua:70) invoke task(compile)
2016-2-10 17:24:37.0127 gsmake (runner.lua:73) 	from package [github.com/gsmake/golang:snapshot] ...
2016-2-10 17:24:39.0740 gsmake (runner.lua:86) 	from package [github.com/gsmake/golang:snapshot] -- success
2016-2-10 17:24:39.0741 gsmake (runner.lua:89) invoke task(compile) -- success
2016-2-10 17:24:39.0742 gsmake (runner.lua:70) invoke task(install)
2016-2-10 17:24:39.0742 gsmake (runner.lua:73) 	from package [github.com/gsmake/golang:snapshot] ...
2016-2-10 17:24:39.0759 gsmake (runner.lua:86) 	from package [github.com/gsmake/golang:snapshot] -- success
2016-2-10 17:24:39.0759 gsmake (runner.lua:89) invoke task(install) -- success
2016-2-10 17:24:39.0760 gsmake (runner.lua:86) 	from package [github.com/gsmake/gsrpc:snapshot] -- success
2016-2-10 17:24:39.0761 gsmake (runner.lua:89) invoke task(resources) -- success
2016-2-10 17:24:39.0761 gsmake (runner.lua:70) invoke task(precompile)
2016-2-10 17:24:39.0762 gsmake (runner.lua:73) 	from package [github.com/gsmake/gsrpc:snapshot] ...
2016-2-10 17:24:41.0229 gsmake (runner.lua:86) 	from package [github.com/gsmake/gsrpc:snapshot] -- success
2016-2-10 17:24:41.0230 gsmake (runner.lua:89) invoke task(precompile) -- success
