2016-2-9 17:11:2.0816 gsmake (runner.lua:46) register taskgroup(update) :
2016-2-9 17:11:2.0817 gsmake (runner.lua:48) 	from package [github.com/gsmake/commands:snapshot]
2016-2-9 17:11:2.0818 gsmake (runner.lua:46) register taskgroup(repo) :
2016-2-9 17:11:2.0818 gsmake (runner.lua:48) 	from package [github.com/gsmake/commands:snapshot]
2016-2-9 17:11:2.0819 gsmake (runner.lua:46) register taskgroup(resources) :
2016-2-9 17:11:2.0820 gsmake (runner.lua:48) 	from package [github.com/gsmake/gsrpc:snapshot]
2016-2-9 17:11:2.0820 gsmake (runner.lua:46) register taskgroup(cache) :
2016-2-9 17:11:2.0821 gsmake (runner.lua:48) 	from package [github.com/gsmake/commands:snapshot]
2016-2-9 17:11:2.0822 gsmake (runner.lua:46) register taskgroup(list) :
2016-2-9 17:11:2.0822 gsmake (runner.lua:48) 	from package [github.com/gsmake/commands:snapshot]
2016-2-9 17:11:2.0823 gsmake (runner.lua:46) register taskgroup(precompile) :
2016-2-9 17:11:2.0823 gsmake (runner.lua:48) 	from package [github.com/gsmake/gsrpc:snapshot]
2016-2-9 17:11:2.0824 gsmake (runner.lua:126) topshort task(precompile) from package [github.com/gsmake/gsrpc:snapshot] ;compile the gsrpc files
2016-2-9 17:11:2.0825 gsmake (runner.lua:126) topshort task(resources) from package [github.com/gsmake/gsrpc:snapshot] ;prepare gsrpc compiler
2016-2-9 17:11:2.0826 gsmake (runner.lua:70) invoke task(resources)
2016-2-9 17:11:2.0826 gsmake (runner.lua:73) 	from package [github.com/gsmake/gsrpc:snapshot] ...
2016-2-9 17:11:2.0878 gsmake (runner.lua:46) register taskgroup(compile) :
2016-2-9 17:11:2.0879 gsmake (runner.lua:48) 	from package [github.com/gsmake/golang:snapshot]
2016-2-9 17:11:2.0880 gsmake (runner.lua:46) register taskgroup(gorun) :
2016-2-9 17:11:2.0881 gsmake (runner.lua:48) 	from package [github.com/gsmake/golang:snapshot]
2016-2-9 17:11:2.0881 gsmake (runner.lua:46) register taskgroup(resources) :
2016-2-9 17:11:2.0882 gsmake (runner.lua:48) 	from package [github.com/gsmake/golang:snapshot]
2016-2-9 17:11:2.0883 gsmake (runner.lua:46) register taskgroup(test) :
2016-2-9 17:11:2.0883 gsmake (runner.lua:48) 	from package [github.com/gsmake/golang:snapshot]
2016-2-9 17:11:2.0884 gsmake (runner.lua:46) register taskgroup(gopath) :
2016-2-9 17:11:2.0885 gsmake (runner.lua:48) 	from package [github.com/gsmake/golang:snapshot]
2016-2-9 17:11:2.0885 gsmake (runner.lua:46) register taskgroup(install) :
2016-2-9 17:11:2.0886 gsmake (runner.lua:48) 	from package [github.com/gsmake/golang:snapshot]
2016-2-9 17:11:2.0887 gsmake (runner.lua:46) register taskgroup(precompile) :
2016-2-9 17:11:2.0887 gsmake (runner.lua:48) 	from package [github.com/gsmake/golang:snapshot]
2016-2-9 17:11:2.0888 gsmake (runner.lua:126) topshort task(install) from package [github.com/gsmake/golang:snapshot] ;golang package install package
2016-2-9 17:11:2.0889 gsmake (runner.lua:126) topshort task(compile) from package [github.com/gsmake/golang:snapshot] ;golang package compile task
2016-2-9 17:11:2.0889 gsmake (runner.lua:126) topshort task(precompile) from package [github.com/gsmake/golang:snapshot] ;golang precompile task
2016-2-9 17:11:2.0890 gsmake (runner.lua:126) topshort task(resources) from package [github.com/gsmake/golang:snapshot] ;prepare dependencies package
2016-2-9 17:11:2.0891 gsmake (runner.lua:70) invoke task(resources)
2016-2-9 17:11:2.0892 gsmake (runner.lua:73) 	from package [github.com/gsmake/golang:snapshot] ...
2016-2-9 17:11:2.0997 gsmake (runner.lua:86) 	from package [github.com/gsmake/golang:snapshot] -- success
2016-2-9 17:11:2.0997 gsmake (runner.lua:89) invoke task(resources) -- success
2016-2-9 17:11:2.0998 gsmake (runner.lua:70) invoke task(precompile)
2016-2-9 17:11:2.0999 gsmake (runner.lua:73) 	from package [github.com/gsmake/golang:snapshot] ...
2016-2-9 17:11:3.0000 gsmake (runner.lua:86) 	from package [github.com/gsmake/golang:snapshot] -- success
2016-2-9 17:11:3.0000 gsmake (runner.lua:89) invoke task(precompile) -- success
2016-2-9 17:11:3.0001 gsmake (runner.lua:70) invoke task(compile)
2016-2-9 17:11:3.0002 gsmake (runner.lua:73) 	from package [github.com/gsmake/golang:snapshot] ...
2016-2-9 17:11:5.0615 gsmake (runner.lua:86) 	from package [github.com/gsmake/golang:snapshot] -- success
2016-2-9 17:11:5.0615 gsmake (runner.lua:89) invoke task(compile) -- success
2016-2-9 17:11:5.0616 gsmake (runner.lua:70) invoke task(install)
2016-2-9 17:11:5.0617 gsmake (runner.lua:73) 	from package [github.com/gsmake/golang:snapshot] ...
2016-2-9 17:11:5.0632 gsmake (runner.lua:86) 	from package [github.com/gsmake/golang:snapshot] -- success
2016-2-9 17:11:5.0633 gsmake (runner.lua:89) invoke task(install) -- success
2016-2-9 17:11:5.0633 gsmake (runner.lua:86) 	from package [github.com/gsmake/gsrpc:snapshot] -- success
2016-2-9 17:11:5.0634 gsmake (runner.lua:89) invoke task(resources) -- success
2016-2-9 17:11:5.0634 gsmake (runner.lua:70) invoke task(precompile)
2016-2-9 17:11:5.0635 gsmake (runner.lua:73) 	from package [github.com/gsmake/gsrpc:snapshot] ...
2016-2-9 17:11:6.0606 gsmake (runner.lua:86) 	from package [github.com/gsmake/gsrpc:snapshot] -- success
2016-2-9 17:11:6.0607 gsmake (runner.lua:89) invoke task(precompile) -- success
