2016-2-10 15:20:57.0703 gsmake (runner.lua:46) register taskgroup(list) :
2016-2-10 15:20:57.0703 gsmake (runner.lua:48) 	from package [github.com/gsmake/commands:snapshot]
2016-2-10 15:20:57.0704 gsmake (runner.lua:46) register taskgroup(repo) :
2016-2-10 15:20:57.0705 gsmake (runner.lua:48) 	from package [github.com/gsmake/commands:snapshot]
2016-2-10 15:20:57.0705 gsmake (runner.lua:46) register taskgroup(update) :
2016-2-10 15:20:57.0706 gsmake (runner.lua:48) 	from package [github.com/gsmake/commands:snapshot]
2016-2-10 15:20:57.0706 gsmake (runner.lua:46) register taskgroup(resources) :
2016-2-10 15:20:57.0707 gsmake (runner.lua:48) 	from package [github.com/gsmake/gsrpc:snapshot]
2016-2-10 15:20:57.0708 gsmake (runner.lua:46) register taskgroup(precompile) :
2016-2-10 15:20:57.0708 gsmake (runner.lua:48) 	from package [github.com/gsmake/gsrpc:snapshot]
2016-2-10 15:20:57.0709 gsmake (runner.lua:46) register taskgroup(cache) :
2016-2-10 15:20:57.0710 gsmake (runner.lua:48) 	from package [github.com/gsmake/commands:snapshot]
2016-2-10 15:20:57.0710 gsmake (runner.lua:126) topshort task(precompile) from package [github.com/gsmake/gsrpc:snapshot] ;compile the gsrpc files
2016-2-10 15:20:57.0711 gsmake (runner.lua:126) topshort task(resources) from package [github.com/gsmake/gsrpc:snapshot] ;prepare gsrpc compiler
2016-2-10 15:20:57.0712 gsmake (runner.lua:70) invoke task(resources)
2016-2-10 15:20:57.0713 gsmake (runner.lua:73) 	from package [github.com/gsmake/gsrpc:snapshot] ...
2016-2-10 15:20:57.0765 gsmake (runner.lua:46) register taskgroup(precompile) :
2016-2-10 15:20:57.0766 gsmake (runner.lua:48) 	from package [github.com/gsmake/golang:snapshot]
2016-2-10 15:20:57.0766 gsmake (runner.lua:46) register taskgroup(gopath) :
2016-2-10 15:20:57.0767 gsmake (runner.lua:48) 	from package [github.com/gsmake/golang:snapshot]
2016-2-10 15:20:57.0767 gsmake (runner.lua:46) register taskgroup(gorun) :
2016-2-10 15:20:57.0768 gsmake (runner.lua:48) 	from package [github.com/gsmake/golang:snapshot]
2016-2-10 15:20:57.0769 gsmake (runner.lua:46) register taskgroup(install) :
2016-2-10 15:20:57.0770 gsmake (runner.lua:48) 	from package [github.com/gsmake/golang:snapshot]
2016-2-10 15:20:57.0770 gsmake (runner.lua:46) register taskgroup(test) :
2016-2-10 15:20:57.0771 gsmake (runner.lua:48) 	from package [github.com/gsmake/golang:snapshot]
2016-2-10 15:20:57.0772 gsmake (runner.lua:46) register taskgroup(resources) :
2016-2-10 15:20:57.0772 gsmake (runner.lua:48) 	from package [github.com/gsmake/golang:snapshot]
2016-2-10 15:20:57.0773 gsmake (runner.lua:46) register taskgroup(compile) :
2016-2-10 15:20:57.0773 gsmake (runner.lua:48) 	from package [github.com/gsmake/golang:snapshot]
2016-2-10 15:20:57.0774 gsmake (runner.lua:126) topshort task(install) from package [github.com/gsmake/golang:snapshot] ;golang package install package
2016-2-10 15:20:57.0775 gsmake (runner.lua:126) topshort task(compile) from package [github.com/gsmake/golang:snapshot] ;golang package compile task
2016-2-10 15:20:57.0775 gsmake (runner.lua:126) topshort task(precompile) from package [github.com/gsmake/golang:snapshot] ;golang precompile task
2016-2-10 15:20:57.0776 gsmake (runner.lua:126) topshort task(resources) from package [github.com/gsmake/golang:snapshot] ;prepare dependencies package
2016-2-10 15:20:57.0777 gsmake (runner.lua:70) invoke task(resources)
2016-2-10 15:20:57.0777 gsmake (runner.lua:73) 	from package [github.com/gsmake/golang:snapshot] ...
2016-2-10 15:20:57.0878 gsmake (runner.lua:86) 	from package [github.com/gsmake/golang:snapshot] -- success
2016-2-10 15:20:57.0879 gsmake (runner.lua:89) invoke task(resources) -- success
2016-2-10 15:20:57.0880 gsmake (runner.lua:70) invoke task(precompile)
2016-2-10 15:20:57.0880 gsmake (runner.lua:73) 	from package [github.com/gsmake/golang:snapshot] ...
2016-2-10 15:20:57.0882 gsmake (runner.lua:86) 	from package [github.com/gsmake/golang:snapshot] -- success
2016-2-10 15:20:57.0882 gsmake (runner.lua:89) invoke task(precompile) -- success
2016-2-10 15:20:57.0883 gsmake (runner.lua:70) invoke task(compile)
2016-2-10 15:20:57.0884 gsmake (runner.lua:73) 	from package [github.com/gsmake/golang:snapshot] ...
2016-2-10 15:21:0.0499 gsmake (runner.lua:86) 	from package [github.com/gsmake/golang:snapshot] -- success
2016-2-10 15:21:0.0499 gsmake (runner.lua:89) invoke task(compile) -- success
2016-2-10 15:21:0.0500 gsmake (runner.lua:70) invoke task(install)
2016-2-10 15:21:0.0501 gsmake (runner.lua:73) 	from package [github.com/gsmake/golang:snapshot] ...
2016-2-10 15:21:0.0515 gsmake (runner.lua:86) 	from package [github.com/gsmake/golang:snapshot] -- success
2016-2-10 15:21:0.0515 gsmake (runner.lua:89) invoke task(install) -- success
2016-2-10 15:21:0.0516 gsmake (runner.lua:86) 	from package [github.com/gsmake/gsrpc:snapshot] -- success
2016-2-10 15:21:0.0517 gsmake (runner.lua:89) invoke task(resources) -- success
2016-2-10 15:21:0.0517 gsmake (runner.lua:70) invoke task(precompile)
2016-2-10 15:21:0.0518 gsmake (runner.lua:73) 	from package [github.com/gsmake/gsrpc:snapshot] ...
2016-2-10 15:21:1.0626 gsmake (runner.lua:86) 	from package [github.com/gsmake/gsrpc:snapshot] -- success
2016-2-10 15:21:1.0627 gsmake (runner.lua:89) invoke task(precompile) -- success
