2016-2-9 15:8:1.0529 gsmake (runner.lua:46) register taskgroup(install) :
2016-2-9 15:8:1.0530 gsmake (runner.lua:48) 	from package [github.com/gsmake/lua:snapshot]
2016-2-9 15:8:1.0530 gsmake (runner.lua:126) topshort task(install) from package [github.com/gsmake/lua:snapshot] ;lua bootstrap install task
2016-2-9 15:8:1.0531 gsmake (runner.lua:70) invoke task(install)
2016-2-9 15:8:1.0532 gsmake (runner.lua:73) 	from package [github.com/gsmake/lua:snapshot] ...
2016-2-9 15:8:1.0534 gsmake (.gsmake.lua:14) install path :d:/workspace/gsmake/lib/gsmake/cmd/builtin/.gsmake/gsmake/github.com/gsmake/lua
2016-2-9 15:8:1.0536 gsmake (.gsmake.lua:21) copy
	from:d:/workspace/gsmake/lib/gsmake/plugin/github.com/gsmake/lua/src/plugin/lua
	to:d:/workspace/gsmake/lib/gsmake/cmd/builtin/.gsmake/gsmake/github.com/gsmake/lua/gsmake
2016-2-9 15:8:1.0600 gsmake (runner.lua:86) 	from package [github.com/gsmake/lua:snapshot] -- success
2016-2-9 15:8:1.0601 gsmake (runner.lua:89) invoke task(install) -- success
2016-2-9 15:8:1.0721 gsmake (runner.lua:46) register taskgroup(resources) :
2016-2-9 15:8:1.0723 gsmake (runner.lua:48) 	from package [github.com/gsmake/lua:snapshot]
2016-2-9 15:8:1.0724 gsmake (runner.lua:46) register taskgroup(install) :
2016-2-9 15:8:1.0726 gsmake (runner.lua:48) 	from package [github.com/gsmake/lua:snapshot]
2016-2-9 15:8:1.0727 gsmake (runner.lua:126) topshort task(install) from package [github.com/gsmake/lua:snapshot] ;lua language install task
2016-2-9 15:8:1.0729 gsmake (runner.lua:126) topshort task(resources) from package [github.com/gsmake/lua:snapshot] ;prepare lua project's resources
2016-2-9 15:8:1.0730 gsmake (runner.lua:70) invoke task(resources)
2016-2-9 15:8:1.0732 gsmake (runner.lua:73) 	from package [github.com/gsmake/lua:snapshot] ...
2016-2-9 15:8:1.0734 gsmake (runner.lua:86) 	from package [github.com/gsmake/lua:snapshot] -- success
2016-2-9 15:8:1.0735 gsmake (runner.lua:89) invoke task(resources) -- success
2016-2-9 15:8:1.0736 gsmake (runner.lua:70) invoke task(install)
2016-2-9 15:8:1.0737 gsmake (runner.lua:73) 	from package [github.com/gsmake/lua:snapshot] ...
2016-2-9 15:8:1.0766 gsmake (runner.lua:86) 	from package [github.com/gsmake/lua:snapshot] -- success
2016-2-9 15:8:1.0766 gsmake (runner.lua:89) invoke task(install) -- success
2016-2-9 15:8:1.0893 gsmake (runner.lua:46) register taskgroup(install) :
2016-2-9 15:8:1.0895 gsmake (runner.lua:48) 	from package [github.com/gsmake/lua:snapshot]
2016-2-9 15:8:1.0896 gsmake (runner.lua:126) topshort task(install) from package [github.com/gsmake/lua:snapshot] ;lua bootstrap install task
2016-2-9 15:8:1.0898 gsmake (runner.lua:70) invoke task(install)
2016-2-9 15:8:1.0899 gsmake (runner.lua:73) 	from package [github.com/gsmake/lua:snapshot] ...
2016-2-9 15:8:1.0901 gsmake (.gsmake.lua:14) install path :d:/workspace/gsmake/.repo/git/github.com/gsmake/gsrpc/snapshot/.gsmake/gsmake/github.com/gsmake/lua
2016-2-9 15:8:1.0903 gsmake (.gsmake.lua:21) copy
	from:d:/workspace/gsmake/lib/gsmake/plugin/github.com/gsmake/lua/src/plugin/lua
	to:d:/workspace/gsmake/.repo/git/github.com/gsmake/gsrpc/snapshot/.gsmake/gsmake/github.com/gsmake/lua/gsmake
2016-2-9 15:8:1.0920 gsmake (runner.lua:86) 	from package [github.com/gsmake/lua:snapshot] -- success
2016-2-9 15:8:1.0921 gsmake (runner.lua:89) invoke task(install) -- success
2016-2-9 15:8:2.0035 gsmake (runner.lua:46) register taskgroup(resources) :
2016-2-9 15:8:2.0036 gsmake (runner.lua:48) 	from package [github.com/gsmake/lua:snapshot]
2016-2-9 15:8:2.0037 gsmake (runner.lua:46) register taskgroup(install) :
2016-2-9 15:8:2.0038 gsmake (runner.lua:48) 	from package [github.com/gsmake/lua:snapshot]
2016-2-9 15:8:2.0039 gsmake (runner.lua:126) topshort task(install) from package [github.com/gsmake/lua:snapshot] ;lua language install task
2016-2-9 15:8:2.0040 gsmake (runner.lua:126) topshort task(resources) from package [github.com/gsmake/lua:snapshot] ;prepare lua project's resources
2016-2-9 15:8:2.0040 gsmake (runner.lua:70) invoke task(resources)
2016-2-9 15:8:2.0041 gsmake (runner.lua:73) 	from package [github.com/gsmake/lua:snapshot] ...
2016-2-9 15:8:2.0043 gsmake (runner.lua:86) 	from package [github.com/gsmake/lua:snapshot] -- success
2016-2-9 15:8:2.0044 gsmake (runner.lua:89) invoke task(resources) -- success
2016-2-9 15:8:2.0044 gsmake (runner.lua:70) invoke task(install)
2016-2-9 15:8:2.0045 gsmake (runner.lua:73) 	from package [github.com/gsmake/lua:snapshot] ...
2016-2-9 15:8:2.0057 gsmake (runner.lua:86) 	from package [github.com/gsmake/lua:snapshot] -- success
2016-2-9 15:8:2.0058 gsmake (runner.lua:89) invoke task(install) -- success
2016-2-9 15:8:2.0241 gsmake (runner.lua:46) register taskgroup(update) :
2016-2-9 15:8:2.0242 gsmake (runner.lua:48) 	from package [github.com/gsmake/commands:snapshot]
2016-2-9 15:8:2.0244 gsmake (runner.lua:46) register taskgroup(repo) :
2016-2-9 15:8:2.0245 gsmake (runner.lua:48) 	from package [github.com/gsmake/commands:snapshot]
2016-2-9 15:8:2.0246 gsmake (runner.lua:46) register taskgroup(cache) :
2016-2-9 15:8:2.0248 gsmake (runner.lua:48) 	from package [github.com/gsmake/commands:snapshot]
2016-2-9 15:8:2.0249 gsmake (runner.lua:46) register taskgroup(list) :
2016-2-9 15:8:2.0250 gsmake (runner.lua:48) 	from package [github.com/gsmake/commands:snapshot]
2016-2-9 15:8:2.0252 gsmake (runner.lua:46) register taskgroup(resources) :
2016-2-9 15:8:2.0253 gsmake (runner.lua:48) 	from package [github.com/gsmake/gsrpc:snapshot]
2016-2-9 15:8:2.0255 gsmake (runner.lua:46) register taskgroup(precompile) :
2016-2-9 15:8:2.0256 gsmake (runner.lua:48) 	from package [github.com/gsmake/gsrpc:snapshot]
2016-2-9 15:8:2.0257 gsmake (runner.lua:126) topshort task(resources) from package [github.com/gsmake/gsrpc:snapshot] ;prepare gsrpc compiler
2016-2-9 15:8:2.0259 gsmake (runner.lua:70) invoke task(resources)
2016-2-9 15:8:2.0262 gsmake (runner.lua:73) 	from package [github.com/gsmake/gsrpc:snapshot] ...
2016-2-9 15:8:2.0315 gsmake (runner.lua:46) register taskgroup(install) :
2016-2-9 15:8:2.0315 gsmake (runner.lua:48) 	from package [github.com/gsmake/lua:snapshot]
2016-2-9 15:8:2.0316 gsmake (runner.lua:126) topshort task(install) from package [github.com/gsmake/lua:snapshot] ;lua bootstrap install task
2016-2-9 15:8:2.0317 gsmake (runner.lua:70) invoke task(install)
2016-2-9 15:8:2.0317 gsmake (runner.lua:73) 	from package [github.com/gsmake/lua:snapshot] ...
2016-2-9 15:8:2.0319 gsmake (.gsmake.lua:14) install path :d:/workspace/gsmake/.repo/git/github.com/gsmake/golang/snapshot/.gsmake/gsmake/github.com/gsmake/lua
2016-2-9 15:8:2.0320 gsmake (.gsmake.lua:21) copy
	from:d:/workspace/gsmake/lib/gsmake/plugin/github.com/gsmake/lua/src/plugin/lua
	to:d:/workspace/gsmake/.repo/git/github.com/gsmake/golang/snapshot/.gsmake/gsmake/github.com/gsmake/lua/gsmake
2016-2-9 15:8:2.0326 gsmake (runner.lua:86) 	from package [github.com/gsmake/lua:snapshot] -- success
2016-2-9 15:8:2.0327 gsmake (runner.lua:89) invoke task(install) -- success
2016-2-9 15:8:2.0432 gsmake (runner.lua:46) register taskgroup(resources) :
2016-2-9 15:8:2.0433 gsmake (runner.lua:48) 	from package [github.com/gsmake/lua:snapshot]
2016-2-9 15:8:2.0435 gsmake (runner.lua:46) register taskgroup(install) :
2016-2-9 15:8:2.0436 gsmake (runner.lua:48) 	from package [github.com/gsmake/lua:snapshot]
2016-2-9 15:8:2.0438 gsmake (runner.lua:126) topshort task(install) from package [github.com/gsmake/lua:snapshot] ;lua language install task
2016-2-9 15:8:2.0439 gsmake (runner.lua:126) topshort task(resources) from package [github.com/gsmake/lua:snapshot] ;prepare lua project's resources
2016-2-9 15:8:2.0440 gsmake (runner.lua:70) invoke task(resources)
2016-2-9 15:8:2.0442 gsmake (runner.lua:73) 	from package [github.com/gsmake/lua:snapshot] ...
2016-2-9 15:8:2.0445 gsmake (runner.lua:86) 	from package [github.com/gsmake/lua:snapshot] -- success
2016-2-9 15:8:2.0446 gsmake (runner.lua:89) invoke task(resources) -- success
2016-2-9 15:8:2.0448 gsmake (runner.lua:70) invoke task(install)
2016-2-9 15:8:2.0449 gsmake (runner.lua:73) 	from package [github.com/gsmake/lua:snapshot] ...
2016-2-9 15:8:2.0464 gsmake (runner.lua:86) 	from package [github.com/gsmake/lua:snapshot] -- success
2016-2-9 15:8:2.0465 gsmake (runner.lua:89) invoke task(install) -- success
2016-2-9 15:8:2.0549 gsmake (runner.lua:46) register taskgroup(gorun) :
2016-2-9 15:8:2.0550 gsmake (runner.lua:48) 	from package [github.com/gsmake/golang:snapshot]
2016-2-9 15:8:2.0551 gsmake (runner.lua:46) register taskgroup(compile) :
2016-2-9 15:8:2.0552 gsmake (runner.lua:48) 	from package [github.com/gsmake/golang:snapshot]
2016-2-9 15:8:2.0552 gsmake (runner.lua:46) register taskgroup(install) :
2016-2-9 15:8:2.0553 gsmake (runner.lua:48) 	from package [github.com/gsmake/golang:snapshot]
2016-2-9 15:8:2.0554 gsmake (runner.lua:46) register taskgroup(gopath) :
2016-2-9 15:8:2.0555 gsmake (runner.lua:48) 	from package [github.com/gsmake/golang:snapshot]
2016-2-9 15:8:2.0556 gsmake (runner.lua:46) register taskgroup(precompile) :
2016-2-9 15:8:2.0557 gsmake (runner.lua:48) 	from package [github.com/gsmake/golang:snapshot]
2016-2-9 15:8:2.0557 gsmake (runner.lua:46) register taskgroup(resources) :
2016-2-9 15:8:2.0558 gsmake (runner.lua:48) 	from package [github.com/gsmake/golang:snapshot]
2016-2-9 15:8:2.0559 gsmake (runner.lua:46) register taskgroup(test) :
2016-2-9 15:8:2.0560 gsmake (runner.lua:48) 	from package [github.com/gsmake/golang:snapshot]
2016-2-9 15:8:2.0561 gsmake (runner.lua:126) topshort task(install) from package [github.com/gsmake/golang:snapshot] ;golang package install package
2016-2-9 15:8:2.0562 gsmake (runner.lua:126) topshort task(compile) from package [github.com/gsmake/golang:snapshot] ;golang package compile task
2016-2-9 15:8:2.0563 gsmake (runner.lua:126) topshort task(precompile) from package [github.com/gsmake/golang:snapshot] ;golang precompile task
2016-2-9 15:8:2.0564 gsmake (runner.lua:126) topshort task(resources) from package [github.com/gsmake/golang:snapshot] ;prepare dependencies package
2016-2-9 15:8:2.0564 gsmake (runner.lua:70) invoke task(resources)
2016-2-9 15:8:2.0565 gsmake (runner.lua:73) 	from package [github.com/gsmake/golang:snapshot] ...
2016-2-9 15:8:2.0680 gsmake (runner.lua:86) 	from package [github.com/gsmake/golang:snapshot] -- success
2016-2-9 15:8:2.0681 gsmake (runner.lua:89) invoke task(resources) -- success
2016-2-9 15:8:2.0682 gsmake (runner.lua:70) invoke task(precompile)
2016-2-9 15:8:2.0682 gsmake (runner.lua:73) 	from package [github.com/gsmake/golang:snapshot] ...
2016-2-9 15:8:2.0684 gsmake (runner.lua:86) 	from package [github.com/gsmake/golang:snapshot] -- success
2016-2-9 15:8:2.0684 gsmake (runner.lua:89) invoke task(precompile) -- success
2016-2-9 15:8:2.0685 gsmake (runner.lua:70) invoke task(compile)
2016-2-9 15:8:2.0685 gsmake (runner.lua:73) 	from package [github.com/gsmake/golang:snapshot] ...
2016-2-9 15:8:5.0528 gsmake (runner.lua:86) 	from package [github.com/gsmake/golang:snapshot] -- success
2016-2-9 15:8:5.0528 gsmake (runner.lua:89) invoke task(compile) -- success
2016-2-9 15:8:5.0529 gsmake (runner.lua:70) invoke task(install)
2016-2-9 15:8:5.0530 gsmake (runner.lua:73) 	from package [github.com/gsmake/golang:snapshot] ...
2016-2-9 15:8:5.0541 gsmake (runner.lua:86) 	from package [github.com/gsmake/golang:snapshot] -- success
2016-2-9 15:8:5.0542 gsmake (runner.lua:89) invoke task(install) -- success
2016-2-9 15:8:5.0543 gsmake (runner.lua:86) 	from package [github.com/gsmake/gsrpc:snapshot] -- success
2016-2-9 15:8:5.0543 gsmake (runner.lua:89) invoke task(resources) -- success
