2016-2-10 15:34:4.0285 gsmake (runner.lua:46) register taskgroup(update) :
2016-2-10 15:34:4.0285 gsmake (runner.lua:48) 	from package [github.com/gsmake/commands:snapshot]
2016-2-10 15:34:4.0286 gsmake (runner.lua:46) register taskgroup(list) :
2016-2-10 15:34:4.0286 gsmake (runner.lua:48) 	from package [github.com/gsmake/commands:snapshot]
2016-2-10 15:34:4.0287 gsmake (runner.lua:46) register taskgroup(repo) :
2016-2-10 15:34:4.0288 gsmake (runner.lua:48) 	from package [github.com/gsmake/commands:snapshot]
2016-2-10 15:34:4.0288 gsmake (runner.lua:46) register taskgroup(cache) :
2016-2-10 15:34:4.0289 gsmake (runner.lua:48) 	from package [github.com/gsmake/commands:snapshot]
2016-2-10 15:34:4.0290 gsmake (runner.lua:46) register taskgroup(precompile) :
2016-2-10 15:34:4.0290 gsmake (runner.lua:48) 	from package [github.com/gsmake/gsrpc:snapshot]
2016-2-10 15:34:4.0291 gsmake (runner.lua:46) register taskgroup(resources) :
2016-2-10 15:34:4.0292 gsmake (runner.lua:48) 	from package [github.com/gsmake/gsrpc:snapshot]
2016-2-10 15:34:4.0292 gsmake (runner.lua:126) topshort task(precompile) from package [github.com/gsmake/gsrpc:snapshot] ;compile the gsrpc files
2016-2-10 15:34:4.0293 gsmake (runner.lua:126) topshort task(resources) from package [github.com/gsmake/gsrpc:snapshot] ;prepare gsrpc compiler
2016-2-10 15:34:4.0294 gsmake (runner.lua:70) invoke task(resources)
2016-2-10 15:34:4.0295 gsmake (runner.lua:73) 	from package [github.com/gsmake/gsrpc:snapshot] ...
2016-2-10 15:34:4.0348 gsmake (runner.lua:46) register taskgroup(compile) :
2016-2-10 15:34:4.0348 gsmake (runner.lua:48) 	from package [github.com/gsmake/golang:snapshot]
2016-2-10 15:34:4.0349 gsmake (runner.lua:46) register taskgroup(test) :
2016-2-10 15:34:4.0350 gsmake (runner.lua:48) 	from package [github.com/gsmake/golang:snapshot]
2016-2-10 15:34:4.0350 gsmake (runner.lua:46) register taskgroup(gorun) :
2016-2-10 15:34:4.0351 gsmake (runner.lua:48) 	from package [github.com/gsmake/golang:snapshot]
2016-2-10 15:34:4.0351 gsmake (runner.lua:46) register taskgroup(precompile) :
2016-2-10 15:34:4.0352 gsmake (runner.lua:48) 	from package [github.com/gsmake/golang:snapshot]
2016-2-10 15:34:4.0353 gsmake (runner.lua:46) register taskgroup(install) :
2016-2-10 15:34:4.0354 gsmake (runner.lua:48) 	from package [github.com/gsmake/golang:snapshot]
2016-2-10 15:34:4.0355 gsmake (runner.lua:46) register taskgroup(gopath) :
2016-2-10 15:34:4.0355 gsmake (runner.lua:48) 	from package [github.com/gsmake/golang:snapshot]
2016-2-10 15:34:4.0356 gsmake (runner.lua:46) register taskgroup(resources) :
2016-2-10 15:34:4.0357 gsmake (runner.lua:48) 	from package [github.com/gsmake/golang:snapshot]
2016-2-10 15:34:4.0357 gsmake (runner.lua:126) topshort task(install) from package [github.com/gsmake/golang:snapshot] ;golang package install package
2016-2-10 15:34:4.0358 gsmake (runner.lua:126) topshort task(compile) from package [github.com/gsmake/golang:snapshot] ;golang package compile task
2016-2-10 15:34:4.0359 gsmake (runner.lua:126) topshort task(precompile) from package [github.com/gsmake/golang:snapshot] ;golang precompile task
2016-2-10 15:34:4.0359 gsmake (runner.lua:126) topshort task(resources) from package [github.com/gsmake/golang:snapshot] ;prepare dependencies package
2016-2-10 15:34:4.0360 gsmake (runner.lua:70) invoke task(resources)
2016-2-10 15:34:4.0361 gsmake (runner.lua:73) 	from package [github.com/gsmake/golang:snapshot] ...
2016-2-10 15:34:4.0463 gsmake (runner.lua:86) 	from package [github.com/gsmake/golang:snapshot] -- success
2016-2-10 15:34:4.0464 gsmake (runner.lua:89) invoke task(resources) -- success
2016-2-10 15:34:4.0464 gsmake (runner.lua:70) invoke task(precompile)
2016-2-10 15:34:4.0465 gsmake (runner.lua:73) 	from package [github.com/gsmake/golang:snapshot] ...
2016-2-10 15:34:4.0467 gsmake (runner.lua:86) 	from package [github.com/gsmake/golang:snapshot] -- success
2016-2-10 15:34:4.0467 gsmake (runner.lua:89) invoke task(precompile) -- success
2016-2-10 15:34:4.0468 gsmake (runner.lua:70) invoke task(compile)
2016-2-10 15:34:4.0468 gsmake (runner.lua:73) 	from package [github.com/gsmake/golang:snapshot] ...
2016-2-10 15:34:7.0119 gsmake (runner.lua:86) 	from package [github.com/gsmake/golang:snapshot] -- success
2016-2-10 15:34:7.0120 gsmake (runner.lua:89) invoke task(compile) -- success
2016-2-10 15:34:7.0120 gsmake (runner.lua:70) invoke task(install)
2016-2-10 15:34:7.0121 gsmake (runner.lua:73) 	from package [github.com/gsmake/golang:snapshot] ...
2016-2-10 15:34:7.0136 gsmake (runner.lua:86) 	from package [github.com/gsmake/golang:snapshot] -- success
2016-2-10 15:34:7.0137 gsmake (runner.lua:89) invoke task(install) -- success
2016-2-10 15:34:7.0138 gsmake (runner.lua:86) 	from package [github.com/gsmake/gsrpc:snapshot] -- success
2016-2-10 15:34:7.0138 gsmake (runner.lua:89) invoke task(resources) -- success
2016-2-10 15:34:7.0139 gsmake (runner.lua:70) invoke task(precompile)
2016-2-10 15:34:7.0140 gsmake (runner.lua:73) 	from package [github.com/gsmake/gsrpc:snapshot] ...
2016-2-10 15:34:8.0143 gsmake (runner.lua:86) 	from package [github.com/gsmake/gsrpc:snapshot] -- success
2016-2-10 15:34:8.0146 gsmake (runner.lua:89) invoke task(precompile) -- success
