2016-2-10 14:51:35.0823 gsmake (runner.lua:46) register taskgroup(repo) :
2016-2-10 14:51:35.0823 gsmake (runner.lua:48) 	from package [github.com/gsmake/commands:snapshot]
2016-2-10 14:51:35.0824 gsmake (runner.lua:46) register taskgroup(precompile) :
2016-2-10 14:51:35.0824 gsmake (runner.lua:48) 	from package [github.com/gsmake/gsrpc:snapshot]
2016-2-10 14:51:35.0825 gsmake (runner.lua:46) register taskgroup(list) :
2016-2-10 14:51:35.0825 gsmake (runner.lua:48) 	from package [github.com/gsmake/commands:snapshot]
2016-2-10 14:51:35.0826 gsmake (runner.lua:46) register taskgroup(update) :
2016-2-10 14:51:35.0827 gsmake (runner.lua:48) 	from package [github.com/gsmake/commands:snapshot]
2016-2-10 14:51:35.0827 gsmake (runner.lua:46) register taskgroup(cache) :
2016-2-10 14:51:35.0828 gsmake (runner.lua:48) 	from package [github.com/gsmake/commands:snapshot]
2016-2-10 14:51:35.0829 gsmake (runner.lua:46) register taskgroup(resources) :
2016-2-10 14:51:35.0829 gsmake (runner.lua:48) 	from package [github.com/gsmake/gsrpc:snapshot]
2016-2-10 14:51:35.0830 gsmake (runner.lua:126) topshort task(precompile) from package [github.com/gsmake/gsrpc:snapshot] ;compile the gsrpc files
2016-2-10 14:51:35.0831 gsmake (runner.lua:126) topshort task(resources) from package [github.com/gsmake/gsrpc:snapshot] ;prepare gsrpc compiler
2016-2-10 14:51:35.0831 gsmake (runner.lua:70) invoke task(resources)
2016-2-10 14:51:35.0832 gsmake (runner.lua:73) 	from package [github.com/gsmake/gsrpc:snapshot] ...
2016-2-10 14:51:35.0884 gsmake (runner.lua:46) register taskgroup(compile) :
2016-2-10 14:51:35.0885 gsmake (runner.lua:48) 	from package [github.com/gsmake/golang:snapshot]
2016-2-10 14:51:35.0885 gsmake (runner.lua:46) register taskgroup(gopath) :
2016-2-10 14:51:35.0886 gsmake (runner.lua:48) 	from package [github.com/gsmake/golang:snapshot]
2016-2-10 14:51:35.0887 gsmake (runner.lua:46) register taskgroup(gorun) :
2016-2-10 14:51:35.0888 gsmake (runner.lua:48) 	from package [github.com/gsmake/golang:snapshot]
2016-2-10 14:51:35.0888 gsmake (runner.lua:46) register taskgroup(precompile) :
2016-2-10 14:51:35.0889 gsmake (runner.lua:48) 	from package [github.com/gsmake/golang:snapshot]
2016-2-10 14:51:35.0889 gsmake (runner.lua:46) register taskgroup(resources) :
2016-2-10 14:51:35.0890 gsmake (runner.lua:48) 	from package [github.com/gsmake/golang:snapshot]
2016-2-10 14:51:35.0891 gsmake (runner.lua:46) register taskgroup(install) :
2016-2-10 14:51:35.0891 gsmake (runner.lua:48) 	from package [github.com/gsmake/golang:snapshot]
2016-2-10 14:51:35.0892 gsmake (runner.lua:46) register taskgroup(test) :
2016-2-10 14:51:35.0893 gsmake (runner.lua:48) 	from package [github.com/gsmake/golang:snapshot]
2016-2-10 14:51:35.0893 gsmake (runner.lua:126) topshort task(install) from package [github.com/gsmake/golang:snapshot] ;golang package install package
2016-2-10 14:51:35.0894 gsmake (runner.lua:126) topshort task(compile) from package [github.com/gsmake/golang:snapshot] ;golang package compile task
2016-2-10 14:51:35.0895 gsmake (runner.lua:126) topshort task(precompile) from package [github.com/gsmake/golang:snapshot] ;golang precompile task
2016-2-10 14:51:35.0895 gsmake (runner.lua:126) topshort task(resources) from package [github.com/gsmake/golang:snapshot] ;prepare dependencies package
2016-2-10 14:51:35.0896 gsmake (runner.lua:70) invoke task(resources)
2016-2-10 14:51:35.0896 gsmake (runner.lua:73) 	from package [github.com/gsmake/golang:snapshot] ...
2016-2-10 14:51:35.0999 gsmake (runner.lua:86) 	from package [github.com/gsmake/golang:snapshot] -- success
2016-2-10 14:51:36.0000 gsmake (runner.lua:89) invoke task(resources) -- success
2016-2-10 14:51:36.0001 gsmake (runner.lua:70) invoke task(precompile)
2016-2-10 14:51:36.0002 gsmake (runner.lua:73) 	from package [github.com/gsmake/golang:snapshot] ...
2016-2-10 14:51:36.0003 gsmake (runner.lua:86) 	from package [github.com/gsmake/golang:snapshot] -- success
2016-2-10 14:51:36.0004 gsmake (runner.lua:89) invoke task(precompile) -- success
2016-2-10 14:51:36.0004 gsmake (runner.lua:70) invoke task(compile)
2016-2-10 14:51:36.0005 gsmake (runner.lua:73) 	from package [github.com/gsmake/golang:snapshot] ...
2016-2-10 14:51:38.0790 gsmake (runner.lua:86) 	from package [github.com/gsmake/golang:snapshot] -- success
2016-2-10 14:51:38.0790 gsmake (runner.lua:89) invoke task(compile) -- success
2016-2-10 14:51:38.0791 gsmake (runner.lua:70) invoke task(install)
2016-2-10 14:51:38.0791 gsmake (runner.lua:73) 	from package [github.com/gsmake/golang:snapshot] ...
2016-2-10 14:51:38.0807 gsmake (runner.lua:86) 	from package [github.com/gsmake/golang:snapshot] -- success
2016-2-10 14:51:38.0808 gsmake (runner.lua:89) invoke task(install) -- success
2016-2-10 14:51:38.0809 gsmake (runner.lua:86) 	from package [github.com/gsmake/gsrpc:snapshot] -- success
2016-2-10 14:51:38.0809 gsmake (runner.lua:89) invoke task(resources) -- success
2016-2-10 14:51:38.0810 gsmake (runner.lua:70) invoke task(precompile)
2016-2-10 14:51:38.0811 gsmake (runner.lua:73) 	from package [github.com/gsmake/gsrpc:snapshot] ...
2016-2-10 14:51:39.0929 gsmake (runner.lua:86) 	from package [github.com/gsmake/gsrpc:snapshot] -- success
2016-2-10 14:51:39.0930 gsmake (runner.lua:89) invoke task(precompile) -- success
