2016-2-10 17:7:44.0761 gsmake (runner.lua:46) register taskgroup(resources) :
2016-2-10 17:7:44.0762 gsmake (runner.lua:48) 	from package [github.com/gsmake/gsrpc:snapshot]
2016-2-10 17:7:44.0762 gsmake (runner.lua:46) register taskgroup(repo) :
2016-2-10 17:7:44.0763 gsmake (runner.lua:48) 	from package [github.com/gsmake/commands:snapshot]
2016-2-10 17:7:44.0764 gsmake (runner.lua:46) register taskgroup(precompile) :
2016-2-10 17:7:44.0764 gsmake (runner.lua:48) 	from package [github.com/gsmake/gsrpc:snapshot]
2016-2-10 17:7:44.0765 gsmake (runner.lua:46) register taskgroup(list) :
2016-2-10 17:7:44.0766 gsmake (runner.lua:48) 	from package [github.com/gsmake/commands:snapshot]
2016-2-10 17:7:44.0766 gsmake (runner.lua:46) register taskgroup(update) :
2016-2-10 17:7:44.0767 gsmake (runner.lua:48) 	from package [github.com/gsmake/commands:snapshot]
2016-2-10 17:7:44.0768 gsmake (runner.lua:46) register taskgroup(cache) :
2016-2-10 17:7:44.0768 gsmake (runner.lua:48) 	from package [github.com/gsmake/commands:snapshot]
2016-2-10 17:7:44.0769 gsmake (runner.lua:126) topshort task(precompile) from package [github.com/gsmake/gsrpc:snapshot] ;compile the gsrpc files
2016-2-10 17:7:44.0770 gsmake (runner.lua:126) topshort task(resources) from package [github.com/gsmake/gsrpc:snapshot] ;prepare gsrpc compiler
2016-2-10 17:7:44.0771 gsmake (runner.lua:70) invoke task(resources)
2016-2-10 17:7:44.0771 gsmake (runner.lua:73) 	from package [github.com/gsmake/gsrpc:snapshot] ...
2016-2-10 17:7:44.0825 gsmake (runner.lua:46) register taskgroup(test) :
2016-2-10 17:7:44.0826 gsmake (runner.lua:48) 	from package [github.com/gsmake/golang:snapshot]
2016-2-10 17:7:44.0827 gsmake (runner.lua:46) register taskgroup(resources) :
2016-2-10 17:7:44.0827 gsmake (runner.lua:48) 	from package [github.com/gsmake/golang:snapshot]
2016-2-10 17:7:44.0828 gsmake (runner.lua:46) register taskgroup(compile) :
2016-2-10 17:7:44.0829 gsmake (runner.lua:48) 	from package [github.com/gsmake/golang:snapshot]
2016-2-10 17:7:44.0829 gsmake (runner.lua:46) register taskgroup(install) :
2016-2-10 17:7:44.0830 gsmake (runner.lua:48) 	from package [github.com/gsmake/golang:snapshot]
2016-2-10 17:7:44.0830 gsmake (runner.lua:46) register taskgroup(gopath) :
2016-2-10 17:7:44.0832 gsmake (runner.lua:48) 	from package [github.com/gsmake/golang:snapshot]
2016-2-10 17:7:44.0832 gsmake (runner.lua:46) register taskgroup(precompile) :
2016-2-10 17:7:44.0833 gsmake (runner.lua:48) 	from package [github.com/gsmake/golang:snapshot]
2016-2-10 17:7:44.0834 gsmake (runner.lua:46) register taskgroup(gorun) :
2016-2-10 17:7:44.0834 gsmake (runner.lua:48) 	from package [github.com/gsmake/golang:snapshot]
2016-2-10 17:7:44.0835 gsmake (runner.lua:126) topshort task(install) from package [github.com/gsmake/golang:snapshot] ;golang package install package
2016-2-10 17:7:44.0836 gsmake (runner.lua:126) topshort task(compile) from package [github.com/gsmake/golang:snapshot] ;golang package compile task
2016-2-10 17:7:44.0836 gsmake (runner.lua:126) topshort task(precompile) from package [github.com/gsmake/golang:snapshot] ;golang precompile task
2016-2-10 17:7:44.0837 gsmake (runner.lua:126) topshort task(resources) from package [github.com/gsmake/golang:snapshot] ;prepare dependencies package
2016-2-10 17:7:44.0838 gsmake (runner.lua:70) invoke task(resources)
2016-2-10 17:7:44.0838 gsmake (runner.lua:73) 	from package [github.com/gsmake/golang:snapshot] ...
2016-2-10 17:7:44.0944 gsmake (runner.lua:86) 	from package [github.com/gsmake/golang:snapshot] -- success
2016-2-10 17:7:44.0945 gsmake (runner.lua:89) invoke task(resources) -- success
2016-2-10 17:7:44.0946 gsmake (runner.lua:70) invoke task(precompile)
2016-2-10 17:7:44.0947 gsmake (runner.lua:73) 	from package [github.com/gsmake/golang:snapshot] ...
2016-2-10 17:7:44.0948 gsmake (runner.lua:86) 	from package [github.com/gsmake/golang:snapshot] -- success
2016-2-10 17:7:44.0949 gsmake (runner.lua:89) invoke task(precompile) -- success
2016-2-10 17:7:44.0949 gsmake (runner.lua:70) invoke task(compile)
2016-2-10 17:7:44.0950 gsmake (runner.lua:73) 	from package [github.com/gsmake/golang:snapshot] ...
2016-2-10 17:7:47.0663 gsmake (runner.lua:86) 	from package [github.com/gsmake/golang:snapshot] -- success
2016-2-10 17:7:47.0663 gsmake (runner.lua:89) invoke task(compile) -- success
2016-2-10 17:7:47.0664 gsmake (runner.lua:70) invoke task(install)
2016-2-10 17:7:47.0665 gsmake (runner.lua:73) 	from package [github.com/gsmake/golang:snapshot] ...
2016-2-10 17:7:47.0680 gsmake (runner.lua:86) 	from package [github.com/gsmake/golang:snapshot] -- success
2016-2-10 17:7:47.0681 gsmake (runner.lua:89) invoke task(install) -- success
2016-2-10 17:7:47.0683 gsmake (runner.lua:86) 	from package [github.com/gsmake/gsrpc:snapshot] -- success
2016-2-10 17:7:47.0684 gsmake (runner.lua:89) invoke task(resources) -- success
2016-2-10 17:7:47.0685 gsmake (runner.lua:70) invoke task(precompile)
2016-2-10 17:7:47.0685 gsmake (runner.lua:73) 	from package [github.com/gsmake/gsrpc:snapshot] ...
2016-2-10 17:7:49.0233 gsmake (runner.lua:86) 	from package [github.com/gsmake/gsrpc:snapshot] -- success
2016-2-10 17:7:49.0233 gsmake (runner.lua:89) invoke task(precompile) -- success
