2016-2-10 16:44:23.0756 gsmake (runner.lua:46) register taskgroup(cache) :
2016-2-10 16:44:23.0757 gsmake (runner.lua:48) 	from package [github.com/gsmake/commands:snapshot]
2016-2-10 16:44:23.0758 gsmake (runner.lua:46) register taskgroup(precompile) :
2016-2-10 16:44:23.0758 gsmake (runner.lua:48) 	from package [github.com/gsmake/gsrpc:snapshot]
2016-2-10 16:44:23.0759 gsmake (runner.lua:46) register taskgroup(update) :
2016-2-10 16:44:23.0760 gsmake (runner.lua:48) 	from package [github.com/gsmake/commands:snapshot]
2016-2-10 16:44:23.0760 gsmake (runner.lua:46) register taskgroup(list) :
2016-2-10 16:44:23.0761 gsmake (runner.lua:48) 	from package [github.com/gsmake/commands:snapshot]
2016-2-10 16:44:23.0762 gsmake (runner.lua:46) register taskgroup(resources) :
2016-2-10 16:44:23.0762 gsmake (runner.lua:48) 	from package [github.com/gsmake/gsrpc:snapshot]
2016-2-10 16:44:23.0763 gsmake (runner.lua:46) register taskgroup(repo) :
2016-2-10 16:44:23.0764 gsmake (runner.lua:48) 	from package [github.com/gsmake/commands:snapshot]
2016-2-10 16:44:23.0764 gsmake (runner.lua:126) topshort task(precompile) from package [github.com/gsmake/gsrpc:snapshot] ;compile the gsrpc files
2016-2-10 16:44:23.0765 gsmake (runner.lua:126) topshort task(resources) from package [github.com/gsmake/gsrpc:snapshot] ;prepare gsrpc compiler
2016-2-10 16:44:23.0765 gsmake (runner.lua:70) invoke task(resources)
2016-2-10 16:44:23.0766 gsmake (runner.lua:73) 	from package [github.com/gsmake/gsrpc:snapshot] ...
2016-2-10 16:44:23.0822 gsmake (runner.lua:46) register taskgroup(resources) :
2016-2-10 16:44:23.0823 gsmake (runner.lua:48) 	from package [github.com/gsmake/golang:snapshot]
2016-2-10 16:44:23.0824 gsmake (runner.lua:46) register taskgroup(compile) :
2016-2-10 16:44:23.0824 gsmake (runner.lua:48) 	from package [github.com/gsmake/golang:snapshot]
2016-2-10 16:44:23.0825 gsmake (runner.lua:46) register taskgroup(gorun) :
2016-2-10 16:44:23.0826 gsmake (runner.lua:48) 	from package [github.com/gsmake/golang:snapshot]
2016-2-10 16:44:23.0826 gsmake (runner.lua:46) register taskgroup(gopath) :
2016-2-10 16:44:23.0827 gsmake (runner.lua:48) 	from package [github.com/gsmake/golang:snapshot]
2016-2-10 16:44:23.0827 gsmake (runner.lua:46) register taskgroup(precompile) :
2016-2-10 16:44:23.0828 gsmake (runner.lua:48) 	from package [github.com/gsmake/golang:snapshot]
2016-2-10 16:44:23.0829 gsmake (runner.lua:46) register taskgroup(test) :
2016-2-10 16:44:23.0829 gsmake (runner.lua:48) 	from package [github.com/gsmake/golang:snapshot]
2016-2-10 16:44:23.0830 gsmake (runner.lua:46) register taskgroup(install) :
2016-2-10 16:44:23.0831 gsmake (runner.lua:48) 	from package [github.com/gsmake/golang:snapshot]
2016-2-10 16:44:23.0831 gsmake (runner.lua:126) topshort task(install) from package [github.com/gsmake/golang:snapshot] ;golang package install package
2016-2-10 16:44:23.0832 gsmake (runner.lua:126) topshort task(compile) from package [github.com/gsmake/golang:snapshot] ;golang package compile task
2016-2-10 16:44:23.0833 gsmake (runner.lua:126) topshort task(precompile) from package [github.com/gsmake/golang:snapshot] ;golang precompile task
2016-2-10 16:44:23.0833 gsmake (runner.lua:126) topshort task(resources) from package [github.com/gsmake/golang:snapshot] ;prepare dependencies package
2016-2-10 16:44:23.0834 gsmake (runner.lua:70) invoke task(resources)
2016-2-10 16:44:23.0835 gsmake (runner.lua:73) 	from package [github.com/gsmake/golang:snapshot] ...
2016-2-10 16:44:23.0940 gsmake (runner.lua:86) 	from package [github.com/gsmake/golang:snapshot] -- success
2016-2-10 16:44:23.0941 gsmake (runner.lua:89) invoke task(resources) -- success
2016-2-10 16:44:23.0942 gsmake (runner.lua:70) invoke task(precompile)
2016-2-10 16:44:23.0942 gsmake (runner.lua:73) 	from package [github.com/gsmake/golang:snapshot] ...
2016-2-10 16:44:23.0944 gsmake (runner.lua:86) 	from package [github.com/gsmake/golang:snapshot] -- success
2016-2-10 16:44:23.0944 gsmake (runner.lua:89) invoke task(precompile) -- success
2016-2-10 16:44:23.0945 gsmake (runner.lua:70) invoke task(compile)
2016-2-10 16:44:23.0945 gsmake (runner.lua:73) 	from package [github.com/gsmake/golang:snapshot] ...
2016-2-10 16:44:26.0626 gsmake (runner.lua:86) 	from package [github.com/gsmake/golang:snapshot] -- success
2016-2-10 16:44:26.0626 gsmake (runner.lua:89) invoke task(compile) -- success
2016-2-10 16:44:26.0627 gsmake (runner.lua:70) invoke task(install)
2016-2-10 16:44:26.0628 gsmake (runner.lua:73) 	from package [github.com/gsmake/golang:snapshot] ...
2016-2-10 16:44:26.0642 gsmake (runner.lua:86) 	from package [github.com/gsmake/golang:snapshot] -- success
2016-2-10 16:44:26.0643 gsmake (runner.lua:89) invoke task(install) -- success
2016-2-10 16:44:26.0644 gsmake (runner.lua:86) 	from package [github.com/gsmake/gsrpc:snapshot] -- success
2016-2-10 16:44:26.0644 gsmake (runner.lua:89) invoke task(resources) -- success
2016-2-10 16:44:26.0645 gsmake (runner.lua:70) invoke task(precompile)
2016-2-10 16:44:26.0645 gsmake (runner.lua:73) 	from package [github.com/gsmake/gsrpc:snapshot] ...
2016-2-10 16:44:28.0167 gsmake (runner.lua:86) 	from package [github.com/gsmake/gsrpc:snapshot] -- success
2016-2-10 16:44:28.0167 gsmake (runner.lua:89) invoke task(precompile) -- success
