2016-2-9 16:26:40.0529 gsmake (runner.lua:46) register taskgroup(precompile) :
2016-2-9 16:26:40.0530 gsmake (runner.lua:48) 	from package [github.com/gsmake/gsrpc:snapshot]
2016-2-9 16:26:40.0531 gsmake (runner.lua:46) register taskgroup(cache) :
2016-2-9 16:26:40.0531 gsmake (runner.lua:48) 	from package [github.com/gsmake/commands:snapshot]
2016-2-9 16:26:40.0532 gsmake (runner.lua:46) register taskgroup(update) :
2016-2-9 16:26:40.0533 gsmake (runner.lua:48) 	from package [github.com/gsmake/commands:snapshot]
2016-2-9 16:26:40.0533 gsmake (runner.lua:46) register taskgroup(repo) :
2016-2-9 16:26:40.0534 gsmake (runner.lua:48) 	from package [github.com/gsmake/commands:snapshot]
2016-2-9 16:26:40.0535 gsmake (runner.lua:46) register taskgroup(list) :
2016-2-9 16:26:40.0536 gsmake (runner.lua:48) 	from package [github.com/gsmake/commands:snapshot]
2016-2-9 16:26:40.0537 gsmake (runner.lua:46) register taskgroup(resources) :
2016-2-9 16:26:40.0537 gsmake (runner.lua:48) 	from package [github.com/gsmake/gsrpc:snapshot]
2016-2-9 16:26:40.0538 gsmake (runner.lua:126) topshort task(precompile) from package [github.com/gsmake/gsrpc:snapshot] ;compile the gsrpc files
2016-2-9 16:26:40.0539 gsmake (runner.lua:126) topshort task(resources) from package [github.com/gsmake/gsrpc:snapshot] ;prepare gsrpc compiler
2016-2-9 16:26:40.0539 gsmake (runner.lua:70) invoke task(resources)
2016-2-9 16:26:40.0540 gsmake (runner.lua:73) 	from package [github.com/gsmake/gsrpc:snapshot] ...
2016-2-9 16:26:40.0593 gsmake (runner.lua:46) register taskgroup(gorun) :
2016-2-9 16:26:40.0594 gsmake (runner.lua:48) 	from package [github.com/gsmake/golang:snapshot]
2016-2-9 16:26:40.0595 gsmake (runner.lua:46) register taskgroup(gopath) :
2016-2-9 16:26:40.0595 gsmake (runner.lua:48) 	from package [github.com/gsmake/golang:snapshot]
2016-2-9 16:26:40.0596 gsmake (runner.lua:46) register taskgroup(test) :
2016-2-9 16:26:40.0596 gsmake (runner.lua:48) 	from package [github.com/gsmake/golang:snapshot]
2016-2-9 16:26:40.0597 gsmake (runner.lua:46) register taskgroup(install) :
2016-2-9 16:26:40.0598 gsmake (runner.lua:48) 	from package [github.com/gsmake/golang:snapshot]
2016-2-9 16:26:40.0598 gsmake (runner.lua:46) register taskgroup(resources) :
2016-2-9 16:26:40.0599 gsmake (runner.lua:48) 	from package [github.com/gsmake/golang:snapshot]
2016-2-9 16:26:40.0600 gsmake (runner.lua:46) register taskgroup(precompile) :
2016-2-9 16:26:40.0600 gsmake (runner.lua:48) 	from package [github.com/gsmake/golang:snapshot]
2016-2-9 16:26:40.0601 gsmake (runner.lua:46) register taskgroup(compile) :
2016-2-9 16:26:40.0602 gsmake (runner.lua:48) 	from package [github.com/gsmake/golang:snapshot]
2016-2-9 16:26:40.0602 gsmake (runner.lua:126) topshort task(install) from package [github.com/gsmake/golang:snapshot] ;golang package install package
2016-2-9 16:26:40.0603 gsmake (runner.lua:126) topshort task(compile) from package [github.com/gsmake/golang:snapshot] ;golang package compile task
2016-2-9 16:26:40.0604 gsmake (runner.lua:126) topshort task(precompile) from package [github.com/gsmake/golang:snapshot] ;golang precompile task
2016-2-9 16:26:40.0604 gsmake (runner.lua:126) topshort task(resources) from package [github.com/gsmake/golang:snapshot] ;prepare dependencies package
2016-2-9 16:26:40.0605 gsmake (runner.lua:70) invoke task(resources)
2016-2-9 16:26:40.0606 gsmake (runner.lua:73) 	from package [github.com/gsmake/golang:snapshot] ...
2016-2-9 16:26:40.0707 gsmake (runner.lua:86) 	from package [github.com/gsmake/golang:snapshot] -- success
2016-2-9 16:26:40.0708 gsmake (runner.lua:89) invoke task(resources) -- success
2016-2-9 16:26:40.0708 gsmake (runner.lua:70) invoke task(precompile)
2016-2-9 16:26:40.0709 gsmake (runner.lua:73) 	from package [github.com/gsmake/golang:snapshot] ...
2016-2-9 16:26:40.0710 gsmake (runner.lua:86) 	from package [github.com/gsmake/golang:snapshot] -- success
2016-2-9 16:26:40.0711 gsmake (runner.lua:89) invoke task(precompile) -- success
2016-2-9 16:26:40.0711 gsmake (runner.lua:70) invoke task(compile)
2016-2-9 16:26:40.0712 gsmake (runner.lua:73) 	from package [github.com/gsmake/golang:snapshot] ...
2016-2-9 16:26:43.0258 gsmake (runner.lua:86) 	from package [github.com/gsmake/golang:snapshot] -- success
2016-2-9 16:26:43.0259 gsmake (runner.lua:89) invoke task(compile) -- success
2016-2-9 16:26:43.0259 gsmake (runner.lua:70) invoke task(install)
2016-2-9 16:26:43.0260 gsmake (runner.lua:73) 	from package [github.com/gsmake/golang:snapshot] ...
2016-2-9 16:26:43.0275 gsmake (runner.lua:86) 	from package [github.com/gsmake/golang:snapshot] -- success
2016-2-9 16:26:43.0276 gsmake (runner.lua:89) invoke task(install) -- success
2016-2-9 16:26:43.0277 gsmake (runner.lua:86) 	from package [github.com/gsmake/gsrpc:snapshot] -- success
2016-2-9 16:26:43.0277 gsmake (runner.lua:89) invoke task(resources) -- success
2016-2-9 16:26:43.0278 gsmake (runner.lua:70) invoke task(precompile)
2016-2-9 16:26:43.0278 gsmake (runner.lua:73) 	from package [github.com/gsmake/gsrpc:snapshot] ...
2016-2-9 16:26:44.0306 gsmake (runner.lua:86) 	from package [github.com/gsmake/gsrpc:snapshot] -- success
2016-2-9 16:26:44.0307 gsmake (runner.lua:89) invoke task(precompile) -- success
