2016-2-10 17:1:52.0138 gsmake (runner.lua:46) register taskgroup(cache) :
2016-2-10 17:1:52.0139 gsmake (runner.lua:48) 	from package [github.com/gsmake/commands:snapshot]
2016-2-10 17:1:52.0139 gsmake (runner.lua:46) register taskgroup(list) :
2016-2-10 17:1:52.0140 gsmake (runner.lua:48) 	from package [github.com/gsmake/commands:snapshot]
2016-2-10 17:1:52.0140 gsmake (runner.lua:46) register taskgroup(resources) :
2016-2-10 17:1:52.0141 gsmake (runner.lua:48) 	from package [github.com/gsmake/gsrpc:snapshot]
2016-2-10 17:1:52.0142 gsmake (runner.lua:46) register taskgroup(repo) :
2016-2-10 17:1:52.0142 gsmake (runner.lua:48) 	from package [github.com/gsmake/commands:snapshot]
2016-2-10 17:1:52.0143 gsmake (runner.lua:46) register taskgroup(update) :
2016-2-10 17:1:52.0144 gsmake (runner.lua:48) 	from package [github.com/gsmake/commands:snapshot]
2016-2-10 17:1:52.0144 gsmake (runner.lua:46) register taskgroup(precompile) :
2016-2-10 17:1:52.0145 gsmake (runner.lua:48) 	from package [github.com/gsmake/gsrpc:snapshot]
2016-2-10 17:1:52.0146 gsmake (runner.lua:126) topshort task(precompile) from package [github.com/gsmake/gsrpc:snapshot] ;compile the gsrpc files
2016-2-10 17:1:52.0146 gsmake (runner.lua:126) topshort task(resources) from package [github.com/gsmake/gsrpc:snapshot] ;prepare gsrpc compiler
2016-2-10 17:1:52.0147 gsmake (runner.lua:70) invoke task(resources)
2016-2-10 17:1:52.0148 gsmake (runner.lua:73) 	from package [github.com/gsmake/gsrpc:snapshot] ...
2016-2-10 17:1:52.0204 gsmake (runner.lua:46) register taskgroup(install) :
2016-2-10 17:1:52.0205 gsmake (runner.lua:48) 	from package [github.com/gsmake/golang:snapshot]
2016-2-10 17:1:52.0205 gsmake (runner.lua:46) register taskgroup(gorun) :
2016-2-10 17:1:52.0206 gsmake (runner.lua:48) 	from package [github.com/gsmake/golang:snapshot]
2016-2-10 17:1:52.0206 gsmake (runner.lua:46) register taskgroup(compile) :
2016-2-10 17:1:52.0207 gsmake (runner.lua:48) 	from package [github.com/gsmake/golang:snapshot]
2016-2-10 17:1:52.0208 gsmake (runner.lua:46) register taskgroup(test) :
2016-2-10 17:1:52.0208 gsmake (runner.lua:48) 	from package [github.com/gsmake/golang:snapshot]
2016-2-10 17:1:52.0209 gsmake (runner.lua:46) register taskgroup(resources) :
2016-2-10 17:1:52.0210 gsmake (runner.lua:48) 	from package [github.com/gsmake/golang:snapshot]
2016-2-10 17:1:52.0210 gsmake (runner.lua:46) register taskgroup(gopath) :
2016-2-10 17:1:52.0211 gsmake (runner.lua:48) 	from package [github.com/gsmake/golang:snapshot]
2016-2-10 17:1:52.0212 gsmake (runner.lua:46) register taskgroup(precompile) :
2016-2-10 17:1:52.0212 gsmake (runner.lua:48) 	from package [github.com/gsmake/golang:snapshot]
2016-2-10 17:1:52.0213 gsmake (runner.lua:126) topshort task(install) from package [github.com/gsmake/golang:snapshot] ;golang package install package
2016-2-10 17:1:52.0214 gsmake (runner.lua:126) topshort task(compile) from package [github.com/gsmake/golang:snapshot] ;golang package compile task
2016-2-10 17:1:52.0214 gsmake (runner.lua:126) topshort task(precompile) from package [github.com/gsmake/golang:snapshot] ;golang precompile task
2016-2-10 17:1:52.0215 gsmake (runner.lua:126) topshort task(resources) from package [github.com/gsmake/golang:snapshot] ;prepare dependencies package
2016-2-10 17:1:52.0215 gsmake (runner.lua:70) invoke task(resources)
2016-2-10 17:1:52.0216 gsmake (runner.lua:73) 	from package [github.com/gsmake/golang:snapshot] ...
2016-2-10 17:1:52.0318 gsmake (runner.lua:86) 	from package [github.com/gsmake/golang:snapshot] -- success
2016-2-10 17:1:52.0319 gsmake (runner.lua:89) invoke task(resources) -- success
2016-2-10 17:1:52.0319 gsmake (runner.lua:70) invoke task(precompile)
2016-2-10 17:1:52.0320 gsmake (runner.lua:73) 	from package [github.com/gsmake/golang:snapshot] ...
2016-2-10 17:1:52.0322 gsmake (runner.lua:86) 	from package [github.com/gsmake/golang:snapshot] -- success
2016-2-10 17:1:52.0322 gsmake (runner.lua:89) invoke task(precompile) -- success
2016-2-10 17:1:52.0323 gsmake (runner.lua:70) invoke task(compile)
2016-2-10 17:1:52.0323 gsmake (runner.lua:73) 	from package [github.com/gsmake/golang:snapshot] ...
2016-2-10 17:1:55.0006 gsmake (runner.lua:86) 	from package [github.com/gsmake/golang:snapshot] -- success
2016-2-10 17:1:55.0007 gsmake (runner.lua:89) invoke task(compile) -- success
2016-2-10 17:1:55.0008 gsmake (runner.lua:70) invoke task(install)
2016-2-10 17:1:55.0008 gsmake (runner.lua:73) 	from package [github.com/gsmake/golang:snapshot] ...
2016-2-10 17:1:55.0025 gsmake (runner.lua:86) 	from package [github.com/gsmake/golang:snapshot] -- success
2016-2-10 17:1:55.0026 gsmake (runner.lua:89) invoke task(install) -- success
2016-2-10 17:1:55.0026 gsmake (runner.lua:86) 	from package [github.com/gsmake/gsrpc:snapshot] -- success
2016-2-10 17:1:55.0027 gsmake (runner.lua:89) invoke task(resources) -- success
2016-2-10 17:1:55.0028 gsmake (runner.lua:70) invoke task(precompile)
2016-2-10 17:1:55.0028 gsmake (runner.lua:73) 	from package [github.com/gsmake/gsrpc:snapshot] ...
2016-2-10 17:1:56.0553 gsmake (runner.lua:86) 	from package [github.com/gsmake/gsrpc:snapshot] -- success
2016-2-10 17:1:56.0553 gsmake (runner.lua:89) invoke task(precompile) -- success
