2016-2-9 17:6:26.0153 gsmake (runner.lua:46) register taskgroup(list) :
2016-2-9 17:6:26.0153 gsmake (runner.lua:48) 	from package [github.com/gsmake/commands:snapshot]
2016-2-9 17:6:26.0154 gsmake (runner.lua:46) register taskgroup(precompile) :
2016-2-9 17:6:26.0154 gsmake (runner.lua:48) 	from package [github.com/gsmake/gsrpc:snapshot]
2016-2-9 17:6:26.0155 gsmake (runner.lua:46) register taskgroup(update) :
2016-2-9 17:6:26.0155 gsmake (runner.lua:48) 	from package [github.com/gsmake/commands:snapshot]
2016-2-9 17:6:26.0156 gsmake (runner.lua:46) register taskgroup(cache) :
2016-2-9 17:6:26.0157 gsmake (runner.lua:48) 	from package [github.com/gsmake/commands:snapshot]
2016-2-9 17:6:26.0157 gsmake (runner.lua:46) register taskgroup(repo) :
2016-2-9 17:6:26.0158 gsmake (runner.lua:48) 	from package [github.com/gsmake/commands:snapshot]
2016-2-9 17:6:26.0158 gsmake (runner.lua:46) register taskgroup(resources) :
2016-2-9 17:6:26.0159 gsmake (runner.lua:48) 	from package [github.com/gsmake/gsrpc:snapshot]
2016-2-9 17:6:26.0160 gsmake (runner.lua:126) topshort task(resources) from package [github.com/gsmake/gsrpc:snapshot] ;prepare gsrpc compiler
2016-2-9 17:6:26.0161 gsmake (runner.lua:70) invoke task(resources)
2016-2-9 17:6:26.0161 gsmake (runner.lua:73) 	from package [github.com/gsmake/gsrpc:snapshot] ...
2016-2-9 17:6:26.0235 gsmake (runner.lua:46) register taskgroup(install) :
2016-2-9 17:6:26.0236 gsmake (runner.lua:48) 	from package [github.com/gsmake/golang:snapshot]
2016-2-9 17:6:26.0236 gsmake (runner.lua:46) register taskgroup(precompile) :
2016-2-9 17:6:26.0237 gsmake (runner.lua:48) 	from package [github.com/gsmake/golang:snapshot]
2016-2-9 17:6:26.0237 gsmake (runner.lua:46) register taskgroup(gopath) :
2016-2-9 17:6:26.0238 gsmake (runner.lua:48) 	from package [github.com/gsmake/golang:snapshot]
2016-2-9 17:6:26.0239 gsmake (runner.lua:46) register taskgroup(compile) :
2016-2-9 17:6:26.0239 gsmake (runner.lua:48) 	from package [github.com/gsmake/golang:snapshot]
2016-2-9 17:6:26.0240 gsmake (runner.lua:46) register taskgroup(gorun) :
2016-2-9 17:6:26.0241 gsmake (runner.lua:48) 	from package [github.com/gsmake/golang:snapshot]
2016-2-9 17:6:26.0242 gsmake (runner.lua:46) register taskgroup(resources) :
2016-2-9 17:6:26.0242 gsmake (runner.lua:48) 	from package [github.com/gsmake/golang:snapshot]
2016-2-9 17:6:26.0243 gsmake (runner.lua:46) register taskgroup(test) :
2016-2-9 17:6:26.0243 gsmake (runner.lua:48) 	from package [github.com/gsmake/golang:snapshot]
2016-2-9 17:6:26.0244 gsmake (runner.lua:126) topshort task(install) from package [github.com/gsmake/golang:snapshot] ;golang package install package
2016-2-9 17:6:26.0245 gsmake (runner.lua:126) topshort task(compile) from package [github.com/gsmake/golang:snapshot] ;golang package compile task
2016-2-9 17:6:26.0245 gsmake (runner.lua:126) topshort task(precompile) from package [github.com/gsmake/golang:snapshot] ;golang precompile task
2016-2-9 17:6:26.0246 gsmake (runner.lua:126) topshort task(resources) from package [github.com/gsmake/golang:snapshot] ;prepare dependencies package
2016-2-9 17:6:26.0247 gsmake (runner.lua:70) invoke task(resources)
2016-2-9 17:6:26.0248 gsmake (runner.lua:73) 	from package [github.com/gsmake/golang:snapshot] ...
2016-2-9 17:6:26.0359 gsmake (runner.lua:86) 	from package [github.com/gsmake/golang:snapshot] -- success
2016-2-9 17:6:26.0359 gsmake (runner.lua:89) invoke task(resources) -- success
2016-2-9 17:6:26.0360 gsmake (runner.lua:70) invoke task(precompile)
2016-2-9 17:6:26.0361 gsmake (runner.lua:73) 	from package [github.com/gsmake/golang:snapshot] ...
2016-2-9 17:6:26.0362 gsmake (runner.lua:86) 	from package [github.com/gsmake/golang:snapshot] -- success
2016-2-9 17:6:26.0363 gsmake (runner.lua:89) invoke task(precompile) -- success
2016-2-9 17:6:26.0363 gsmake (runner.lua:70) invoke task(compile)
2016-2-9 17:6:26.0364 gsmake (runner.lua:73) 	from package [github.com/gsmake/golang:snapshot] ...
2016-2-9 17:6:28.0999 gsmake (runner.lua:86) 	from package [github.com/gsmake/golang:snapshot] -- success
2016-2-9 17:6:29.0000 gsmake (runner.lua:89) invoke task(compile) -- success
2016-2-9 17:6:29.0000 gsmake (runner.lua:70) invoke task(install)
2016-2-9 17:6:29.0001 gsmake (runner.lua:73) 	from package [github.com/gsmake/golang:snapshot] ...
2016-2-9 17:6:29.0016 gsmake (runner.lua:86) 	from package [github.com/gsmake/golang:snapshot] -- success
2016-2-9 17:6:29.0017 gsmake (runner.lua:89) invoke task(install) -- success
2016-2-9 17:6:29.0017 gsmake (runner.lua:86) 	from package [github.com/gsmake/gsrpc:snapshot] -- success
2016-2-9 17:6:29.0018 gsmake (runner.lua:89) invoke task(resources) -- success
