2016-2-9 15:10:52.0367 gsmake (runner.lua:46) register taskgroup(list) :
2016-2-9 15:10:52.0368 gsmake (runner.lua:48) 	from package [github.com/gsmake/commands:snapshot]
2016-2-9 15:10:52.0369 gsmake (runner.lua:46) register taskgroup(precompile) :
2016-2-9 15:10:52.0369 gsmake (runner.lua:48) 	from package [github.com/gsmake/gsrpc:snapshot]
2016-2-9 15:10:52.0370 gsmake (runner.lua:46) register taskgroup(update) :
2016-2-9 15:10:52.0370 gsmake (runner.lua:48) 	from package [github.com/gsmake/commands:snapshot]
2016-2-9 15:10:52.0371 gsmake (runner.lua:46) register taskgroup(cache) :
2016-2-9 15:10:52.0372 gsmake (runner.lua:48) 	from package [github.com/gsmake/commands:snapshot]
2016-2-9 15:10:52.0372 gsmake (runner.lua:46) register taskgroup(repo) :
2016-2-9 15:10:52.0373 gsmake (runner.lua:48) 	from package [github.com/gsmake/commands:snapshot]
2016-2-9 15:10:52.0373 gsmake (runner.lua:46) register taskgroup(resources) :
2016-2-9 15:10:52.0374 gsmake (runner.lua:48) 	from package [github.com/gsmake/gsrpc:snapshot]
2016-2-9 15:10:52.0375 gsmake (runner.lua:126) topshort task(precompile) from package [github.com/gsmake/gsrpc:snapshot] ;compile the gsrpc files
2016-2-9 15:10:52.0375 gsmake (runner.lua:126) topshort task(resources) from package [github.com/gsmake/gsrpc:snapshot] ;prepare gsrpc compiler
2016-2-9 15:10:52.0376 gsmake (runner.lua:70) invoke task(resources)
2016-2-9 15:10:52.0377 gsmake (runner.lua:73) 	from package [github.com/gsmake/gsrpc:snapshot] ...
2016-2-9 15:10:52.0431 gsmake (runner.lua:46) register taskgroup(gorun) :
2016-2-9 15:10:52.0432 gsmake (runner.lua:48) 	from package [github.com/gsmake/golang:snapshot]
2016-2-9 15:10:52.0432 gsmake (runner.lua:46) register taskgroup(precompile) :
2016-2-9 15:10:52.0433 gsmake (runner.lua:48) 	from package [github.com/gsmake/golang:snapshot]
2016-2-9 15:10:52.0434 gsmake (runner.lua:46) register taskgroup(resources) :
2016-2-9 15:10:52.0435 gsmake (runner.lua:48) 	from package [github.com/gsmake/golang:snapshot]
2016-2-9 15:10:52.0435 gsmake (runner.lua:46) register taskgroup(install) :
2016-2-9 15:10:52.0436 gsmake (runner.lua:48) 	from package [github.com/gsmake/golang:snapshot]
2016-2-9 15:10:52.0436 gsmake (runner.lua:46) register taskgroup(compile) :
2016-2-9 15:10:52.0437 gsmake (runner.lua:48) 	from package [github.com/gsmake/golang:snapshot]
2016-2-9 15:10:52.0438 gsmake (runner.lua:46) register taskgroup(test) :
2016-2-9 15:10:52.0438 gsmake (runner.lua:48) 	from package [github.com/gsmake/golang:snapshot]
2016-2-9 15:10:52.0439 gsmake (runner.lua:46) register taskgroup(gopath) :
2016-2-9 15:10:52.0440 gsmake (runner.lua:48) 	from package [github.com/gsmake/golang:snapshot]
2016-2-9 15:10:52.0440 gsmake (runner.lua:126) topshort task(install) from package [github.com/gsmake/golang:snapshot] ;golang package install package
2016-2-9 15:10:52.0441 gsmake (runner.lua:126) topshort task(compile) from package [github.com/gsmake/golang:snapshot] ;golang package compile task
2016-2-9 15:10:52.0442 gsmake (runner.lua:126) topshort task(precompile) from package [github.com/gsmake/golang:snapshot] ;golang precompile task
2016-2-9 15:10:52.0443 gsmake (runner.lua:126) topshort task(resources) from package [github.com/gsmake/golang:snapshot] ;prepare dependencies package
2016-2-9 15:10:52.0443 gsmake (runner.lua:70) invoke task(resources)
2016-2-9 15:10:52.0444 gsmake (runner.lua:73) 	from package [github.com/gsmake/golang:snapshot] ...
2016-2-9 15:10:52.0546 gsmake (runner.lua:86) 	from package [github.com/gsmake/golang:snapshot] -- success
2016-2-9 15:10:52.0547 gsmake (runner.lua:89) invoke task(resources) -- success
2016-2-9 15:10:52.0548 gsmake (runner.lua:70) invoke task(precompile)
2016-2-9 15:10:52.0548 gsmake (runner.lua:73) 	from package [github.com/gsmake/golang:snapshot] ...
2016-2-9 15:10:52.0550 gsmake (runner.lua:86) 	from package [github.com/gsmake/golang:snapshot] -- success
2016-2-9 15:10:52.0551 gsmake (runner.lua:89) invoke task(precompile) -- success
2016-2-9 15:10:52.0552 gsmake (runner.lua:70) invoke task(compile)
2016-2-9 15:10:52.0552 gsmake (runner.lua:73) 	from package [github.com/gsmake/golang:snapshot] ...
2016-2-9 15:10:54.0032 gsmake (runner.lua:86) 	from package [github.com/gsmake/gsrpc:snapshot] -- success
2016-2-9 15:10:54.0032 gsmake (runner.lua:89) invoke task(resources) -- success
2016-2-9 15:10:54.0033 gsmake (runner.lua:70) invoke task(precompile)
2016-2-9 15:10:54.0034 gsmake (runner.lua:73) 	from package [github.com/gsmake/gsrpc:snapshot] ...
2016-2-9 15:10:54.0537 console (main.lua:114) run gsmake -- failed !!!!!
