2016-2-9 16:23:24.0438 gsmake (runner.lua:46) register taskgroup(update) :
2016-2-9 16:23:24.0438 gsmake (runner.lua:48) 	from package [github.com/gsmake/commands:snapshot]
2016-2-9 16:23:24.0439 gsmake (runner.lua:46) register taskgroup(resources) :
2016-2-9 16:23:24.0439 gsmake (runner.lua:48) 	from package [github.com/gsmake/gsrpc:snapshot]
2016-2-9 16:23:24.0440 gsmake (runner.lua:46) register taskgroup(cache) :
2016-2-9 16:23:24.0444 gsmake (runner.lua:48) 	from package [github.com/gsmake/commands:snapshot]
2016-2-9 16:23:24.0445 gsmake (runner.lua:46) register taskgroup(precompile) :
2016-2-9 16:23:24.0446 gsmake (runner.lua:48) 	from package [github.com/gsmake/gsrpc:snapshot]
2016-2-9 16:23:24.0446 gsmake (runner.lua:46) register taskgroup(list) :
2016-2-9 16:23:24.0447 gsmake (runner.lua:48) 	from package [github.com/gsmake/commands:snapshot]
2016-2-9 16:23:24.0448 gsmake (runner.lua:46) register taskgroup(repo) :
2016-2-9 16:23:24.0448 gsmake (runner.lua:48) 	from package [github.com/gsmake/commands:snapshot]
2016-2-9 16:23:24.0449 gsmake (runner.lua:126) topshort task(precompile) from package [github.com/gsmake/gsrpc:snapshot] ;compile the gsrpc files
2016-2-9 16:23:24.0450 gsmake (runner.lua:126) topshort task(resources) from package [github.com/gsmake/gsrpc:snapshot] ;prepare gsrpc compiler
2016-2-9 16:23:24.0450 gsmake (runner.lua:70) invoke task(resources)
2016-2-9 16:23:24.0451 gsmake (runner.lua:73) 	from package [github.com/gsmake/gsrpc:snapshot] ...
2016-2-9 16:23:24.0505 gsmake (runner.lua:46) register taskgroup(resources) :
2016-2-9 16:23:24.0506 gsmake (runner.lua:48) 	from package [github.com/gsmake/golang:snapshot]
2016-2-9 16:23:24.0506 gsmake (runner.lua:46) register taskgroup(gopath) :
2016-2-9 16:23:24.0507 gsmake (runner.lua:48) 	from package [github.com/gsmake/golang:snapshot]
2016-2-9 16:23:24.0507 gsmake (runner.lua:46) register taskgroup(install) :
2016-2-9 16:23:24.0508 gsmake (runner.lua:48) 	from package [github.com/gsmake/golang:snapshot]
2016-2-9 16:23:24.0509 gsmake (runner.lua:46) register taskgroup(compile) :
2016-2-9 16:23:24.0509 gsmake (runner.lua:48) 	from package [github.com/gsmake/golang:snapshot]
2016-2-9 16:23:24.0510 gsmake (runner.lua:46) register taskgroup(precompile) :
2016-2-9 16:23:24.0511 gsmake (runner.lua:48) 	from package [github.com/gsmake/golang:snapshot]
2016-2-9 16:23:24.0511 gsmake (runner.lua:46) register taskgroup(test) :
2016-2-9 16:23:24.0512 gsmake (runner.lua:48) 	from package [github.com/gsmake/golang:snapshot]
2016-2-9 16:23:24.0513 gsmake (runner.lua:46) register taskgroup(gorun) :
2016-2-9 16:23:24.0513 gsmake (runner.lua:48) 	from package [github.com/gsmake/golang:snapshot]
2016-2-9 16:23:24.0514 gsmake (runner.lua:126) topshort task(install) from package [github.com/gsmake/golang:snapshot] ;golang package install package
2016-2-9 16:23:24.0515 gsmake (runner.lua:126) topshort task(compile) from package [github.com/gsmake/golang:snapshot] ;golang package compile task
2016-2-9 16:23:24.0516 gsmake (runner.lua:126) topshort task(precompile) from package [github.com/gsmake/golang:snapshot] ;golang precompile task
2016-2-9 16:23:24.0516 gsmake (runner.lua:126) topshort task(resources) from package [github.com/gsmake/golang:snapshot] ;prepare dependencies package
2016-2-9 16:23:24.0517 gsmake (runner.lua:70) invoke task(resources)
2016-2-9 16:23:24.0518 gsmake (runner.lua:73) 	from package [github.com/gsmake/golang:snapshot] ...
2016-2-9 16:23:24.0628 gsmake (runner.lua:86) 	from package [github.com/gsmake/golang:snapshot] -- success
2016-2-9 16:23:24.0629 gsmake (runner.lua:89) invoke task(resources) -- success
2016-2-9 16:23:24.0630 gsmake (runner.lua:70) invoke task(precompile)
2016-2-9 16:23:24.0630 gsmake (runner.lua:73) 	from package [github.com/gsmake/golang:snapshot] ...
2016-2-9 16:23:24.0632 gsmake (runner.lua:86) 	from package [github.com/gsmake/golang:snapshot] -- success
2016-2-9 16:23:24.0632 gsmake (runner.lua:89) invoke task(precompile) -- success
2016-2-9 16:23:24.0633 gsmake (runner.lua:70) invoke task(compile)
2016-2-9 16:23:24.0634 gsmake (runner.lua:73) 	from package [github.com/gsmake/golang:snapshot] ...
2016-2-9 16:23:27.0153 gsmake (runner.lua:86) 	from package [github.com/gsmake/golang:snapshot] -- success
2016-2-9 16:23:27.0154 gsmake (runner.lua:89) invoke task(compile) -- success
2016-2-9 16:23:27.0155 gsmake (runner.lua:70) invoke task(install)
2016-2-9 16:23:27.0155 gsmake (runner.lua:73) 	from package [github.com/gsmake/golang:snapshot] ...
2016-2-9 16:23:27.0172 gsmake (runner.lua:86) 	from package [github.com/gsmake/golang:snapshot] -- success
2016-2-9 16:23:27.0173 gsmake (runner.lua:89) invoke task(install) -- success
2016-2-9 16:23:27.0173 gsmake (runner.lua:86) 	from package [github.com/gsmake/gsrpc:snapshot] -- success
2016-2-9 16:23:27.0174 gsmake (runner.lua:89) invoke task(resources) -- success
2016-2-9 16:23:27.0174 gsmake (runner.lua:70) invoke task(precompile)
2016-2-9 16:23:27.0175 gsmake (runner.lua:73) 	from package [github.com/gsmake/gsrpc:snapshot] ...
2016-2-9 16:23:28.0241 gsmake (runner.lua:86) 	from package [github.com/gsmake/gsrpc:snapshot] -- success
2016-2-9 16:23:28.0241 gsmake (runner.lua:89) invoke task(precompile) -- success
