2016-2-9 15:13:5.0785 gsmake (runner.lua:46) register taskgroup(cache) :
2016-2-9 15:13:5.0786 gsmake (runner.lua:48) 	from package [github.com/gsmake/commands:snapshot]
2016-2-9 15:13:5.0786 gsmake (runner.lua:46) register taskgroup(resources) :
2016-2-9 15:13:5.0787 gsmake (runner.lua:48) 	from package [github.com/gsmake/gsrpc:snapshot]
2016-2-9 15:13:5.0788 gsmake (runner.lua:46) register taskgroup(list) :
2016-2-9 15:13:5.0788 gsmake (runner.lua:48) 	from package [github.com/gsmake/commands:snapshot]
2016-2-9 15:13:5.0789 gsmake (runner.lua:46) register taskgroup(update) :
2016-2-9 15:13:5.0789 gsmake (runner.lua:48) 	from package [github.com/gsmake/commands:snapshot]
2016-2-9 15:13:5.0790 gsmake (runner.lua:46) register taskgroup(repo) :
2016-2-9 15:13:5.0791 gsmake (runner.lua:48) 	from package [github.com/gsmake/commands:snapshot]
2016-2-9 15:13:5.0791 gsmake (runner.lua:46) register taskgroup(precompile) :
2016-2-9 15:13:5.0792 gsmake (runner.lua:48) 	from package [github.com/gsmake/gsrpc:snapshot]
2016-2-9 15:13:5.0793 gsmake (runner.lua:126) topshort task(precompile) from package [github.com/gsmake/gsrpc:snapshot] ;compile the gsrpc files
2016-2-9 15:13:5.0793 gsmake (runner.lua:126) topshort task(resources) from package [github.com/gsmake/gsrpc:snapshot] ;prepare gsrpc compiler
2016-2-9 15:13:5.0794 gsmake (runner.lua:70) invoke task(resources)
2016-2-9 15:13:5.0795 gsmake (runner.lua:73) 	from package [github.com/gsmake/gsrpc:snapshot] ...
2016-2-9 15:13:5.0847 gsmake (runner.lua:46) register taskgroup(precompile) :
2016-2-9 15:13:5.0847 gsmake (runner.lua:48) 	from package [github.com/gsmake/golang:snapshot]
2016-2-9 15:13:5.0848 gsmake (runner.lua:46) register taskgroup(gopath) :
2016-2-9 15:13:5.0849 gsmake (runner.lua:48) 	from package [github.com/gsmake/golang:snapshot]
2016-2-9 15:13:5.0850 gsmake (runner.lua:46) register taskgroup(resources) :
2016-2-9 15:13:5.0850 gsmake (runner.lua:48) 	from package [github.com/gsmake/golang:snapshot]
2016-2-9 15:13:5.0851 gsmake (runner.lua:46) register taskgroup(compile) :
2016-2-9 15:13:5.0851 gsmake (runner.lua:48) 	from package [github.com/gsmake/golang:snapshot]
2016-2-9 15:13:5.0852 gsmake (runner.lua:46) register taskgroup(gorun) :
2016-2-9 15:13:5.0853 gsmake (runner.lua:48) 	from package [github.com/gsmake/golang:snapshot]
2016-2-9 15:13:5.0853 gsmake (runner.lua:46) register taskgroup(test) :
2016-2-9 15:13:5.0854 gsmake (runner.lua:48) 	from package [github.com/gsmake/golang:snapshot]
2016-2-9 15:13:5.0854 gsmake (runner.lua:46) register taskgroup(install) :
2016-2-9 15:13:5.0855 gsmake (runner.lua:48) 	from package [github.com/gsmake/golang:snapshot]
2016-2-9 15:13:5.0856 gsmake (runner.lua:126) topshort task(install) from package [github.com/gsmake/golang:snapshot] ;golang package install package
2016-2-9 15:13:5.0857 gsmake (runner.lua:126) topshort task(compile) from package [github.com/gsmake/golang:snapshot] ;golang package compile task
2016-2-9 15:13:5.0857 gsmake (runner.lua:126) topshort task(precompile) from package [github.com/gsmake/golang:snapshot] ;golang precompile task
2016-2-9 15:13:5.0858 gsmake (runner.lua:126) topshort task(resources) from package [github.com/gsmake/golang:snapshot] ;prepare dependencies package
2016-2-9 15:13:5.0859 gsmake (runner.lua:70) invoke task(resources)
2016-2-9 15:13:5.0859 gsmake (runner.lua:73) 	from package [github.com/gsmake/golang:snapshot] ...
2016-2-9 15:13:5.0962 gsmake (runner.lua:86) 	from package [github.com/gsmake/golang:snapshot] -- success
2016-2-9 15:13:5.0963 gsmake (runner.lua:89) invoke task(resources) -- success
2016-2-9 15:13:5.0963 gsmake (runner.lua:70) invoke task(precompile)
2016-2-9 15:13:5.0964 gsmake (runner.lua:73) 	from package [github.com/gsmake/golang:snapshot] ...
2016-2-9 15:13:5.0966 gsmake (runner.lua:86) 	from package [github.com/gsmake/golang:snapshot] -- success
2016-2-9 15:13:5.0966 gsmake (runner.lua:89) invoke task(precompile) -- success
2016-2-9 15:13:5.0967 gsmake (runner.lua:70) invoke task(compile)
2016-2-9 15:13:5.0967 gsmake (runner.lua:73) 	from package [github.com/gsmake/golang:snapshot] ...
2016-2-9 15:13:8.0404 gsmake (runner.lua:86) 	from package [github.com/gsmake/golang:snapshot] -- success
2016-2-9 15:13:8.0404 gsmake (runner.lua:89) invoke task(compile) -- success
2016-2-9 15:13:8.0405 gsmake (runner.lua:70) invoke task(install)
2016-2-9 15:13:8.0406 gsmake (runner.lua:73) 	from package [github.com/gsmake/golang:snapshot] ...
2016-2-9 15:13:8.0421 gsmake (runner.lua:86) 	from package [github.com/gsmake/golang:snapshot] -- success
2016-2-9 15:13:8.0422 gsmake (runner.lua:89) invoke task(install) -- success
2016-2-9 15:13:8.0423 gsmake (runner.lua:86) 	from package [github.com/gsmake/gsrpc:snapshot] -- success
2016-2-9 15:13:8.0423 gsmake (runner.lua:89) invoke task(resources) -- success
2016-2-9 15:13:8.0424 gsmake (runner.lua:70) invoke task(precompile)
2016-2-9 15:13:8.0424 gsmake (runner.lua:73) 	from package [github.com/gsmake/gsrpc:snapshot] ...
2016-2-9 15:13:9.0435 gsmake (runner.lua:86) 	from package [github.com/gsmake/gsrpc:snapshot] -- success
2016-2-9 15:13:9.0436 gsmake (runner.lua:89) invoke task(precompile) -- success
