2016-2-9 17:39:53.0368 gsmake (runner.lua:46) register taskgroup(resources) :
2016-2-9 17:39:53.0368 gsmake (runner.lua:48) 	from package [github.com/gsmake/gsrpc:snapshot]
2016-2-9 17:39:53.0369 gsmake (runner.lua:46) register taskgroup(list) :
2016-2-9 17:39:53.0369 gsmake (runner.lua:48) 	from package [github.com/gsmake/commands:snapshot]
2016-2-9 17:39:53.0370 gsmake (runner.lua:46) register taskgroup(cache) :
2016-2-9 17:39:53.0371 gsmake (runner.lua:48) 	from package [github.com/gsmake/commands:snapshot]
2016-2-9 17:39:53.0371 gsmake (runner.lua:46) register taskgroup(precompile) :
2016-2-9 17:39:53.0372 gsmake (runner.lua:48) 	from package [github.com/gsmake/gsrpc:snapshot]
2016-2-9 17:39:53.0372 gsmake (runner.lua:46) register taskgroup(update) :
2016-2-9 17:39:53.0373 gsmake (runner.lua:48) 	from package [github.com/gsmake/commands:snapshot]
2016-2-9 17:39:53.0374 gsmake (runner.lua:46) register taskgroup(repo) :
2016-2-9 17:39:53.0374 gsmake (runner.lua:48) 	from package [github.com/gsmake/commands:snapshot]
2016-2-9 17:39:53.0375 gsmake (runner.lua:126) topshort task(precompile) from package [github.com/gsmake/gsrpc:snapshot] ;compile the gsrpc files
2016-2-9 17:39:53.0376 gsmake (runner.lua:126) topshort task(resources) from package [github.com/gsmake/gsrpc:snapshot] ;prepare gsrpc compiler
2016-2-9 17:39:53.0376 gsmake (runner.lua:70) invoke task(resources)
2016-2-9 17:39:53.0377 gsmake (runner.lua:73) 	from package [github.com/gsmake/gsrpc:snapshot] ...
2016-2-9 17:39:53.0430 gsmake (runner.lua:46) register taskgroup(resources) :
2016-2-9 17:39:53.0430 gsmake (runner.lua:48) 	from package [github.com/gsmake/golang:snapshot]
2016-2-9 17:39:53.0431 gsmake (runner.lua:46) register taskgroup(gorun) :
2016-2-9 17:39:53.0432 gsmake (runner.lua:48) 	from package [github.com/gsmake/golang:snapshot]
2016-2-9 17:39:53.0433 gsmake (runner.lua:46) register taskgroup(test) :
2016-2-9 17:39:53.0433 gsmake (runner.lua:48) 	from package [github.com/gsmake/golang:snapshot]
2016-2-9 17:39:53.0434 gsmake (runner.lua:46) register taskgroup(install) :
2016-2-9 17:39:53.0435 gsmake (runner.lua:48) 	from package [github.com/gsmake/golang:snapshot]
2016-2-9 17:39:53.0435 gsmake (runner.lua:46) register taskgroup(gopath) :
2016-2-9 17:39:53.0436 gsmake (runner.lua:48) 	from package [github.com/gsmake/golang:snapshot]
2016-2-9 17:39:53.0436 gsmake (runner.lua:46) register taskgroup(precompile) :
2016-2-9 17:39:53.0437 gsmake (runner.lua:48) 	from package [github.com/gsmake/golang:snapshot]
2016-2-9 17:39:53.0438 gsmake (runner.lua:46) register taskgroup(compile) :
2016-2-9 17:39:53.0438 gsmake (runner.lua:48) 	from package [github.com/gsmake/golang:snapshot]
2016-2-9 17:39:53.0439 gsmake (runner.lua:126) topshort task(install) from package [github.com/gsmake/golang:snapshot] ;golang package install package
2016-2-9 17:39:53.0440 gsmake (runner.lua:126) topshort task(compile) from package [github.com/gsmake/golang:snapshot] ;golang package compile task
2016-2-9 17:39:53.0440 gsmake (runner.lua:126) topshort task(precompile) from package [github.com/gsmake/golang:snapshot] ;golang precompile task
2016-2-9 17:39:53.0441 gsmake (runner.lua:126) topshort task(resources) from package [github.com/gsmake/golang:snapshot] ;prepare dependencies package
2016-2-9 17:39:53.0442 gsmake (runner.lua:70) invoke task(resources)
2016-2-9 17:39:53.0443 gsmake (runner.lua:73) 	from package [github.com/gsmake/golang:snapshot] ...
2016-2-9 17:39:53.0544 gsmake (runner.lua:86) 	from package [github.com/gsmake/golang:snapshot] -- success
2016-2-9 17:39:53.0545 gsmake (runner.lua:89) invoke task(resources) -- success
2016-2-9 17:39:53.0546 gsmake (runner.lua:70) invoke task(precompile)
2016-2-9 17:39:53.0546 gsmake (runner.lua:73) 	from package [github.com/gsmake/golang:snapshot] ...
2016-2-9 17:39:53.0548 gsmake (runner.lua:86) 	from package [github.com/gsmake/golang:snapshot] -- success
2016-2-9 17:39:53.0548 gsmake (runner.lua:89) invoke task(precompile) -- success
2016-2-9 17:39:53.0549 gsmake (runner.lua:70) invoke task(compile)
2016-2-9 17:39:53.0550 gsmake (runner.lua:73) 	from package [github.com/gsmake/golang:snapshot] ...
2016-2-9 17:39:56.0213 gsmake (runner.lua:86) 	from package [github.com/gsmake/golang:snapshot] -- success
2016-2-9 17:39:56.0213 gsmake (runner.lua:89) invoke task(compile) -- success
2016-2-9 17:39:56.0214 gsmake (runner.lua:70) invoke task(install)
2016-2-9 17:39:56.0215 gsmake (runner.lua:73) 	from package [github.com/gsmake/golang:snapshot] ...
2016-2-9 17:39:56.0230 gsmake (runner.lua:86) 	from package [github.com/gsmake/golang:snapshot] -- success
2016-2-9 17:39:56.0230 gsmake (runner.lua:89) invoke task(install) -- success
2016-2-9 17:39:56.0231 gsmake (runner.lua:86) 	from package [github.com/gsmake/gsrpc:snapshot] -- success
2016-2-9 17:39:56.0232 gsmake (runner.lua:89) invoke task(resources) -- success
2016-2-9 17:39:56.0232 gsmake (runner.lua:70) invoke task(precompile)
2016-2-9 17:39:56.0233 gsmake (runner.lua:73) 	from package [github.com/gsmake/gsrpc:snapshot] ...
2016-2-9 17:39:57.0235 gsmake (runner.lua:86) 	from package [github.com/gsmake/gsrpc:snapshot] -- success
2016-2-9 17:39:57.0236 gsmake (runner.lua:89) invoke task(precompile) -- success
