2016-2-9 17:7:12.0470 gsmake (runner.lua:46) register taskgroup(list) :
2016-2-9 17:7:12.0470 gsmake (runner.lua:48) 	from package [github.com/gsmake/commands:snapshot]
2016-2-9 17:7:12.0471 gsmake (runner.lua:46) register taskgroup(resources) :
2016-2-9 17:7:12.0471 gsmake (runner.lua:48) 	from package [github.com/gsmake/gsrpc:snapshot]
2016-2-9 17:7:12.0472 gsmake (runner.lua:46) register taskgroup(precompile) :
2016-2-9 17:7:12.0473 gsmake (runner.lua:48) 	from package [github.com/gsmake/gsrpc:snapshot]
2016-2-9 17:7:12.0473 gsmake (runner.lua:46) register taskgroup(update) :
2016-2-9 17:7:12.0474 gsmake (runner.lua:48) 	from package [github.com/gsmake/commands:snapshot]
2016-2-9 17:7:12.0475 gsmake (runner.lua:46) register taskgroup(repo) :
2016-2-9 17:7:12.0475 gsmake (runner.lua:48) 	from package [github.com/gsmake/commands:snapshot]
2016-2-9 17:7:12.0476 gsmake (runner.lua:46) register taskgroup(cache) :
2016-2-9 17:7:12.0477 gsmake (runner.lua:48) 	from package [github.com/gsmake/commands:snapshot]
2016-2-9 17:7:12.0477 gsmake (runner.lua:126) topshort task(precompile) from package [github.com/gsmake/gsrpc:snapshot] ;compile the gsrpc files
2016-2-9 17:7:12.0478 gsmake (runner.lua:126) topshort task(resources) from package [github.com/gsmake/gsrpc:snapshot] ;prepare gsrpc compiler
2016-2-9 17:7:12.0479 gsmake (runner.lua:70) invoke task(resources)
2016-2-9 17:7:12.0480 gsmake (runner.lua:73) 	from package [github.com/gsmake/gsrpc:snapshot] ...
2016-2-9 17:7:12.0533 gsmake (runner.lua:46) register taskgroup(compile) :
2016-2-9 17:7:12.0533 gsmake (runner.lua:48) 	from package [github.com/gsmake/golang:snapshot]
2016-2-9 17:7:12.0534 gsmake (runner.lua:46) register taskgroup(gorun) :
2016-2-9 17:7:12.0535 gsmake (runner.lua:48) 	from package [github.com/gsmake/golang:snapshot]
2016-2-9 17:7:12.0535 gsmake (runner.lua:46) register taskgroup(gopath) :
2016-2-9 17:7:12.0536 gsmake (runner.lua:48) 	from package [github.com/gsmake/golang:snapshot]
2016-2-9 17:7:12.0537 gsmake (runner.lua:46) register taskgroup(precompile) :
2016-2-9 17:7:12.0538 gsmake (runner.lua:48) 	from package [github.com/gsmake/golang:snapshot]
2016-2-9 17:7:12.0539 gsmake (runner.lua:46) register taskgroup(resources) :
2016-2-9 17:7:12.0539 gsmake (runner.lua:48) 	from package [github.com/gsmake/golang:snapshot]
2016-2-9 17:7:12.0540 gsmake (runner.lua:46) register taskgroup(install) :
2016-2-9 17:7:12.0541 gsmake (runner.lua:48) 	from package [github.com/gsmake/golang:snapshot]
2016-2-9 17:7:12.0541 gsmake (runner.lua:46) register taskgroup(test) :
2016-2-9 17:7:12.0542 gsmake (runner.lua:48) 	from package [github.com/gsmake/golang:snapshot]
2016-2-9 17:7:12.0543 gsmake (runner.lua:126) topshort task(install) from package [github.com/gsmake/golang:snapshot] ;golang package install package
2016-2-9 17:7:12.0543 gsmake (runner.lua:126) topshort task(compile) from package [github.com/gsmake/golang:snapshot] ;golang package compile task
2016-2-9 17:7:12.0544 gsmake (runner.lua:126) topshort task(precompile) from package [github.com/gsmake/golang:snapshot] ;golang precompile task
2016-2-9 17:7:12.0545 gsmake (runner.lua:126) topshort task(resources) from package [github.com/gsmake/golang:snapshot] ;prepare dependencies package
2016-2-9 17:7:12.0545 gsmake (runner.lua:70) invoke task(resources)
2016-2-9 17:7:12.0546 gsmake (runner.lua:73) 	from package [github.com/gsmake/golang:snapshot] ...
2016-2-9 17:7:12.0646 gsmake (runner.lua:86) 	from package [github.com/gsmake/golang:snapshot] -- success
2016-2-9 17:7:12.0646 gsmake (runner.lua:89) invoke task(resources) -- success
2016-2-9 17:7:12.0647 gsmake (runner.lua:70) invoke task(precompile)
2016-2-9 17:7:12.0648 gsmake (runner.lua:73) 	from package [github.com/gsmake/golang:snapshot] ...
2016-2-9 17:7:12.0650 gsmake (runner.lua:86) 	from package [github.com/gsmake/golang:snapshot] -- success
2016-2-9 17:7:12.0651 gsmake (runner.lua:89) invoke task(precompile) -- success
2016-2-9 17:7:12.0652 gsmake (runner.lua:70) invoke task(compile)
2016-2-9 17:7:12.0652 gsmake (runner.lua:73) 	from package [github.com/gsmake/golang:snapshot] ...
2016-2-9 17:7:13.0942 gsmake (runner.lua:86) 	from package [github.com/gsmake/gsrpc:snapshot] -- success
2016-2-9 17:7:13.0943 gsmake (runner.lua:89) invoke task(resources) -- success
2016-2-9 17:7:13.0944 gsmake (runner.lua:70) invoke task(precompile)
2016-2-9 17:7:13.0944 gsmake (runner.lua:73) 	from package [github.com/gsmake/gsrpc:snapshot] ...
2016-2-9 17:7:14.0632 gsmake (runner.lua:86) 	from package [github.com/gsmake/gsrpc:snapshot] -- success
2016-2-9 17:7:14.0633 gsmake (runner.lua:89) invoke task(precompile) -- success
