2016-2-10 14:54:26.0462 gsmake (runner.lua:46) register taskgroup(resources) :
2016-2-10 14:54:26.0463 gsmake (runner.lua:48) 	from package [github.com/gsmake/gsrpc:snapshot]
2016-2-10 14:54:26.0463 gsmake (runner.lua:46) register taskgroup(precompile) :
2016-2-10 14:54:26.0464 gsmake (runner.lua:48) 	from package [github.com/gsmake/gsrpc:snapshot]
2016-2-10 14:54:26.0465 gsmake (runner.lua:46) register taskgroup(repo) :
2016-2-10 14:54:26.0466 gsmake (runner.lua:48) 	from package [github.com/gsmake/commands:snapshot]
2016-2-10 14:54:26.0466 gsmake (runner.lua:46) register taskgroup(list) :
2016-2-10 14:54:26.0467 gsmake (runner.lua:48) 	from package [github.com/gsmake/commands:snapshot]
2016-2-10 14:54:26.0468 gsmake (runner.lua:46) register taskgroup(update) :
2016-2-10 14:54:26.0468 gsmake (runner.lua:48) 	from package [github.com/gsmake/commands:snapshot]
2016-2-10 14:54:26.0469 gsmake (runner.lua:46) register taskgroup(cache) :
2016-2-10 14:54:26.0470 gsmake (runner.lua:48) 	from package [github.com/gsmake/commands:snapshot]
2016-2-10 14:54:26.0471 gsmake (runner.lua:126) topshort task(precompile) from package [github.com/gsmake/gsrpc:snapshot] ;compile the gsrpc files
2016-2-10 14:54:26.0471 gsmake (runner.lua:126) topshort task(resources) from package [github.com/gsmake/gsrpc:snapshot] ;prepare gsrpc compiler
2016-2-10 14:54:26.0472 gsmake (runner.lua:70) invoke task(resources)
2016-2-10 14:54:26.0473 gsmake (runner.lua:73) 	from package [github.com/gsmake/gsrpc:snapshot] ...
2016-2-10 14:54:26.0530 gsmake (runner.lua:46) register taskgroup(resources) :
2016-2-10 14:54:26.0530 gsmake (runner.lua:48) 	from package [github.com/gsmake/golang:snapshot]
2016-2-10 14:54:26.0531 gsmake (runner.lua:46) register taskgroup(test) :
2016-2-10 14:54:26.0532 gsmake (runner.lua:48) 	from package [github.com/gsmake/golang:snapshot]
2016-2-10 14:54:26.0533 gsmake (runner.lua:46) register taskgroup(precompile) :
2016-2-10 14:54:26.0533 gsmake (runner.lua:48) 	from package [github.com/gsmake/golang:snapshot]
2016-2-10 14:54:26.0534 gsmake (runner.lua:46) register taskgroup(compile) :
2016-2-10 14:54:26.0534 gsmake (runner.lua:48) 	from package [github.com/gsmake/golang:snapshot]
2016-2-10 14:54:26.0535 gsmake (runner.lua:46) register taskgroup(install) :
2016-2-10 14:54:26.0536 gsmake (runner.lua:48) 	from package [github.com/gsmake/golang:snapshot]
2016-2-10 14:54:26.0536 gsmake (runner.lua:46) register taskgroup(gorun) :
2016-2-10 14:54:26.0537 gsmake (runner.lua:48) 	from package [github.com/gsmake/golang:snapshot]
2016-2-10 14:54:26.0538 gsmake (runner.lua:46) register taskgroup(gopath) :
2016-2-10 14:54:26.0538 gsmake (runner.lua:48) 	from package [github.com/gsmake/golang:snapshot]
2016-2-10 14:54:26.0539 gsmake (runner.lua:126) topshort task(install) from package [github.com/gsmake/golang:snapshot] ;golang package install package
2016-2-10 14:54:26.0539 gsmake (runner.lua:126) topshort task(compile) from package [github.com/gsmake/golang:snapshot] ;golang package compile task
2016-2-10 14:54:26.0540 gsmake (runner.lua:126) topshort task(precompile) from package [github.com/gsmake/golang:snapshot] ;golang precompile task
2016-2-10 14:54:26.0541 gsmake (runner.lua:126) topshort task(resources) from package [github.com/gsmake/golang:snapshot] ;prepare dependencies package
2016-2-10 14:54:26.0541 gsmake (runner.lua:70) invoke task(resources)
2016-2-10 14:54:26.0542 gsmake (runner.lua:73) 	from package [github.com/gsmake/golang:snapshot] ...
2016-2-10 14:54:26.0651 gsmake (runner.lua:86) 	from package [github.com/gsmake/golang:snapshot] -- success
2016-2-10 14:54:26.0651 gsmake (runner.lua:89) invoke task(resources) -- success
2016-2-10 14:54:26.0652 gsmake (runner.lua:70) invoke task(precompile)
2016-2-10 14:54:26.0653 gsmake (runner.lua:73) 	from package [github.com/gsmake/golang:snapshot] ...
2016-2-10 14:54:26.0654 gsmake (runner.lua:86) 	from package [github.com/gsmake/golang:snapshot] -- success
2016-2-10 14:54:26.0655 gsmake (runner.lua:89) invoke task(precompile) -- success
2016-2-10 14:54:26.0655 gsmake (runner.lua:70) invoke task(compile)
2016-2-10 14:54:26.0656 gsmake (runner.lua:73) 	from package [github.com/gsmake/golang:snapshot] ...
2016-2-10 14:54:29.0367 gsmake (runner.lua:86) 	from package [github.com/gsmake/golang:snapshot] -- success
2016-2-10 14:54:29.0368 gsmake (runner.lua:89) invoke task(compile) -- success
2016-2-10 14:54:29.0369 gsmake (runner.lua:70) invoke task(install)
2016-2-10 14:54:29.0369 gsmake (runner.lua:73) 	from package [github.com/gsmake/golang:snapshot] ...
2016-2-10 14:54:29.0385 gsmake (runner.lua:86) 	from package [github.com/gsmake/golang:snapshot] -- success
2016-2-10 14:54:29.0385 gsmake (runner.lua:89) invoke task(install) -- success
2016-2-10 14:54:29.0386 gsmake (runner.lua:86) 	from package [github.com/gsmake/gsrpc:snapshot] -- success
2016-2-10 14:54:29.0386 gsmake (runner.lua:89) invoke task(resources) -- success
2016-2-10 14:54:29.0387 gsmake (runner.lua:70) invoke task(precompile)
2016-2-10 14:54:29.0388 gsmake (runner.lua:73) 	from package [github.com/gsmake/gsrpc:snapshot] ...
2016-2-10 14:54:30.0366 gsmake (runner.lua:86) 	from package [github.com/gsmake/gsrpc:snapshot] -- success
2016-2-10 14:54:30.0367 gsmake (runner.lua:89) invoke task(precompile) -- success
