2016-2-9 15:8:51.0072 gsmake (runner.lua:46) register taskgroup(precompile) :
2016-2-9 15:8:51.0073 gsmake (runner.lua:48) 	from package [github.com/gsmake/gsrpc:snapshot]
2016-2-9 15:8:51.0074 gsmake (runner.lua:46) register taskgroup(repo) :
2016-2-9 15:8:51.0075 gsmake (runner.lua:48) 	from package [github.com/gsmake/commands:snapshot]
2016-2-9 15:8:51.0075 gsmake (runner.lua:46) register taskgroup(resources) :
2016-2-9 15:8:51.0076 gsmake (runner.lua:48) 	from package [github.com/gsmake/gsrpc:snapshot]
2016-2-9 15:8:51.0076 gsmake (runner.lua:46) register taskgroup(update) :
2016-2-9 15:8:51.0077 gsmake (runner.lua:48) 	from package [github.com/gsmake/commands:snapshot]
2016-2-9 15:8:51.0078 gsmake (runner.lua:46) register taskgroup(cache) :
2016-2-9 15:8:51.0078 gsmake (runner.lua:48) 	from package [github.com/gsmake/commands:snapshot]
2016-2-9 15:8:51.0079 gsmake (runner.lua:46) register taskgroup(list) :
2016-2-9 15:8:51.0080 gsmake (runner.lua:48) 	from package [github.com/gsmake/commands:snapshot]
2016-2-9 15:8:51.0080 gsmake (runner.lua:126) topshort task(precompile) from package [github.com/gsmake/gsrpc:snapshot] ;compile the gsrpc files
2016-2-9 15:8:51.0081 gsmake (runner.lua:126) topshort task(resources) from package [github.com/gsmake/gsrpc:snapshot] ;prepare gsrpc compiler
2016-2-9 15:8:51.0081 gsmake (runner.lua:70) invoke task(resources)
2016-2-9 15:8:51.0082 gsmake (runner.lua:73) 	from package [github.com/gsmake/gsrpc:snapshot] ...
2016-2-9 15:8:51.0134 gsmake (runner.lua:46) register taskgroup(resources) :
2016-2-9 15:8:51.0135 gsmake (runner.lua:48) 	from package [github.com/gsmake/golang:snapshot]
2016-2-9 15:8:51.0135 gsmake (runner.lua:46) register taskgroup(test) :
2016-2-9 15:8:51.0136 gsmake (runner.lua:48) 	from package [github.com/gsmake/golang:snapshot]
2016-2-9 15:8:51.0137 gsmake (runner.lua:46) register taskgroup(compile) :
2016-2-9 15:8:51.0137 gsmake (runner.lua:48) 	from package [github.com/gsmake/golang:snapshot]
2016-2-9 15:8:51.0138 gsmake (runner.lua:46) register taskgroup(precompile) :
2016-2-9 15:8:51.0139 gsmake (runner.lua:48) 	from package [github.com/gsmake/golang:snapshot]
2016-2-9 15:8:51.0139 gsmake (runner.lua:46) register taskgroup(gopath) :
2016-2-9 15:8:51.0140 gsmake (runner.lua:48) 	from package [github.com/gsmake/golang:snapshot]
2016-2-9 15:8:51.0141 gsmake (runner.lua:46) register taskgroup(install) :
2016-2-9 15:8:51.0141 gsmake (runner.lua:48) 	from package [github.com/gsmake/golang:snapshot]
2016-2-9 15:8:51.0142 gsmake (runner.lua:46) register taskgroup(gorun) :
2016-2-9 15:8:51.0142 gsmake (runner.lua:48) 	from package [github.com/gsmake/golang:snapshot]
2016-2-9 15:8:51.0143 gsmake (runner.lua:126) topshort task(install) from package [github.com/gsmake/golang:snapshot] ;golang package install package
2016-2-9 15:8:51.0144 gsmake (runner.lua:126) topshort task(compile) from package [github.com/gsmake/golang:snapshot] ;golang package compile task
2016-2-9 15:8:51.0144 gsmake (runner.lua:126) topshort task(precompile) from package [github.com/gsmake/golang:snapshot] ;golang precompile task
2016-2-9 15:8:51.0145 gsmake (runner.lua:126) topshort task(resources) from package [github.com/gsmake/golang:snapshot] ;prepare dependencies package
2016-2-9 15:8:51.0146 gsmake (runner.lua:70) invoke task(resources)
2016-2-9 15:8:51.0147 gsmake (runner.lua:73) 	from package [github.com/gsmake/golang:snapshot] ...
2016-2-9 15:8:51.0251 gsmake (runner.lua:86) 	from package [github.com/gsmake/golang:snapshot] -- success
2016-2-9 15:8:51.0252 gsmake (runner.lua:89) invoke task(resources) -- success
2016-2-9 15:8:51.0253 gsmake (runner.lua:70) invoke task(precompile)
2016-2-9 15:8:51.0253 gsmake (runner.lua:73) 	from package [github.com/gsmake/golang:snapshot] ...
2016-2-9 15:8:51.0255 gsmake (runner.lua:86) 	from package [github.com/gsmake/golang:snapshot] -- success
2016-2-9 15:8:51.0255 gsmake (runner.lua:89) invoke task(precompile) -- success
2016-2-9 15:8:51.0256 gsmake (runner.lua:70) invoke task(compile)
2016-2-9 15:8:51.0257 gsmake (runner.lua:73) 	from package [github.com/gsmake/golang:snapshot] ...
2016-2-9 15:8:53.0631 gsmake (runner.lua:86) 	from package [github.com/gsmake/golang:snapshot] -- success
2016-2-9 15:8:53.0632 gsmake (runner.lua:89) invoke task(compile) -- success
2016-2-9 15:8:53.0633 gsmake (runner.lua:70) invoke task(install)
2016-2-9 15:8:53.0633 gsmake (runner.lua:73) 	from package [github.com/gsmake/golang:snapshot] ...
2016-2-9 15:8:53.0648 gsmake (runner.lua:86) 	from package [github.com/gsmake/golang:snapshot] -- success
2016-2-9 15:8:53.0648 gsmake (runner.lua:89) invoke task(install) -- success
2016-2-9 15:8:53.0649 gsmake (runner.lua:86) 	from package [github.com/gsmake/gsrpc:snapshot] -- success
2016-2-9 15:8:53.0650 gsmake (runner.lua:89) invoke task(resources) -- success
2016-2-9 15:8:53.0650 gsmake (runner.lua:70) invoke task(precompile)
2016-2-9 15:8:53.0651 gsmake (runner.lua:73) 	from package [github.com/gsmake/gsrpc:snapshot] ...
2016-2-9 15:8:54.0648 console (main.lua:114) run gsmake -- failed !!!!!
