2016-2-9 16:44:5.0483 gsmake (runner.lua:46) register taskgroup(precompile) :
2016-2-9 16:44:5.0484 gsmake (runner.lua:48) 	from package [github.com/gsmake/gsrpc:snapshot]
2016-2-9 16:44:5.0484 gsmake (runner.lua:46) register taskgroup(list) :
2016-2-9 16:44:5.0485 gsmake (runner.lua:48) 	from package [github.com/gsmake/commands:snapshot]
2016-2-9 16:44:5.0485 gsmake (runner.lua:46) register taskgroup(update) :
2016-2-9 16:44:5.0486 gsmake (runner.lua:48) 	from package [github.com/gsmake/commands:snapshot]
2016-2-9 16:44:5.0487 gsmake (runner.lua:46) register taskgroup(cache) :
2016-2-9 16:44:5.0487 gsmake (runner.lua:48) 	from package [github.com/gsmake/commands:snapshot]
2016-2-9 16:44:5.0488 gsmake (runner.lua:46) register taskgroup(repo) :
2016-2-9 16:44:5.0489 gsmake (runner.lua:48) 	from package [github.com/gsmake/commands:snapshot]
2016-2-9 16:44:5.0489 gsmake (runner.lua:46) register taskgroup(resources) :
2016-2-9 16:44:5.0490 gsmake (runner.lua:48) 	from package [github.com/gsmake/gsrpc:snapshot]
2016-2-9 16:44:5.0490 gsmake (runner.lua:126) topshort task(precompile) from package [github.com/gsmake/gsrpc:snapshot] ;compile the gsrpc files
2016-2-9 16:44:5.0491 gsmake (runner.lua:126) topshort task(resources) from package [github.com/gsmake/gsrpc:snapshot] ;prepare gsrpc compiler
2016-2-9 16:44:5.0492 gsmake (runner.lua:70) invoke task(resources)
2016-2-9 16:44:5.0492 gsmake (runner.lua:73) 	from package [github.com/gsmake/gsrpc:snapshot] ...
2016-2-9 16:44:5.0547 gsmake (runner.lua:46) register taskgroup(precompile) :
2016-2-9 16:44:5.0548 gsmake (runner.lua:48) 	from package [github.com/gsmake/golang:snapshot]
2016-2-9 16:44:5.0549 gsmake (runner.lua:46) register taskgroup(resources) :
2016-2-9 16:44:5.0549 gsmake (runner.lua:48) 	from package [github.com/gsmake/golang:snapshot]
2016-2-9 16:44:5.0550 gsmake (runner.lua:46) register taskgroup(compile) :
2016-2-9 16:44:5.0551 gsmake (runner.lua:48) 	from package [github.com/gsmake/golang:snapshot]
2016-2-9 16:44:5.0552 gsmake (runner.lua:46) register taskgroup(test) :
2016-2-9 16:44:5.0552 gsmake (runner.lua:48) 	from package [github.com/gsmake/golang:snapshot]
2016-2-9 16:44:5.0553 gsmake (runner.lua:46) register taskgroup(gopath) :
2016-2-9 16:44:5.0554 gsmake (runner.lua:48) 	from package [github.com/gsmake/golang:snapshot]
2016-2-9 16:44:5.0554 gsmake (runner.lua:46) register taskgroup(gorun) :
2016-2-9 16:44:5.0555 gsmake (runner.lua:48) 	from package [github.com/gsmake/golang:snapshot]
2016-2-9 16:44:5.0555 gsmake (runner.lua:46) register taskgroup(install) :
2016-2-9 16:44:5.0556 gsmake (runner.lua:48) 	from package [github.com/gsmake/golang:snapshot]
2016-2-9 16:44:5.0557 gsmake (runner.lua:126) topshort task(install) from package [github.com/gsmake/golang:snapshot] ;golang package install package
2016-2-9 16:44:5.0557 gsmake (runner.lua:126) topshort task(compile) from package [github.com/gsmake/golang:snapshot] ;golang package compile task
2016-2-9 16:44:5.0558 gsmake (runner.lua:126) topshort task(precompile) from package [github.com/gsmake/golang:snapshot] ;golang precompile task
2016-2-9 16:44:5.0559 gsmake (runner.lua:126) topshort task(resources) from package [github.com/gsmake/golang:snapshot] ;prepare dependencies package
2016-2-9 16:44:5.0559 gsmake (runner.lua:70) invoke task(resources)
2016-2-9 16:44:5.0560 gsmake (runner.lua:73) 	from package [github.com/gsmake/golang:snapshot] ...
2016-2-9 16:44:5.0663 gsmake (runner.lua:86) 	from package [github.com/gsmake/golang:snapshot] -- success
2016-2-9 16:44:5.0664 gsmake (runner.lua:89) invoke task(resources) -- success
2016-2-9 16:44:5.0665 gsmake (runner.lua:70) invoke task(precompile)
2016-2-9 16:44:5.0665 gsmake (runner.lua:73) 	from package [github.com/gsmake/golang:snapshot] ...
2016-2-9 16:44:5.0667 gsmake (runner.lua:86) 	from package [github.com/gsmake/golang:snapshot] -- success
2016-2-9 16:44:5.0668 gsmake (runner.lua:89) invoke task(precompile) -- success
2016-2-9 16:44:5.0668 gsmake (runner.lua:70) invoke task(compile)
2016-2-9 16:44:5.0669 gsmake (runner.lua:73) 	from package [github.com/gsmake/golang:snapshot] ...
2016-2-9 16:44:8.0351 gsmake (runner.lua:86) 	from package [github.com/gsmake/golang:snapshot] -- success
2016-2-9 16:44:8.0351 gsmake (runner.lua:89) invoke task(compile) -- success
2016-2-9 16:44:8.0352 gsmake (runner.lua:70) invoke task(install)
2016-2-9 16:44:8.0353 gsmake (runner.lua:73) 	from package [github.com/gsmake/golang:snapshot] ...
2016-2-9 16:44:8.0367 gsmake (runner.lua:86) 	from package [github.com/gsmake/golang:snapshot] -- success
2016-2-9 16:44:8.0368 gsmake (runner.lua:89) invoke task(install) -- success
2016-2-9 16:44:8.0368 gsmake (runner.lua:86) 	from package [github.com/gsmake/gsrpc:snapshot] -- success
2016-2-9 16:44:8.0369 gsmake (runner.lua:89) invoke task(resources) -- success
2016-2-9 16:44:8.0370 gsmake (runner.lua:70) invoke task(precompile)
2016-2-9 16:44:8.0371 gsmake (runner.lua:73) 	from package [github.com/gsmake/gsrpc:snapshot] ...
2016-2-9 16:44:9.0445 gsmake (runner.lua:86) 	from package [github.com/gsmake/gsrpc:snapshot] -- success
2016-2-9 16:44:9.0445 gsmake (runner.lua:89) invoke task(precompile) -- success
