2016-2-9 17:45:8.0567 gsmake (runner.lua:46) register taskgroup(update) :
2016-2-9 17:45:8.0567 gsmake (runner.lua:48) 	from package [github.com/gsmake/commands:snapshot]
2016-2-9 17:45:8.0568 gsmake (runner.lua:46) register taskgroup(list) :
2016-2-9 17:45:8.0568 gsmake (runner.lua:48) 	from package [github.com/gsmake/commands:snapshot]
2016-2-9 17:45:8.0569 gsmake (runner.lua:46) register taskgroup(repo) :
2016-2-9 17:45:8.0570 gsmake (runner.lua:48) 	from package [github.com/gsmake/commands:snapshot]
2016-2-9 17:45:8.0570 gsmake (runner.lua:46) register taskgroup(precompile) :
2016-2-9 17:45:8.0571 gsmake (runner.lua:48) 	from package [github.com/gsmake/gsrpc:snapshot]
2016-2-9 17:45:8.0572 gsmake (runner.lua:46) register taskgroup(resources) :
2016-2-9 17:45:8.0572 gsmake (runner.lua:48) 	from package [github.com/gsmake/gsrpc:snapshot]
2016-2-9 17:45:8.0573 gsmake (runner.lua:46) register taskgroup(cache) :
2016-2-9 17:45:8.0573 gsmake (runner.lua:48) 	from package [github.com/gsmake/commands:snapshot]
2016-2-9 17:45:8.0574 gsmake (runner.lua:126) topshort task(precompile) from package [github.com/gsmake/gsrpc:snapshot] ;compile the gsrpc files
2016-2-9 17:45:8.0575 gsmake (runner.lua:126) topshort task(resources) from package [github.com/gsmake/gsrpc:snapshot] ;prepare gsrpc compiler
2016-2-9 17:45:8.0575 gsmake (runner.lua:70) invoke task(resources)
2016-2-9 17:45:8.0576 gsmake (runner.lua:73) 	from package [github.com/gsmake/gsrpc:snapshot] ...
2016-2-9 17:45:8.0628 gsmake (runner.lua:46) register taskgroup(compile) :
2016-2-9 17:45:8.0629 gsmake (runner.lua:48) 	from package [github.com/gsmake/golang:snapshot]
2016-2-9 17:45:8.0630 gsmake (runner.lua:46) register taskgroup(gorun) :
2016-2-9 17:45:8.0630 gsmake (runner.lua:48) 	from package [github.com/gsmake/golang:snapshot]
2016-2-9 17:45:8.0631 gsmake (runner.lua:46) register taskgroup(install) :
2016-2-9 17:45:8.0632 gsmake (runner.lua:48) 	from package [github.com/gsmake/golang:snapshot]
2016-2-9 17:45:8.0632 gsmake (runner.lua:46) register taskgroup(precompile) :
2016-2-9 17:45:8.0633 gsmake (runner.lua:48) 	from package [github.com/gsmake/golang:snapshot]
2016-2-9 17:45:8.0634 gsmake (runner.lua:46) register taskgroup(resources) :
2016-2-9 17:45:8.0635 gsmake (runner.lua:48) 	from package [github.com/gsmake/golang:snapshot]
2016-2-9 17:45:8.0635 gsmake (runner.lua:46) register taskgroup(gopath) :
2016-2-9 17:45:8.0636 gsmake (runner.lua:48) 	from package [github.com/gsmake/golang:snapshot]
2016-2-9 17:45:8.0636 gsmake (runner.lua:46) register taskgroup(test) :
2016-2-9 17:45:8.0637 gsmake (runner.lua:48) 	from package [github.com/gsmake/golang:snapshot]
2016-2-9 17:45:8.0638 gsmake (runner.lua:126) topshort task(install) from package [github.com/gsmake/golang:snapshot] ;golang package install package
2016-2-9 17:45:8.0639 gsmake (runner.lua:126) topshort task(compile) from package [github.com/gsmake/golang:snapshot] ;golang package compile task
2016-2-9 17:45:8.0639 gsmake (runner.lua:126) topshort task(precompile) from package [github.com/gsmake/golang:snapshot] ;golang precompile task
2016-2-9 17:45:8.0640 gsmake (runner.lua:126) topshort task(resources) from package [github.com/gsmake/golang:snapshot] ;prepare dependencies package
2016-2-9 17:45:8.0640 gsmake (runner.lua:70) invoke task(resources)
2016-2-9 17:45:8.0641 gsmake (runner.lua:73) 	from package [github.com/gsmake/golang:snapshot] ...
2016-2-9 17:45:8.0745 gsmake (runner.lua:86) 	from package [github.com/gsmake/golang:snapshot] -- success
2016-2-9 17:45:8.0746 gsmake (runner.lua:89) invoke task(resources) -- success
2016-2-9 17:45:8.0746 gsmake (runner.lua:70) invoke task(precompile)
2016-2-9 17:45:8.0747 gsmake (runner.lua:73) 	from package [github.com/gsmake/golang:snapshot] ...
2016-2-9 17:45:8.0748 gsmake (runner.lua:86) 	from package [github.com/gsmake/golang:snapshot] -- success
2016-2-9 17:45:8.0749 gsmake (runner.lua:89) invoke task(precompile) -- success
2016-2-9 17:45:8.0750 gsmake (runner.lua:70) invoke task(compile)
2016-2-9 17:45:8.0750 gsmake (runner.lua:73) 	from package [github.com/gsmake/golang:snapshot] ...
2016-2-9 17:45:11.0378 gsmake (runner.lua:86) 	from package [github.com/gsmake/golang:snapshot] -- success
2016-2-9 17:45:11.0379 gsmake (runner.lua:89) invoke task(compile) -- success
2016-2-9 17:45:11.0379 gsmake (runner.lua:70) invoke task(install)
2016-2-9 17:45:11.0380 gsmake (runner.lua:73) 	from package [github.com/gsmake/golang:snapshot] ...
2016-2-9 17:45:11.0397 gsmake (runner.lua:86) 	from package [github.com/gsmake/golang:snapshot] -- success
2016-2-9 17:45:11.0397 gsmake (runner.lua:89) invoke task(install) -- success
2016-2-9 17:45:11.0398 gsmake (runner.lua:86) 	from package [github.com/gsmake/gsrpc:snapshot] -- success
2016-2-9 17:45:11.0399 gsmake (runner.lua:89) invoke task(resources) -- success
2016-2-9 17:45:11.0399 gsmake (runner.lua:70) invoke task(precompile)
2016-2-9 17:45:11.0400 gsmake (runner.lua:73) 	from package [github.com/gsmake/gsrpc:snapshot] ...
2016-2-9 17:45:12.0401 gsmake (runner.lua:86) 	from package [github.com/gsmake/gsrpc:snapshot] -- success
2016-2-9 17:45:12.0402 gsmake (runner.lua:89) invoke task(precompile) -- success
