2016-2-9 18:8:17.0486 gsmake (runner.lua:46) register taskgroup(repo) :
2016-2-9 18:8:17.0486 gsmake (runner.lua:48) 	from package [github.com/gsmake/commands:snapshot]
2016-2-9 18:8:17.0487 gsmake (runner.lua:46) register taskgroup(resources) :
2016-2-9 18:8:17.0487 gsmake (runner.lua:48) 	from package [github.com/gsmake/gsrpc:snapshot]
2016-2-9 18:8:17.0488 gsmake (runner.lua:46) register taskgroup(update) :
2016-2-9 18:8:17.0489 gsmake (runner.lua:48) 	from package [github.com/gsmake/commands:snapshot]
2016-2-9 18:8:17.0489 gsmake (runner.lua:46) register taskgroup(precompile) :
2016-2-9 18:8:17.0490 gsmake (runner.lua:48) 	from package [github.com/gsmake/gsrpc:snapshot]
2016-2-9 18:8:17.0491 gsmake (runner.lua:46) register taskgroup(list) :
2016-2-9 18:8:17.0491 gsmake (runner.lua:48) 	from package [github.com/gsmake/commands:snapshot]
2016-2-9 18:8:17.0492 gsmake (runner.lua:46) register taskgroup(cache) :
2016-2-9 18:8:17.0492 gsmake (runner.lua:48) 	from package [github.com/gsmake/commands:snapshot]
2016-2-9 18:8:17.0493 gsmake (runner.lua:126) topshort task(precompile) from package [github.com/gsmake/gsrpc:snapshot] ;compile the gsrpc files
2016-2-9 18:8:17.0494 gsmake (runner.lua:126) topshort task(resources) from package [github.com/gsmake/gsrpc:snapshot] ;prepare gsrpc compiler
2016-2-9 18:8:17.0494 gsmake (runner.lua:70) invoke task(resources)
2016-2-9 18:8:17.0495 gsmake (runner.lua:73) 	from package [github.com/gsmake/gsrpc:snapshot] ...
2016-2-9 18:8:17.0548 gsmake (runner.lua:46) register taskgroup(compile) :
2016-2-9 18:8:17.0549 gsmake (runner.lua:48) 	from package [github.com/gsmake/golang:snapshot]
2016-2-9 18:8:17.0550 gsmake (runner.lua:46) register taskgroup(resources) :
2016-2-9 18:8:17.0550 gsmake (runner.lua:48) 	from package [github.com/gsmake/golang:snapshot]
2016-2-9 18:8:17.0551 gsmake (runner.lua:46) register taskgroup(test) :
2016-2-9 18:8:17.0552 gsmake (runner.lua:48) 	from package [github.com/gsmake/golang:snapshot]
2016-2-9 18:8:17.0552 gsmake (runner.lua:46) register taskgroup(install) :
2016-2-9 18:8:17.0553 gsmake (runner.lua:48) 	from package [github.com/gsmake/golang:snapshot]
2016-2-9 18:8:17.0553 gsmake (runner.lua:46) register taskgroup(gorun) :
2016-2-9 18:8:17.0554 gsmake (runner.lua:48) 	from package [github.com/gsmake/golang:snapshot]
2016-2-9 18:8:17.0555 gsmake (runner.lua:46) register taskgroup(precompile) :
2016-2-9 18:8:17.0555 gsmake (runner.lua:48) 	from package [github.com/gsmake/golang:snapshot]
2016-2-9 18:8:17.0556 gsmake (runner.lua:46) register taskgroup(gopath) :
2016-2-9 18:8:17.0557 gsmake (runner.lua:48) 	from package [github.com/gsmake/golang:snapshot]
2016-2-9 18:8:17.0557 gsmake (runner.lua:126) topshort task(install) from package [github.com/gsmake/golang:snapshot] ;golang package install package
2016-2-9 18:8:17.0558 gsmake (runner.lua:126) topshort task(compile) from package [github.com/gsmake/golang:snapshot] ;golang package compile task
2016-2-9 18:8:17.0559 gsmake (runner.lua:126) topshort task(precompile) from package [github.com/gsmake/golang:snapshot] ;golang precompile task
2016-2-9 18:8:17.0559 gsmake (runner.lua:126) topshort task(resources) from package [github.com/gsmake/golang:snapshot] ;prepare dependencies package
2016-2-9 18:8:17.0560 gsmake (runner.lua:70) invoke task(resources)
2016-2-9 18:8:17.0561 gsmake (runner.lua:73) 	from package [github.com/gsmake/golang:snapshot] ...
2016-2-9 18:8:17.0662 gsmake (runner.lua:86) 	from package [github.com/gsmake/golang:snapshot] -- success
2016-2-9 18:8:17.0663 gsmake (runner.lua:89) invoke task(resources) -- success
2016-2-9 18:8:17.0663 gsmake (runner.lua:70) invoke task(precompile)
2016-2-9 18:8:17.0664 gsmake (runner.lua:73) 	from package [github.com/gsmake/golang:snapshot] ...
2016-2-9 18:8:17.0666 gsmake (runner.lua:86) 	from package [github.com/gsmake/golang:snapshot] -- success
2016-2-9 18:8:17.0666 gsmake (runner.lua:89) invoke task(precompile) -- success
2016-2-9 18:8:17.0667 gsmake (runner.lua:70) invoke task(compile)
2016-2-9 18:8:17.0667 gsmake (runner.lua:73) 	from package [github.com/gsmake/golang:snapshot] ...
2016-2-9 18:8:20.0224 gsmake (runner.lua:86) 	from package [github.com/gsmake/golang:snapshot] -- success
2016-2-9 18:8:20.0224 gsmake (runner.lua:89) invoke task(compile) -- success
2016-2-9 18:8:20.0225 gsmake (runner.lua:70) invoke task(install)
2016-2-9 18:8:20.0226 gsmake (runner.lua:73) 	from package [github.com/gsmake/golang:snapshot] ...
2016-2-9 18:8:20.0241 gsmake (runner.lua:86) 	from package [github.com/gsmake/golang:snapshot] -- success
2016-2-9 18:8:20.0241 gsmake (runner.lua:89) invoke task(install) -- success
2016-2-9 18:8:20.0242 gsmake (runner.lua:86) 	from package [github.com/gsmake/gsrpc:snapshot] -- success
2016-2-9 18:8:20.0243 gsmake (runner.lua:89) invoke task(resources) -- success
2016-2-9 18:8:20.0243 gsmake (runner.lua:70) invoke task(precompile)
2016-2-9 18:8:20.0244 gsmake (runner.lua:73) 	from package [github.com/gsmake/gsrpc:snapshot] ...
2016-2-9 18:8:21.0189 gsmake (runner.lua:86) 	from package [github.com/gsmake/gsrpc:snapshot] -- success
2016-2-9 18:8:21.0190 gsmake (runner.lua:89) invoke task(precompile) -- success
