2016-2-9 17:46:8.0373 gsmake (runner.lua:46) register taskgroup(cache) :
2016-2-9 17:46:8.0374 gsmake (runner.lua:48) 	from package [github.com/gsmake/commands:snapshot]
2016-2-9 17:46:8.0374 gsmake (runner.lua:46) register taskgroup(repo) :
2016-2-9 17:46:8.0375 gsmake (runner.lua:48) 	from package [github.com/gsmake/commands:snapshot]
2016-2-9 17:46:8.0376 gsmake (runner.lua:46) register taskgroup(list) :
2016-2-9 17:46:8.0376 gsmake (runner.lua:48) 	from package [github.com/gsmake/commands:snapshot]
2016-2-9 17:46:8.0377 gsmake (runner.lua:46) register taskgroup(update) :
2016-2-9 17:46:8.0378 gsmake (runner.lua:48) 	from package [github.com/gsmake/commands:snapshot]
2016-2-9 17:46:8.0379 gsmake (runner.lua:46) register taskgroup(precompile) :
2016-2-9 17:46:8.0379 gsmake (runner.lua:48) 	from package [github.com/gsmake/gsrpc:snapshot]
2016-2-9 17:46:8.0380 gsmake (runner.lua:46) register taskgroup(resources) :
2016-2-9 17:46:8.0381 gsmake (runner.lua:48) 	from package [github.com/gsmake/gsrpc:snapshot]
2016-2-9 17:46:8.0381 gsmake (runner.lua:126) topshort task(precompile) from package [github.com/gsmake/gsrpc:snapshot] ;compile the gsrpc files
2016-2-9 17:46:8.0382 gsmake (runner.lua:126) topshort task(resources) from package [github.com/gsmake/gsrpc:snapshot] ;prepare gsrpc compiler
2016-2-9 17:46:8.0383 gsmake (runner.lua:70) invoke task(resources)
2016-2-9 17:46:8.0383 gsmake (runner.lua:73) 	from package [github.com/gsmake/gsrpc:snapshot] ...
2016-2-9 17:46:8.0436 gsmake (runner.lua:46) register taskgroup(precompile) :
2016-2-9 17:46:8.0437 gsmake (runner.lua:48) 	from package [github.com/gsmake/golang:snapshot]
2016-2-9 17:46:8.0438 gsmake (runner.lua:46) register taskgroup(gopath) :
2016-2-9 17:46:8.0438 gsmake (runner.lua:48) 	from package [github.com/gsmake/golang:snapshot]
2016-2-9 17:46:8.0439 gsmake (runner.lua:46) register taskgroup(gorun) :
2016-2-9 17:46:8.0439 gsmake (runner.lua:48) 	from package [github.com/gsmake/golang:snapshot]
2016-2-9 17:46:8.0440 gsmake (runner.lua:46) register taskgroup(test) :
2016-2-9 17:46:8.0441 gsmake (runner.lua:48) 	from package [github.com/gsmake/golang:snapshot]
2016-2-9 17:46:8.0441 gsmake (runner.lua:46) register taskgroup(compile) :
2016-2-9 17:46:8.0442 gsmake (runner.lua:48) 	from package [github.com/gsmake/golang:snapshot]
2016-2-9 17:46:8.0443 gsmake (runner.lua:46) register taskgroup(install) :
2016-2-9 17:46:8.0443 gsmake (runner.lua:48) 	from package [github.com/gsmake/golang:snapshot]
2016-2-9 17:46:8.0444 gsmake (runner.lua:46) register taskgroup(resources) :
2016-2-9 17:46:8.0444 gsmake (runner.lua:48) 	from package [github.com/gsmake/golang:snapshot]
2016-2-9 17:46:8.0445 gsmake (runner.lua:126) topshort task(install) from package [github.com/gsmake/golang:snapshot] ;golang package install package
2016-2-9 17:46:8.0446 gsmake (runner.lua:126) topshort task(compile) from package [github.com/gsmake/golang:snapshot] ;golang package compile task
2016-2-9 17:46:8.0447 gsmake (runner.lua:126) topshort task(precompile) from package [github.com/gsmake/golang:snapshot] ;golang precompile task
2016-2-9 17:46:8.0447 gsmake (runner.lua:126) topshort task(resources) from package [github.com/gsmake/golang:snapshot] ;prepare dependencies package
2016-2-9 17:46:8.0448 gsmake (runner.lua:70) invoke task(resources)
2016-2-9 17:46:8.0449 gsmake (runner.lua:73) 	from package [github.com/gsmake/golang:snapshot] ...
2016-2-9 17:46:8.0553 gsmake (runner.lua:86) 	from package [github.com/gsmake/golang:snapshot] -- success
2016-2-9 17:46:8.0553 gsmake (runner.lua:89) invoke task(resources) -- success
2016-2-9 17:46:8.0554 gsmake (runner.lua:70) invoke task(precompile)
2016-2-9 17:46:8.0554 gsmake (runner.lua:73) 	from package [github.com/gsmake/golang:snapshot] ...
2016-2-9 17:46:8.0556 gsmake (runner.lua:86) 	from package [github.com/gsmake/golang:snapshot] -- success
2016-2-9 17:46:8.0556 gsmake (runner.lua:89) invoke task(precompile) -- success
2016-2-9 17:46:8.0557 gsmake (runner.lua:70) invoke task(compile)
2016-2-9 17:46:8.0558 gsmake (runner.lua:73) 	from package [github.com/gsmake/golang:snapshot] ...
2016-2-9 17:46:11.0106 gsmake (runner.lua:86) 	from package [github.com/gsmake/golang:snapshot] -- success
2016-2-9 17:46:11.0107 gsmake (runner.lua:89) invoke task(compile) -- success
2016-2-9 17:46:11.0108 gsmake (runner.lua:70) invoke task(install)
2016-2-9 17:46:11.0108 gsmake (runner.lua:73) 	from package [github.com/gsmake/golang:snapshot] ...
2016-2-9 17:46:11.0123 gsmake (runner.lua:86) 	from package [github.com/gsmake/golang:snapshot] -- success
2016-2-9 17:46:11.0124 gsmake (runner.lua:89) invoke task(install) -- success
2016-2-9 17:46:11.0124 gsmake (runner.lua:86) 	from package [github.com/gsmake/gsrpc:snapshot] -- success
2016-2-9 17:46:11.0125 gsmake (runner.lua:89) invoke task(resources) -- success
2016-2-9 17:46:11.0125 gsmake (runner.lua:70) invoke task(precompile)
2016-2-9 17:46:11.0126 gsmake (runner.lua:73) 	from package [github.com/gsmake/gsrpc:snapshot] ...
2016-2-9 17:46:12.0286 gsmake (runner.lua:86) 	from package [github.com/gsmake/gsrpc:snapshot] -- success
2016-2-9 17:46:12.0286 gsmake (runner.lua:89) invoke task(precompile) -- success
