2016-2-9 17:9:49.0219 gsmake (runner.lua:46) register taskgroup(cache) :
2016-2-9 17:9:49.0220 gsmake (runner.lua:48) 	from package [github.com/gsmake/commands:snapshot]
2016-2-9 17:9:49.0220 gsmake (runner.lua:46) register taskgroup(repo) :
2016-2-9 17:9:49.0221 gsmake (runner.lua:48) 	from package [github.com/gsmake/commands:snapshot]
2016-2-9 17:9:49.0221 gsmake (runner.lua:46) register taskgroup(list) :
2016-2-9 17:9:49.0222 gsmake (runner.lua:48) 	from package [github.com/gsmake/commands:snapshot]
2016-2-9 17:9:49.0223 gsmake (runner.lua:46) register taskgroup(update) :
2016-2-9 17:9:49.0223 gsmake (runner.lua:48) 	from package [github.com/gsmake/commands:snapshot]
2016-2-9 17:9:49.0224 gsmake (runner.lua:46) register taskgroup(resources) :
2016-2-9 17:9:49.0225 gsmake (runner.lua:48) 	from package [github.com/gsmake/gsrpc:snapshot]
2016-2-9 17:9:49.0225 gsmake (runner.lua:46) register taskgroup(precompile) :
2016-2-9 17:9:49.0226 gsmake (runner.lua:48) 	from package [github.com/gsmake/gsrpc:snapshot]
2016-2-9 17:9:49.0227 gsmake (runner.lua:126) topshort task(precompile) from package [github.com/gsmake/gsrpc:snapshot] ;compile the gsrpc files
2016-2-9 17:9:49.0227 gsmake (runner.lua:126) topshort task(resources) from package [github.com/gsmake/gsrpc:snapshot] ;prepare gsrpc compiler
2016-2-9 17:9:49.0228 gsmake (runner.lua:70) invoke task(resources)
2016-2-9 17:9:49.0229 gsmake (runner.lua:73) 	from package [github.com/gsmake/gsrpc:snapshot] ...
2016-2-9 17:9:49.0281 gsmake (runner.lua:46) register taskgroup(test) :
2016-2-9 17:9:49.0282 gsmake (runner.lua:48) 	from package [github.com/gsmake/golang:snapshot]
2016-2-9 17:9:49.0283 gsmake (runner.lua:46) register taskgroup(gopath) :
2016-2-9 17:9:49.0283 gsmake (runner.lua:48) 	from package [github.com/gsmake/golang:snapshot]
2016-2-9 17:9:49.0284 gsmake (runner.lua:46) register taskgroup(gorun) :
2016-2-9 17:9:49.0285 gsmake (runner.lua:48) 	from package [github.com/gsmake/golang:snapshot]
2016-2-9 17:9:49.0285 gsmake (runner.lua:46) register taskgroup(install) :
2016-2-9 17:9:49.0286 gsmake (runner.lua:48) 	from package [github.com/gsmake/golang:snapshot]
2016-2-9 17:9:49.0287 gsmake (runner.lua:46) register taskgroup(compile) :
2016-2-9 17:9:49.0287 gsmake (runner.lua:48) 	from package [github.com/gsmake/golang:snapshot]
2016-2-9 17:9:49.0288 gsmake (runner.lua:46) register taskgroup(resources) :
2016-2-9 17:9:49.0289 gsmake (runner.lua:48) 	from package [github.com/gsmake/golang:snapshot]
2016-2-9 17:9:49.0289 gsmake (runner.lua:46) register taskgroup(precompile) :
2016-2-9 17:9:49.0290 gsmake (runner.lua:48) 	from package [github.com/gsmake/golang:snapshot]
2016-2-9 17:9:49.0291 gsmake (runner.lua:126) topshort task(install) from package [github.com/gsmake/golang:snapshot] ;golang package install package
2016-2-9 17:9:49.0291 gsmake (runner.lua:126) topshort task(compile) from package [github.com/gsmake/golang:snapshot] ;golang package compile task
2016-2-9 17:9:49.0292 gsmake (runner.lua:126) topshort task(precompile) from package [github.com/gsmake/golang:snapshot] ;golang precompile task
2016-2-9 17:9:49.0293 gsmake (runner.lua:126) topshort task(resources) from package [github.com/gsmake/golang:snapshot] ;prepare dependencies package
2016-2-9 17:9:49.0293 gsmake (runner.lua:70) invoke task(resources)
2016-2-9 17:9:49.0294 gsmake (runner.lua:73) 	from package [github.com/gsmake/golang:snapshot] ...
2016-2-9 17:9:49.0394 gsmake (runner.lua:86) 	from package [github.com/gsmake/golang:snapshot] -- success
2016-2-9 17:9:49.0395 gsmake (runner.lua:89) invoke task(resources) -- success
2016-2-9 17:9:49.0396 gsmake (runner.lua:70) invoke task(precompile)
2016-2-9 17:9:49.0396 gsmake (runner.lua:73) 	from package [github.com/gsmake/golang:snapshot] ...
2016-2-9 17:9:49.0398 gsmake (runner.lua:86) 	from package [github.com/gsmake/golang:snapshot] -- success
2016-2-9 17:9:49.0398 gsmake (runner.lua:89) invoke task(precompile) -- success
2016-2-9 17:9:49.0399 gsmake (runner.lua:70) invoke task(compile)
2016-2-9 17:9:49.0399 gsmake (runner.lua:73) 	from package [github.com/gsmake/golang:snapshot] ...
2016-2-9 17:9:51.0996 gsmake (runner.lua:86) 	from package [github.com/gsmake/golang:snapshot] -- success
2016-2-9 17:9:51.0996 gsmake (runner.lua:89) invoke task(compile) -- success
2016-2-9 17:9:51.0997 gsmake (runner.lua:70) invoke task(install)
2016-2-9 17:9:51.0998 gsmake (runner.lua:73) 	from package [github.com/gsmake/golang:snapshot] ...
2016-2-9 17:9:52.0014 gsmake (runner.lua:86) 	from package [github.com/gsmake/golang:snapshot] -- success
2016-2-9 17:9:52.0015 gsmake (runner.lua:89) invoke task(install) -- success
2016-2-9 17:9:52.0015 gsmake (runner.lua:86) 	from package [github.com/gsmake/gsrpc:snapshot] -- success
2016-2-9 17:9:52.0016 gsmake (runner.lua:89) invoke task(resources) -- success
2016-2-9 17:9:52.0017 gsmake (runner.lua:70) invoke task(precompile)
2016-2-9 17:9:52.0017 gsmake (runner.lua:73) 	from package [github.com/gsmake/gsrpc:snapshot] ...
2016-2-9 17:9:53.0057 gsmake (runner.lua:86) 	from package [github.com/gsmake/gsrpc:snapshot] -- success
2016-2-9 17:9:53.0058 gsmake (runner.lua:89) invoke task(precompile) -- success
