2016-2-10 15:20:31.0427 gsmake (runner.lua:46) register taskgroup(resources) :
2016-2-10 15:20:31.0428 gsmake (runner.lua:48) 	from package [github.com/gsmake/gsrpc:snapshot]
2016-2-10 15:20:31.0429 gsmake (runner.lua:46) register taskgroup(update) :
2016-2-10 15:20:31.0429 gsmake (runner.lua:48) 	from package [github.com/gsmake/commands:snapshot]
2016-2-10 15:20:31.0430 gsmake (runner.lua:46) register taskgroup(list) :
2016-2-10 15:20:31.0430 gsmake (runner.lua:48) 	from package [github.com/gsmake/commands:snapshot]
2016-2-10 15:20:31.0431 gsmake (runner.lua:46) register taskgroup(precompile) :
2016-2-10 15:20:31.0432 gsmake (runner.lua:48) 	from package [github.com/gsmake/gsrpc:snapshot]
2016-2-10 15:20:31.0432 gsmake (runner.lua:46) register taskgroup(repo) :
2016-2-10 15:20:31.0433 gsmake (runner.lua:48) 	from package [github.com/gsmake/commands:snapshot]
2016-2-10 15:20:31.0433 gsmake (runner.lua:46) register taskgroup(cache) :
2016-2-10 15:20:31.0434 gsmake (runner.lua:48) 	from package [github.com/gsmake/commands:snapshot]
2016-2-10 15:20:31.0435 gsmake (runner.lua:126) topshort task(precompile) from package [github.com/gsmake/gsrpc:snapshot] ;compile the gsrpc files
2016-2-10 15:20:31.0435 gsmake (runner.lua:126) topshort task(resources) from package [github.com/gsmake/gsrpc:snapshot] ;prepare gsrpc compiler
2016-2-10 15:20:31.0436 gsmake (runner.lua:70) invoke task(resources)
2016-2-10 15:20:31.0437 gsmake (runner.lua:73) 	from package [github.com/gsmake/gsrpc:snapshot] ...
2016-2-10 15:20:31.0489 gsmake (runner.lua:46) register taskgroup(resources) :
2016-2-10 15:20:31.0489 gsmake (runner.lua:48) 	from package [github.com/gsmake/golang:snapshot]
2016-2-10 15:20:31.0490 gsmake (runner.lua:46) register taskgroup(install) :
2016-2-10 15:20:31.0491 gsmake (runner.lua:48) 	from package [github.com/gsmake/golang:snapshot]
2016-2-10 15:20:31.0491 gsmake (runner.lua:46) register taskgroup(test) :
2016-2-10 15:20:31.0492 gsmake (runner.lua:48) 	from package [github.com/gsmake/golang:snapshot]
2016-2-10 15:20:31.0492 gsmake (runner.lua:46) register taskgroup(gorun) :
2016-2-10 15:20:31.0493 gsmake (runner.lua:48) 	from package [github.com/gsmake/golang:snapshot]
2016-2-10 15:20:31.0494 gsmake (runner.lua:46) register taskgroup(compile) :
2016-2-10 15:20:31.0494 gsmake (runner.lua:48) 	from package [github.com/gsmake/golang:snapshot]
2016-2-10 15:20:31.0495 gsmake (runner.lua:46) register taskgroup(precompile) :
2016-2-10 15:20:31.0496 gsmake (runner.lua:48) 	from package [github.com/gsmake/golang:snapshot]
2016-2-10 15:20:31.0496 gsmake (runner.lua:46) register taskgroup(gopath) :
2016-2-10 15:20:31.0497 gsmake (runner.lua:48) 	from package [github.com/gsmake/golang:snapshot]
2016-2-10 15:20:31.0498 gsmake (runner.lua:126) topshort task(install) from package [github.com/gsmake/golang:snapshot] ;golang package install package
2016-2-10 15:20:31.0498 gsmake (runner.lua:126) topshort task(compile) from package [github.com/gsmake/golang:snapshot] ;golang package compile task
2016-2-10 15:20:31.0499 gsmake (runner.lua:126) topshort task(precompile) from package [github.com/gsmake/golang:snapshot] ;golang precompile task
2016-2-10 15:20:31.0500 gsmake (runner.lua:126) topshort task(resources) from package [github.com/gsmake/golang:snapshot] ;prepare dependencies package
2016-2-10 15:20:31.0500 gsmake (runner.lua:70) invoke task(resources)
2016-2-10 15:20:31.0501 gsmake (runner.lua:73) 	from package [github.com/gsmake/golang:snapshot] ...
2016-2-10 15:20:31.0604 gsmake (runner.lua:86) 	from package [github.com/gsmake/golang:snapshot] -- success
2016-2-10 15:20:31.0605 gsmake (runner.lua:89) invoke task(resources) -- success
2016-2-10 15:20:31.0606 gsmake (runner.lua:70) invoke task(precompile)
2016-2-10 15:20:31.0606 gsmake (runner.lua:73) 	from package [github.com/gsmake/golang:snapshot] ...
2016-2-10 15:20:31.0608 gsmake (runner.lua:86) 	from package [github.com/gsmake/golang:snapshot] -- success
2016-2-10 15:20:31.0608 gsmake (runner.lua:89) invoke task(precompile) -- success
2016-2-10 15:20:31.0609 gsmake (runner.lua:70) invoke task(compile)
2016-2-10 15:20:31.0610 gsmake (runner.lua:73) 	from package [github.com/gsmake/golang:snapshot] ...
2016-2-10 15:20:33.0143 gsmake (runner.lua:86) 	from package [github.com/gsmake/gsrpc:snapshot] -- success
2016-2-10 15:20:33.0143 gsmake (runner.lua:89) invoke task(resources) -- success
2016-2-10 15:20:33.0144 gsmake (runner.lua:70) invoke task(precompile)
2016-2-10 15:20:33.0145 gsmake (runner.lua:73) 	from package [github.com/gsmake/gsrpc:snapshot] ...
2016-2-10 15:20:33.0853 gsmake (runner.lua:86) 	from package [github.com/gsmake/gsrpc:snapshot] -- success
2016-2-10 15:20:33.0854 gsmake (runner.lua:89) invoke task(precompile) -- success
