2016-2-10 14:55:33.0121 gsmake (runner.lua:46) register taskgroup(list) :
2016-2-10 14:55:33.0122 gsmake (runner.lua:48) 	from package [github.com/gsmake/commands:snapshot]
2016-2-10 14:55:33.0123 gsmake (runner.lua:46) register taskgroup(precompile) :
2016-2-10 14:55:33.0123 gsmake (runner.lua:48) 	from package [github.com/gsmake/gsrpc:snapshot]
2016-2-10 14:55:33.0124 gsmake (runner.lua:46) register taskgroup(update) :
2016-2-10 14:55:33.0124 gsmake (runner.lua:48) 	from package [github.com/gsmake/commands:snapshot]
2016-2-10 14:55:33.0125 gsmake (runner.lua:46) register taskgroup(repo) :
2016-2-10 14:55:33.0125 gsmake (runner.lua:48) 	from package [github.com/gsmake/commands:snapshot]
2016-2-10 14:55:33.0126 gsmake (runner.lua:46) register taskgroup(resources) :
2016-2-10 14:55:33.0127 gsmake (runner.lua:48) 	from package [github.com/gsmake/gsrpc:snapshot]
2016-2-10 14:55:33.0127 gsmake (runner.lua:46) register taskgroup(cache) :
2016-2-10 14:55:33.0128 gsmake (runner.lua:48) 	from package [github.com/gsmake/commands:snapshot]
2016-2-10 14:55:33.0129 gsmake (runner.lua:126) topshort task(precompile) from package [github.com/gsmake/gsrpc:snapshot] ;compile the gsrpc files
2016-2-10 14:55:33.0130 gsmake (runner.lua:126) topshort task(resources) from package [github.com/gsmake/gsrpc:snapshot] ;prepare gsrpc compiler
2016-2-10 14:55:33.0130 gsmake (runner.lua:70) invoke task(resources)
2016-2-10 14:55:33.0131 gsmake (runner.lua:73) 	from package [github.com/gsmake/gsrpc:snapshot] ...
2016-2-10 14:55:33.0185 gsmake (runner.lua:46) register taskgroup(install) :
2016-2-10 14:55:33.0185 gsmake (runner.lua:48) 	from package [github.com/gsmake/golang:snapshot]
2016-2-10 14:55:33.0186 gsmake (runner.lua:46) register taskgroup(precompile) :
2016-2-10 14:55:33.0187 gsmake (runner.lua:48) 	from package [github.com/gsmake/golang:snapshot]
2016-2-10 14:55:33.0187 gsmake (runner.lua:46) register taskgroup(compile) :
2016-2-10 14:55:33.0188 gsmake (runner.lua:48) 	from package [github.com/gsmake/golang:snapshot]
2016-2-10 14:55:33.0189 gsmake (runner.lua:46) register taskgroup(test) :
2016-2-10 14:55:33.0190 gsmake (runner.lua:48) 	from package [github.com/gsmake/golang:snapshot]
2016-2-10 14:55:33.0190 gsmake (runner.lua:46) register taskgroup(gorun) :
2016-2-10 14:55:33.0191 gsmake (runner.lua:48) 	from package [github.com/gsmake/golang:snapshot]
2016-2-10 14:55:33.0192 gsmake (runner.lua:46) register taskgroup(resources) :
2016-2-10 14:55:33.0192 gsmake (runner.lua:48) 	from package [github.com/gsmake/golang:snapshot]
2016-2-10 14:55:33.0193 gsmake (runner.lua:46) register taskgroup(gopath) :
2016-2-10 14:55:33.0194 gsmake (runner.lua:48) 	from package [github.com/gsmake/golang:snapshot]
2016-2-10 14:55:33.0195 gsmake (runner.lua:126) topshort task(install) from package [github.com/gsmake/golang:snapshot] ;golang package install package
2016-2-10 14:55:33.0195 gsmake (runner.lua:126) topshort task(compile) from package [github.com/gsmake/golang:snapshot] ;golang package compile task
2016-2-10 14:55:33.0196 gsmake (runner.lua:126) topshort task(precompile) from package [github.com/gsmake/golang:snapshot] ;golang precompile task
2016-2-10 14:55:33.0197 gsmake (runner.lua:126) topshort task(resources) from package [github.com/gsmake/golang:snapshot] ;prepare dependencies package
2016-2-10 14:55:33.0197 gsmake (runner.lua:70) invoke task(resources)
2016-2-10 14:55:33.0198 gsmake (runner.lua:73) 	from package [github.com/gsmake/golang:snapshot] ...
2016-2-10 14:55:33.0304 gsmake (runner.lua:86) 	from package [github.com/gsmake/golang:snapshot] -- success
2016-2-10 14:55:33.0305 gsmake (runner.lua:89) invoke task(resources) -- success
2016-2-10 14:55:33.0305 gsmake (runner.lua:70) invoke task(precompile)
2016-2-10 14:55:33.0306 gsmake (runner.lua:73) 	from package [github.com/gsmake/golang:snapshot] ...
2016-2-10 14:55:33.0307 gsmake (runner.lua:86) 	from package [github.com/gsmake/golang:snapshot] -- success
2016-2-10 14:55:33.0308 gsmake (runner.lua:89) invoke task(precompile) -- success
2016-2-10 14:55:33.0309 gsmake (runner.lua:70) invoke task(compile)
2016-2-10 14:55:33.0309 gsmake (runner.lua:73) 	from package [github.com/gsmake/golang:snapshot] ...
2016-2-10 14:55:35.0977 gsmake (runner.lua:86) 	from package [github.com/gsmake/golang:snapshot] -- success
2016-2-10 14:55:35.0978 gsmake (runner.lua:89) invoke task(compile) -- success
2016-2-10 14:55:35.0978 gsmake (runner.lua:70) invoke task(install)
2016-2-10 14:55:35.0979 gsmake (runner.lua:73) 	from package [github.com/gsmake/golang:snapshot] ...
2016-2-10 14:55:35.0993 gsmake (runner.lua:86) 	from package [github.com/gsmake/golang:snapshot] -- success
2016-2-10 14:55:35.0994 gsmake (runner.lua:89) invoke task(install) -- success
2016-2-10 14:55:35.0995 gsmake (runner.lua:86) 	from package [github.com/gsmake/gsrpc:snapshot] -- success
2016-2-10 14:55:35.0995 gsmake (runner.lua:89) invoke task(resources) -- success
2016-2-10 14:55:35.0996 gsmake (runner.lua:70) invoke task(precompile)
2016-2-10 14:55:35.0997 gsmake (runner.lua:73) 	from package [github.com/gsmake/gsrpc:snapshot] ...
2016-2-10 14:55:36.0854 gsmake (runner.lua:86) 	from package [github.com/gsmake/gsrpc:snapshot] -- success
2016-2-10 14:55:36.0854 gsmake (runner.lua:89) invoke task(precompile) -- success
