2016-2-9 15:10:18.0485 gsmake (runner.lua:46) register taskgroup(repo) :
2016-2-9 15:10:18.0485 gsmake (runner.lua:48) 	from package [github.com/gsmake/commands:snapshot]
2016-2-9 15:10:18.0486 gsmake (runner.lua:46) register taskgroup(list) :
2016-2-9 15:10:18.0487 gsmake (runner.lua:48) 	from package [github.com/gsmake/commands:snapshot]
2016-2-9 15:10:18.0487 gsmake (runner.lua:46) register taskgroup(update) :
2016-2-9 15:10:18.0488 gsmake (runner.lua:48) 	from package [github.com/gsmake/commands:snapshot]
2016-2-9 15:10:18.0489 gsmake (runner.lua:46) register taskgroup(precompile) :
2016-2-9 15:10:18.0489 gsmake (runner.lua:48) 	from package [github.com/gsmake/gsrpc:snapshot]
2016-2-9 15:10:18.0490 gsmake (runner.lua:46) register taskgroup(resources) :
2016-2-9 15:10:18.0490 gsmake (runner.lua:48) 	from package [github.com/gsmake/gsrpc:snapshot]
2016-2-9 15:10:18.0491 gsmake (runner.lua:46) register taskgroup(cache) :
2016-2-9 15:10:18.0492 gsmake (runner.lua:48) 	from package [github.com/gsmake/commands:snapshot]
2016-2-9 15:10:18.0493 gsmake (runner.lua:126) topshort task(precompile) from package [github.com/gsmake/gsrpc:snapshot] ;compile the gsrpc files
2016-2-9 15:10:18.0493 gsmake (runner.lua:126) topshort task(resources) from package [github.com/gsmake/gsrpc:snapshot] ;prepare gsrpc compiler
2016-2-9 15:10:18.0494 gsmake (runner.lua:70) invoke task(resources)
2016-2-9 15:10:18.0495 gsmake (runner.lua:73) 	from package [github.com/gsmake/gsrpc:snapshot] ...
2016-2-9 15:10:18.0549 gsmake (runner.lua:46) register taskgroup(resources) :
2016-2-9 15:10:18.0550 gsmake (runner.lua:48) 	from package [github.com/gsmake/golang:snapshot]
2016-2-9 15:10:18.0551 gsmake (runner.lua:46) register taskgroup(gopath) :
2016-2-9 15:10:18.0551 gsmake (runner.lua:48) 	from package [github.com/gsmake/golang:snapshot]
2016-2-9 15:10:18.0552 gsmake (runner.lua:46) register taskgroup(compile) :
2016-2-9 15:10:18.0553 gsmake (runner.lua:48) 	from package [github.com/gsmake/golang:snapshot]
2016-2-9 15:10:18.0553 gsmake (runner.lua:46) register taskgroup(test) :
2016-2-9 15:10:18.0554 gsmake (runner.lua:48) 	from package [github.com/gsmake/golang:snapshot]
2016-2-9 15:10:18.0555 gsmake (runner.lua:46) register taskgroup(install) :
2016-2-9 15:10:18.0555 gsmake (runner.lua:48) 	from package [github.com/gsmake/golang:snapshot]
2016-2-9 15:10:18.0556 gsmake (runner.lua:46) register taskgroup(precompile) :
2016-2-9 15:10:18.0557 gsmake (runner.lua:48) 	from package [github.com/gsmake/golang:snapshot]
2016-2-9 15:10:18.0557 gsmake (runner.lua:46) register taskgroup(gorun) :
2016-2-9 15:10:18.0558 gsmake (runner.lua:48) 	from package [github.com/gsmake/golang:snapshot]
2016-2-9 15:10:18.0559 gsmake (runner.lua:126) topshort task(install) from package [github.com/gsmake/golang:snapshot] ;golang package install package
2016-2-9 15:10:18.0559 gsmake (runner.lua:126) topshort task(compile) from package [github.com/gsmake/golang:snapshot] ;golang package compile task
2016-2-9 15:10:18.0560 gsmake (runner.lua:126) topshort task(precompile) from package [github.com/gsmake/golang:snapshot] ;golang precompile task
2016-2-9 15:10:18.0561 gsmake (runner.lua:126) topshort task(resources) from package [github.com/gsmake/golang:snapshot] ;prepare dependencies package
2016-2-9 15:10:18.0562 gsmake (runner.lua:70) invoke task(resources)
2016-2-9 15:10:18.0562 gsmake (runner.lua:73) 	from package [github.com/gsmake/golang:snapshot] ...
2016-2-9 15:10:18.0665 gsmake (runner.lua:86) 	from package [github.com/gsmake/golang:snapshot] -- success
2016-2-9 15:10:18.0665 gsmake (runner.lua:89) invoke task(resources) -- success
2016-2-9 15:10:18.0666 gsmake (runner.lua:70) invoke task(precompile)
2016-2-9 15:10:18.0667 gsmake (runner.lua:73) 	from package [github.com/gsmake/golang:snapshot] ...
2016-2-9 15:10:18.0668 gsmake (runner.lua:86) 	from package [github.com/gsmake/golang:snapshot] -- success
2016-2-9 15:10:18.0669 gsmake (runner.lua:89) invoke task(precompile) -- success
2016-2-9 15:10:18.0669 gsmake (runner.lua:70) invoke task(compile)
2016-2-9 15:10:18.0670 gsmake (runner.lua:73) 	from package [github.com/gsmake/golang:snapshot] ...
2016-2-9 15:10:21.0104 gsmake (runner.lua:86) 	from package [github.com/gsmake/golang:snapshot] -- success
2016-2-9 15:10:21.0105 gsmake (runner.lua:89) invoke task(compile) -- success
2016-2-9 15:10:21.0105 gsmake (runner.lua:70) invoke task(install)
2016-2-9 15:10:21.0106 gsmake (runner.lua:73) 	from package [github.com/gsmake/golang:snapshot] ...
2016-2-9 15:10:21.0120 gsmake (runner.lua:86) 	from package [github.com/gsmake/golang:snapshot] -- success
2016-2-9 15:10:21.0121 gsmake (runner.lua:89) invoke task(install) -- success
2016-2-9 15:10:21.0121 gsmake (runner.lua:86) 	from package [github.com/gsmake/gsrpc:snapshot] -- success
2016-2-9 15:10:21.0122 gsmake (runner.lua:89) invoke task(resources) -- success
2016-2-9 15:10:21.0122 gsmake (runner.lua:70) invoke task(precompile)
2016-2-9 15:10:21.0123 gsmake (runner.lua:73) 	from package [github.com/gsmake/gsrpc:snapshot] ...
2016-2-9 15:10:21.0887 console (main.lua:114) run gsmake -- failed !!!!!
