2016-2-10 11:2:22.0828 gsmake (runner.lua:46) register taskgroup(list) :
2016-2-10 11:2:22.0829 gsmake (runner.lua:48) 	from package [github.com/gsmake/commands:snapshot]
2016-2-10 11:2:22.0829 gsmake (runner.lua:46) register taskgroup(update) :
2016-2-10 11:2:22.0830 gsmake (runner.lua:48) 	from package [github.com/gsmake/commands:snapshot]
2016-2-10 11:2:22.0830 gsmake (runner.lua:46) register taskgroup(precompile) :
2016-2-10 11:2:22.0831 gsmake (runner.lua:48) 	from package [github.com/gsmake/gsrpc:snapshot]
2016-2-10 11:2:22.0831 gsmake (runner.lua:46) register taskgroup(resources) :
2016-2-10 11:2:22.0832 gsmake (runner.lua:48) 	from package [github.com/gsmake/gsrpc:snapshot]
2016-2-10 11:2:22.0833 gsmake (runner.lua:46) register taskgroup(cache) :
2016-2-10 11:2:22.0833 gsmake (runner.lua:48) 	from package [github.com/gsmake/commands:snapshot]
2016-2-10 11:2:22.0834 gsmake (runner.lua:46) register taskgroup(repo) :
2016-2-10 11:2:22.0835 gsmake (runner.lua:48) 	from package [github.com/gsmake/commands:snapshot]
2016-2-10 11:2:22.0836 gsmake (runner.lua:126) topshort task(precompile) from package [github.com/gsmake/gsrpc:snapshot] ;compile the gsrpc files
2016-2-10 11:2:22.0836 gsmake (runner.lua:126) topshort task(resources) from package [github.com/gsmake/gsrpc:snapshot] ;prepare gsrpc compiler
2016-2-10 11:2:22.0837 gsmake (runner.lua:70) invoke task(resources)
2016-2-10 11:2:22.0838 gsmake (runner.lua:73) 	from package [github.com/gsmake/gsrpc:snapshot] ...
2016-2-10 11:2:22.0891 gsmake (runner.lua:46) register taskgroup(compile) :
2016-2-10 11:2:22.0892 gsmake (runner.lua:48) 	from package [github.com/gsmake/golang:snapshot]
2016-2-10 11:2:22.0893 gsmake (runner.lua:46) register taskgroup(gorun) :
2016-2-10 11:2:22.0893 gsmake (runner.lua:48) 	from package [github.com/gsmake/golang:snapshot]
2016-2-10 11:2:22.0894 gsmake (runner.lua:46) register taskgroup(gopath) :
2016-2-10 11:2:22.0895 gsmake (runner.lua:48) 	from package [github.com/gsmake/golang:snapshot]
2016-2-10 11:2:22.0896 gsmake (runner.lua:46) register taskgroup(precompile) :
2016-2-10 11:2:22.0896 gsmake (runner.lua:48) 	from package [github.com/gsmake/golang:snapshot]
2016-2-10 11:2:22.0897 gsmake (runner.lua:46) register taskgroup(install) :
2016-2-10 11:2:22.0898 gsmake (runner.lua:48) 	from package [github.com/gsmake/golang:snapshot]
2016-2-10 11:2:22.0898 gsmake (runner.lua:46) register taskgroup(resources) :
2016-2-10 11:2:22.0899 gsmake (runner.lua:48) 	from package [github.com/gsmake/golang:snapshot]
2016-2-10 11:2:22.0900 gsmake (runner.lua:46) register taskgroup(test) :
2016-2-10 11:2:22.0900 gsmake (runner.lua:48) 	from package [github.com/gsmake/golang:snapshot]
2016-2-10 11:2:22.0901 gsmake (runner.lua:126) topshort task(install) from package [github.com/gsmake/golang:snapshot] ;golang package install package
2016-2-10 11:2:22.0902 gsmake (runner.lua:126) topshort task(compile) from package [github.com/gsmake/golang:snapshot] ;golang package compile task
2016-2-10 11:2:22.0902 gsmake (runner.lua:126) topshort task(precompile) from package [github.com/gsmake/golang:snapshot] ;golang precompile task
2016-2-10 11:2:22.0903 gsmake (runner.lua:126) topshort task(resources) from package [github.com/gsmake/golang:snapshot] ;prepare dependencies package
2016-2-10 11:2:22.0904 gsmake (runner.lua:70) invoke task(resources)
2016-2-10 11:2:22.0904 gsmake (runner.lua:73) 	from package [github.com/gsmake/golang:snapshot] ...
2016-2-10 11:2:23.0013 gsmake (runner.lua:86) 	from package [github.com/gsmake/golang:snapshot] -- success
2016-2-10 11:2:23.0014 gsmake (runner.lua:89) invoke task(resources) -- success
2016-2-10 11:2:23.0015 gsmake (runner.lua:70) invoke task(precompile)
2016-2-10 11:2:23.0015 gsmake (runner.lua:73) 	from package [github.com/gsmake/golang:snapshot] ...
2016-2-10 11:2:23.0017 gsmake (runner.lua:86) 	from package [github.com/gsmake/golang:snapshot] -- success
2016-2-10 11:2:23.0017 gsmake (runner.lua:89) invoke task(precompile) -- success
2016-2-10 11:2:23.0018 gsmake (runner.lua:70) invoke task(compile)
2016-2-10 11:2:23.0019 gsmake (runner.lua:73) 	from package [github.com/gsmake/golang:snapshot] ...
2016-2-10 11:2:26.0003 gsmake (runner.lua:86) 	from package [github.com/gsmake/golang:snapshot] -- success
2016-2-10 11:2:26.0004 gsmake (runner.lua:89) invoke task(compile) -- success
2016-2-10 11:2:26.0005 gsmake (runner.lua:70) invoke task(install)
2016-2-10 11:2:26.0005 gsmake (runner.lua:73) 	from package [github.com/gsmake/golang:snapshot] ...
2016-2-10 11:2:26.0022 gsmake (runner.lua:86) 	from package [github.com/gsmake/golang:snapshot] -- success
2016-2-10 11:2:26.0023 gsmake (runner.lua:89) invoke task(install) -- success
2016-2-10 11:2:26.0023 gsmake (runner.lua:86) 	from package [github.com/gsmake/gsrpc:snapshot] -- success
2016-2-10 11:2:26.0025 gsmake (runner.lua:89) invoke task(resources) -- success
2016-2-10 11:2:26.0025 gsmake (runner.lua:70) invoke task(precompile)
2016-2-10 11:2:26.0026 gsmake (runner.lua:73) 	from package [github.com/gsmake/gsrpc:snapshot] ...
2016-2-10 11:2:27.0073 gsmake (runner.lua:86) 	from package [github.com/gsmake/gsrpc:snapshot] -- success
2016-2-10 11:2:27.0074 gsmake (runner.lua:89) invoke task(precompile) -- success
