2016-2-9 17:41:12.0642 gsmake (runner.lua:46) register taskgroup(list) :
2016-2-9 17:41:12.0643 gsmake (runner.lua:48) 	from package [github.com/gsmake/commands:snapshot]
2016-2-9 17:41:12.0644 gsmake (runner.lua:46) register taskgroup(repo) :
2016-2-9 17:41:12.0645 gsmake (runner.lua:48) 	from package [github.com/gsmake/commands:snapshot]
2016-2-9 17:41:12.0645 gsmake (runner.lua:46) register taskgroup(cache) :
2016-2-9 17:41:12.0646 gsmake (runner.lua:48) 	from package [github.com/gsmake/commands:snapshot]
2016-2-9 17:41:12.0647 gsmake (runner.lua:46) register taskgroup(update) :
2016-2-9 17:41:12.0647 gsmake (runner.lua:48) 	from package [github.com/gsmake/commands:snapshot]
2016-2-9 17:41:12.0648 gsmake (runner.lua:46) register taskgroup(resources) :
2016-2-9 17:41:12.0648 gsmake (runner.lua:48) 	from package [github.com/gsmake/gsrpc:snapshot]
2016-2-9 17:41:12.0649 gsmake (runner.lua:46) register taskgroup(precompile) :
2016-2-9 17:41:12.0650 gsmake (runner.lua:48) 	from package [github.com/gsmake/gsrpc:snapshot]
2016-2-9 17:41:12.0651 gsmake (runner.lua:126) topshort task(precompile) from package [github.com/gsmake/gsrpc:snapshot] ;compile the gsrpc files
2016-2-9 17:41:12.0651 gsmake (runner.lua:126) topshort task(resources) from package [github.com/gsmake/gsrpc:snapshot] ;prepare gsrpc compiler
2016-2-9 17:41:12.0652 gsmake (runner.lua:70) invoke task(resources)
2016-2-9 17:41:12.0653 gsmake (runner.lua:73) 	from package [github.com/gsmake/gsrpc:snapshot] ...
2016-2-9 17:41:12.0705 gsmake (runner.lua:46) register taskgroup(install) :
2016-2-9 17:41:12.0706 gsmake (runner.lua:48) 	from package [github.com/gsmake/golang:snapshot]
2016-2-9 17:41:12.0706 gsmake (runner.lua:46) register taskgroup(resources) :
2016-2-9 17:41:12.0707 gsmake (runner.lua:48) 	from package [github.com/gsmake/golang:snapshot]
2016-2-9 17:41:12.0708 gsmake (runner.lua:46) register taskgroup(precompile) :
2016-2-9 17:41:12.0708 gsmake (runner.lua:48) 	from package [github.com/gsmake/golang:snapshot]
2016-2-9 17:41:12.0709 gsmake (runner.lua:46) register taskgroup(gopath) :
2016-2-9 17:41:12.0710 gsmake (runner.lua:48) 	from package [github.com/gsmake/golang:snapshot]
2016-2-9 17:41:12.0710 gsmake (runner.lua:46) register taskgroup(test) :
2016-2-9 17:41:12.0711 gsmake (runner.lua:48) 	from package [github.com/gsmake/golang:snapshot]
2016-2-9 17:41:12.0712 gsmake (runner.lua:46) register taskgroup(compile) :
2016-2-9 17:41:12.0712 gsmake (runner.lua:48) 	from package [github.com/gsmake/golang:snapshot]
2016-2-9 17:41:12.0713 gsmake (runner.lua:46) register taskgroup(gorun) :
2016-2-9 17:41:12.0714 gsmake (runner.lua:48) 	from package [github.com/gsmake/golang:snapshot]
2016-2-9 17:41:12.0714 gsmake (runner.lua:126) topshort task(install) from package [github.com/gsmake/golang:snapshot] ;golang package install package
2016-2-9 17:41:12.0715 gsmake (runner.lua:126) topshort task(compile) from package [github.com/gsmake/golang:snapshot] ;golang package compile task
2016-2-9 17:41:12.0715 gsmake (runner.lua:126) topshort task(precompile) from package [github.com/gsmake/golang:snapshot] ;golang precompile task
2016-2-9 17:41:12.0716 gsmake (runner.lua:126) topshort task(resources) from package [github.com/gsmake/golang:snapshot] ;prepare dependencies package
2016-2-9 17:41:12.0717 gsmake (runner.lua:70) invoke task(resources)
2016-2-9 17:41:12.0718 gsmake (runner.lua:73) 	from package [github.com/gsmake/golang:snapshot] ...
2016-2-9 17:41:12.0820 gsmake (runner.lua:86) 	from package [github.com/gsmake/golang:snapshot] -- success
2016-2-9 17:41:12.0821 gsmake (runner.lua:89) invoke task(resources) -- success
2016-2-9 17:41:12.0822 gsmake (runner.lua:70) invoke task(precompile)
2016-2-9 17:41:12.0822 gsmake (runner.lua:73) 	from package [github.com/gsmake/golang:snapshot] ...
2016-2-9 17:41:12.0823 gsmake (runner.lua:86) 	from package [github.com/gsmake/golang:snapshot] -- success
2016-2-9 17:41:12.0824 gsmake (runner.lua:89) invoke task(precompile) -- success
2016-2-9 17:41:12.0825 gsmake (runner.lua:70) invoke task(compile)
2016-2-9 17:41:12.0825 gsmake (runner.lua:73) 	from package [github.com/gsmake/golang:snapshot] ...
2016-2-9 17:41:15.0542 gsmake (runner.lua:86) 	from package [github.com/gsmake/golang:snapshot] -- success
2016-2-9 17:41:15.0543 gsmake (runner.lua:89) invoke task(compile) -- success
2016-2-9 17:41:15.0543 gsmake (runner.lua:70) invoke task(install)
2016-2-9 17:41:15.0544 gsmake (runner.lua:73) 	from package [github.com/gsmake/golang:snapshot] ...
2016-2-9 17:41:15.0559 gsmake (runner.lua:86) 	from package [github.com/gsmake/golang:snapshot] -- success
2016-2-9 17:41:15.0559 gsmake (runner.lua:89) invoke task(install) -- success
2016-2-9 17:41:15.0560 gsmake (runner.lua:86) 	from package [github.com/gsmake/gsrpc:snapshot] -- success
2016-2-9 17:41:15.0561 gsmake (runner.lua:89) invoke task(resources) -- success
2016-2-9 17:41:15.0561 gsmake (runner.lua:70) invoke task(precompile)
2016-2-9 17:41:15.0562 gsmake (runner.lua:73) 	from package [github.com/gsmake/gsrpc:snapshot] ...
2016-2-9 17:41:16.0411 gsmake (runner.lua:86) 	from package [github.com/gsmake/gsrpc:snapshot] -- success
2016-2-9 17:41:16.0411 gsmake (runner.lua:89) invoke task(precompile) -- success
