2016-2-9 15:10:59.0998 gsmake (runner.lua:46) register taskgroup(resources) :
2016-2-9 15:11:0.0002 gsmake (runner.lua:48) 	from package [github.com/gsmake/gsrpc:snapshot]
2016-2-9 15:11:0.0003 gsmake (runner.lua:46) register taskgroup(precompile) :
2016-2-9 15:11:0.0003 gsmake (runner.lua:48) 	from package [github.com/gsmake/gsrpc:snapshot]
2016-2-9 15:11:0.0004 gsmake (runner.lua:46) register taskgroup(repo) :
2016-2-9 15:11:0.0005 gsmake (runner.lua:48) 	from package [github.com/gsmake/commands:snapshot]
2016-2-9 15:11:0.0005 gsmake (runner.lua:46) register taskgroup(update) :
2016-2-9 15:11:0.0006 gsmake (runner.lua:48) 	from package [github.com/gsmake/commands:snapshot]
2016-2-9 15:11:0.0007 gsmake (runner.lua:46) register taskgroup(list) :
2016-2-9 15:11:0.0007 gsmake (runner.lua:48) 	from package [github.com/gsmake/commands:snapshot]
2016-2-9 15:11:0.0008 gsmake (runner.lua:46) register taskgroup(cache) :
2016-2-9 15:11:0.0009 gsmake (runner.lua:48) 	from package [github.com/gsmake/commands:snapshot]
2016-2-9 15:11:0.0009 gsmake (runner.lua:126) topshort task(precompile) from package [github.com/gsmake/gsrpc:snapshot] ;compile the gsrpc files
2016-2-9 15:11:0.0010 gsmake (runner.lua:126) topshort task(resources) from package [github.com/gsmake/gsrpc:snapshot] ;prepare gsrpc compiler
2016-2-9 15:11:0.0010 gsmake (runner.lua:70) invoke task(resources)
2016-2-9 15:11:0.0011 gsmake (runner.lua:73) 	from package [github.com/gsmake/gsrpc:snapshot] ...
2016-2-9 15:11:0.0078 gsmake (runner.lua:46) register taskgroup(resources) :
2016-2-9 15:11:0.0084 gsmake (runner.lua:48) 	from package [github.com/gsmake/golang:snapshot]
2016-2-9 15:11:0.0085 gsmake (runner.lua:46) register taskgroup(precompile) :
2016-2-9 15:11:0.0086 gsmake (runner.lua:48) 	from package [github.com/gsmake/golang:snapshot]
2016-2-9 15:11:0.0087 gsmake (runner.lua:46) register taskgroup(compile) :
2016-2-9 15:11:0.0087 gsmake (runner.lua:48) 	from package [github.com/gsmake/golang:snapshot]
2016-2-9 15:11:0.0088 gsmake (runner.lua:46) register taskgroup(gopath) :
2016-2-9 15:11:0.0089 gsmake (runner.lua:48) 	from package [github.com/gsmake/golang:snapshot]
2016-2-9 15:11:0.0089 gsmake (runner.lua:46) register taskgroup(test) :
2016-2-9 15:11:0.0090 gsmake (runner.lua:48) 	from package [github.com/gsmake/golang:snapshot]
2016-2-9 15:11:0.0090 gsmake (runner.lua:46) register taskgroup(install) :
2016-2-9 15:11:0.0091 gsmake (runner.lua:48) 	from package [github.com/gsmake/golang:snapshot]
2016-2-9 15:11:0.0092 gsmake (runner.lua:46) register taskgroup(gorun) :
2016-2-9 15:11:0.0092 gsmake (runner.lua:48) 	from package [github.com/gsmake/golang:snapshot]
2016-2-9 15:11:0.0093 gsmake (runner.lua:126) topshort task(install) from package [github.com/gsmake/golang:snapshot] ;golang package install package
2016-2-9 15:11:0.0094 gsmake (runner.lua:126) topshort task(compile) from package [github.com/gsmake/golang:snapshot] ;golang package compile task
2016-2-9 15:11:0.0094 gsmake (runner.lua:126) topshort task(precompile) from package [github.com/gsmake/golang:snapshot] ;golang precompile task
2016-2-9 15:11:0.0095 gsmake (runner.lua:126) topshort task(resources) from package [github.com/gsmake/golang:snapshot] ;prepare dependencies package
2016-2-9 15:11:0.0096 gsmake (runner.lua:70) invoke task(resources)
2016-2-9 15:11:0.0096 gsmake (runner.lua:73) 	from package [github.com/gsmake/golang:snapshot] ...
2016-2-9 15:11:0.0219 gsmake (runner.lua:86) 	from package [github.com/gsmake/golang:snapshot] -- success
2016-2-9 15:11:0.0219 gsmake (runner.lua:89) invoke task(resources) -- success
2016-2-9 15:11:0.0220 gsmake (runner.lua:70) invoke task(precompile)
2016-2-9 15:11:0.0221 gsmake (runner.lua:73) 	from package [github.com/gsmake/golang:snapshot] ...
2016-2-9 15:11:0.0222 gsmake (runner.lua:86) 	from package [github.com/gsmake/golang:snapshot] -- success
2016-2-9 15:11:0.0223 gsmake (runner.lua:89) invoke task(precompile) -- success
2016-2-9 15:11:0.0224 gsmake (runner.lua:70) invoke task(compile)
2016-2-9 15:11:0.0224 gsmake (runner.lua:73) 	from package [github.com/gsmake/golang:snapshot] ...
2016-2-9 15:11:2.0774 gsmake (runner.lua:86) 	from package [github.com/gsmake/golang:snapshot] -- success
2016-2-9 15:11:2.0775 gsmake (runner.lua:89) invoke task(compile) -- success
2016-2-9 15:11:2.0776 gsmake (runner.lua:70) invoke task(install)
2016-2-9 15:11:2.0776 gsmake (runner.lua:73) 	from package [github.com/gsmake/golang:snapshot] ...
2016-2-9 15:11:2.0791 gsmake (runner.lua:86) 	from package [github.com/gsmake/golang:snapshot] -- success
2016-2-9 15:11:2.0792 gsmake (runner.lua:89) invoke task(install) -- success
2016-2-9 15:11:2.0792 gsmake (runner.lua:86) 	from package [github.com/gsmake/gsrpc:snapshot] -- success
2016-2-9 15:11:2.0793 gsmake (runner.lua:89) invoke task(resources) -- success
2016-2-9 15:11:2.0793 gsmake (runner.lua:70) invoke task(precompile)
2016-2-9 15:11:2.0794 gsmake (runner.lua:73) 	from package [github.com/gsmake/gsrpc:snapshot] ...
2016-2-9 15:11:3.0555 console (main.lua:114) run gsmake -- failed !!!!!
