2016-2-9 16:43:52.0504 gsmake (runner.lua:46) register taskgroup(repo) :
2016-2-9 16:43:52.0505 gsmake (runner.lua:48) 	from package [github.com/gsmake/commands:snapshot]
2016-2-9 16:43:52.0505 gsmake (runner.lua:46) register taskgroup(list) :
2016-2-9 16:43:52.0506 gsmake (runner.lua:48) 	from package [github.com/gsmake/commands:snapshot]
2016-2-9 16:43:52.0506 gsmake (runner.lua:46) register taskgroup(update) :
2016-2-9 16:43:52.0507 gsmake (runner.lua:48) 	from package [github.com/gsmake/commands:snapshot]
2016-2-9 16:43:52.0507 gsmake (runner.lua:46) register taskgroup(resources) :
2016-2-9 16:43:52.0508 gsmake (runner.lua:48) 	from package [github.com/gsmake/gsrpc:snapshot]
2016-2-9 16:43:52.0509 gsmake (runner.lua:46) register taskgroup(precompile) :
2016-2-9 16:43:52.0509 gsmake (runner.lua:48) 	from package [github.com/gsmake/gsrpc:snapshot]
2016-2-9 16:43:52.0510 gsmake (runner.lua:46) register taskgroup(cache) :
2016-2-9 16:43:52.0511 gsmake (runner.lua:48) 	from package [github.com/gsmake/commands:snapshot]
2016-2-9 16:43:52.0511 gsmake (runner.lua:126) topshort task(precompile) from package [github.com/gsmake/gsrpc:snapshot] ;compile the gsrpc files
2016-2-9 16:43:52.0512 gsmake (runner.lua:126) topshort task(resources) from package [github.com/gsmake/gsrpc:snapshot] ;prepare gsrpc compiler
2016-2-9 16:43:52.0512 gsmake (runner.lua:70) invoke task(resources)
2016-2-9 16:43:52.0513 gsmake (runner.lua:73) 	from package [github.com/gsmake/gsrpc:snapshot] ...
2016-2-9 16:43:52.0570 gsmake (runner.lua:46) register taskgroup(compile) :
2016-2-9 16:43:52.0570 gsmake (runner.lua:48) 	from package [github.com/gsmake/golang:snapshot]
2016-2-9 16:43:52.0571 gsmake (runner.lua:46) register taskgroup(install) :
2016-2-9 16:43:52.0572 gsmake (runner.lua:48) 	from package [github.com/gsmake/golang:snapshot]
2016-2-9 16:43:52.0572 gsmake (runner.lua:46) register taskgroup(gopath) :
2016-2-9 16:43:52.0573 gsmake (runner.lua:48) 	from package [github.com/gsmake/golang:snapshot]
2016-2-9 16:43:52.0574 gsmake (runner.lua:46) register taskgroup(precompile) :
2016-2-9 16:43:52.0574 gsmake (runner.lua:48) 	from package [github.com/gsmake/golang:snapshot]
2016-2-9 16:43:52.0575 gsmake (runner.lua:46) register taskgroup(test) :
2016-2-9 16:43:52.0575 gsmake (runner.lua:48) 	from package [github.com/gsmake/golang:snapshot]
2016-2-9 16:43:52.0576 gsmake (runner.lua:46) register taskgroup(gorun) :
2016-2-9 16:43:52.0577 gsmake (runner.lua:48) 	from package [github.com/gsmake/golang:snapshot]
2016-2-9 16:43:52.0577 gsmake (runner.lua:46) register taskgroup(resources) :
2016-2-9 16:43:52.0578 gsmake (runner.lua:48) 	from package [github.com/gsmake/golang:snapshot]
2016-2-9 16:43:52.0579 gsmake (runner.lua:126) topshort task(install) from package [github.com/gsmake/golang:snapshot] ;golang package install package
2016-2-9 16:43:52.0579 gsmake (runner.lua:126) topshort task(compile) from package [github.com/gsmake/golang:snapshot] ;golang package compile task
2016-2-9 16:43:52.0580 gsmake (runner.lua:126) topshort task(precompile) from package [github.com/gsmake/golang:snapshot] ;golang precompile task
2016-2-9 16:43:52.0580 gsmake (runner.lua:126) topshort task(resources) from package [github.com/gsmake/golang:snapshot] ;prepare dependencies package
2016-2-9 16:43:52.0581 gsmake (runner.lua:70) invoke task(resources)
2016-2-9 16:43:52.0582 gsmake (runner.lua:73) 	from package [github.com/gsmake/golang:snapshot] ...
2016-2-9 16:43:52.0685 gsmake (runner.lua:86) 	from package [github.com/gsmake/golang:snapshot] -- success
2016-2-9 16:43:52.0685 gsmake (runner.lua:89) invoke task(resources) -- success
2016-2-9 16:43:52.0686 gsmake (runner.lua:70) invoke task(precompile)
2016-2-9 16:43:52.0686 gsmake (runner.lua:73) 	from package [github.com/gsmake/golang:snapshot] ...
2016-2-9 16:43:52.0688 gsmake (runner.lua:86) 	from package [github.com/gsmake/golang:snapshot] -- success
2016-2-9 16:43:52.0688 gsmake (runner.lua:89) invoke task(precompile) -- success
2016-2-9 16:43:52.0689 gsmake (runner.lua:70) invoke task(compile)
2016-2-9 16:43:52.0690 gsmake (runner.lua:73) 	from package [github.com/gsmake/golang:snapshot] ...
2016-2-9 16:43:55.0263 gsmake (runner.lua:86) 	from package [github.com/gsmake/golang:snapshot] -- success
2016-2-9 16:43:55.0263 gsmake (runner.lua:89) invoke task(compile) -- success
2016-2-9 16:43:55.0264 gsmake (runner.lua:70) invoke task(install)
2016-2-9 16:43:55.0265 gsmake (runner.lua:73) 	from package [github.com/gsmake/golang:snapshot] ...
2016-2-9 16:43:55.0279 gsmake (runner.lua:86) 	from package [github.com/gsmake/golang:snapshot] -- success
2016-2-9 16:43:55.0280 gsmake (runner.lua:89) invoke task(install) -- success
2016-2-9 16:43:55.0281 gsmake (runner.lua:86) 	from package [github.com/gsmake/gsrpc:snapshot] -- success
2016-2-9 16:43:55.0281 gsmake (runner.lua:89) invoke task(resources) -- success
2016-2-9 16:43:55.0282 gsmake (runner.lua:70) invoke task(precompile)
2016-2-9 16:43:55.0283 gsmake (runner.lua:73) 	from package [github.com/gsmake/gsrpc:snapshot] ...
2016-2-9 16:43:56.0281 gsmake (runner.lua:86) 	from package [github.com/gsmake/gsrpc:snapshot] -- success
2016-2-9 16:43:56.0282 gsmake (runner.lua:89) invoke task(precompile) -- success
