2016-2-10 14:1:9.0189 gsmake (runner.lua:46) register taskgroup(precompile) :
2016-2-10 14:1:9.0189 gsmake (runner.lua:48) 	from package [github.com/gsmake/gsrpc:snapshot]
2016-2-10 14:1:9.0190 gsmake (runner.lua:46) register taskgroup(repo) :
2016-2-10 14:1:9.0191 gsmake (runner.lua:48) 	from package [github.com/gsmake/commands:snapshot]
2016-2-10 14:1:9.0191 gsmake (runner.lua:46) register taskgroup(resources) :
2016-2-10 14:1:9.0192 gsmake (runner.lua:48) 	from package [github.com/gsmake/gsrpc:snapshot]
2016-2-10 14:1:9.0192 gsmake (runner.lua:46) register taskgroup(list) :
2016-2-10 14:1:9.0193 gsmake (runner.lua:48) 	from package [github.com/gsmake/commands:snapshot]
2016-2-10 14:1:9.0194 gsmake (runner.lua:46) register taskgroup(update) :
2016-2-10 14:1:9.0194 gsmake (runner.lua:48) 	from package [github.com/gsmake/commands:snapshot]
2016-2-10 14:1:9.0195 gsmake (runner.lua:46) register taskgroup(cache) :
2016-2-10 14:1:9.0196 gsmake (runner.lua:48) 	from package [github.com/gsmake/commands:snapshot]
2016-2-10 14:1:9.0196 gsmake (runner.lua:126) topshort task(precompile) from package [github.com/gsmake/gsrpc:snapshot] ;compile the gsrpc files
2016-2-10 14:1:9.0197 gsmake (runner.lua:126) topshort task(resources) from package [github.com/gsmake/gsrpc:snapshot] ;prepare gsrpc compiler
2016-2-10 14:1:9.0198 gsmake (runner.lua:70) invoke task(resources)
2016-2-10 14:1:9.0198 gsmake (runner.lua:73) 	from package [github.com/gsmake/gsrpc:snapshot] ...
2016-2-10 14:1:9.0253 gsmake (runner.lua:46) register taskgroup(precompile) :
2016-2-10 14:1:9.0254 gsmake (runner.lua:48) 	from package [github.com/gsmake/golang:snapshot]
2016-2-10 14:1:9.0255 gsmake (runner.lua:46) register taskgroup(test) :
2016-2-10 14:1:9.0255 gsmake (runner.lua:48) 	from package [github.com/gsmake/golang:snapshot]
2016-2-10 14:1:9.0256 gsmake (runner.lua:46) register taskgroup(compile) :
2016-2-10 14:1:9.0256 gsmake (runner.lua:48) 	from package [github.com/gsmake/golang:snapshot]
2016-2-10 14:1:9.0257 gsmake (runner.lua:46) register taskgroup(gorun) :
2016-2-10 14:1:9.0258 gsmake (runner.lua:48) 	from package [github.com/gsmake/golang:snapshot]
2016-2-10 14:1:9.0258 gsmake (runner.lua:46) register taskgroup(resources) :
2016-2-10 14:1:9.0259 gsmake (runner.lua:48) 	from package [github.com/gsmake/golang:snapshot]
2016-2-10 14:1:9.0260 gsmake (runner.lua:46) register taskgroup(gopath) :
2016-2-10 14:1:9.0261 gsmake (runner.lua:48) 	from package [github.com/gsmake/golang:snapshot]
2016-2-10 14:1:9.0261 gsmake (runner.lua:46) register taskgroup(install) :
2016-2-10 14:1:9.0262 gsmake (runner.lua:48) 	from package [github.com/gsmake/golang:snapshot]
2016-2-10 14:1:9.0262 gsmake (runner.lua:126) topshort task(install) from package [github.com/gsmake/golang:snapshot] ;golang package install package
2016-2-10 14:1:9.0263 gsmake (runner.lua:126) topshort task(compile) from package [github.com/gsmake/golang:snapshot] ;golang package compile task
2016-2-10 14:1:9.0264 gsmake (runner.lua:126) topshort task(precompile) from package [github.com/gsmake/golang:snapshot] ;golang precompile task
2016-2-10 14:1:9.0264 gsmake (runner.lua:126) topshort task(resources) from package [github.com/gsmake/golang:snapshot] ;prepare dependencies package
2016-2-10 14:1:9.0265 gsmake (runner.lua:70) invoke task(resources)
2016-2-10 14:1:9.0266 gsmake (runner.lua:73) 	from package [github.com/gsmake/golang:snapshot] ...
2016-2-10 14:1:9.0368 gsmake (runner.lua:86) 	from package [github.com/gsmake/golang:snapshot] -- success
2016-2-10 14:1:9.0369 gsmake (runner.lua:89) invoke task(resources) -- success
2016-2-10 14:1:9.0370 gsmake (runner.lua:70) invoke task(precompile)
2016-2-10 14:1:9.0370 gsmake (runner.lua:73) 	from package [github.com/gsmake/golang:snapshot] ...
2016-2-10 14:1:9.0372 gsmake (runner.lua:86) 	from package [github.com/gsmake/golang:snapshot] -- success
2016-2-10 14:1:9.0372 gsmake (runner.lua:89) invoke task(precompile) -- success
2016-2-10 14:1:9.0373 gsmake (runner.lua:70) invoke task(compile)
2016-2-10 14:1:9.0373 gsmake (runner.lua:73) 	from package [github.com/gsmake/golang:snapshot] ...
2016-2-10 14:1:12.0127 gsmake (runner.lua:86) 	from package [github.com/gsmake/golang:snapshot] -- success
2016-2-10 14:1:12.0127 gsmake (runner.lua:89) invoke task(compile) -- success
2016-2-10 14:1:12.0128 gsmake (runner.lua:70) invoke task(install)
2016-2-10 14:1:12.0129 gsmake (runner.lua:73) 	from package [github.com/gsmake/golang:snapshot] ...
2016-2-10 14:1:12.0144 gsmake (runner.lua:86) 	from package [github.com/gsmake/golang:snapshot] -- success
2016-2-10 14:1:12.0145 gsmake (runner.lua:89) invoke task(install) -- success
2016-2-10 14:1:12.0145 gsmake (runner.lua:86) 	from package [github.com/gsmake/gsrpc:snapshot] -- success
2016-2-10 14:1:12.0146 gsmake (runner.lua:89) invoke task(resources) -- success
2016-2-10 14:1:12.0146 gsmake (runner.lua:70) invoke task(precompile)
2016-2-10 14:1:12.0147 gsmake (runner.lua:73) 	from package [github.com/gsmake/gsrpc:snapshot] ...
2016-2-10 14:1:13.0177 gsmake (runner.lua:86) 	from package [github.com/gsmake/gsrpc:snapshot] -- success
2016-2-10 14:1:13.0177 gsmake (runner.lua:89) invoke task(precompile) -- success
