2016-2-9 18:26:15.0242 gsmake (runner.lua:46) register taskgroup(update) :
2016-2-9 18:26:15.0243 gsmake (runner.lua:48) 	from package [github.com/gsmake/commands:snapshot]
2016-2-9 18:26:15.0243 gsmake (runner.lua:46) register taskgroup(list) :
2016-2-9 18:26:15.0244 gsmake (runner.lua:48) 	from package [github.com/gsmake/commands:snapshot]
2016-2-9 18:26:15.0244 gsmake (runner.lua:46) register taskgroup(repo) :
2016-2-9 18:26:15.0245 gsmake (runner.lua:48) 	from package [github.com/gsmake/commands:snapshot]
2016-2-9 18:26:15.0246 gsmake (runner.lua:46) register taskgroup(cache) :
2016-2-9 18:26:15.0246 gsmake (runner.lua:48) 	from package [github.com/gsmake/commands:snapshot]
2016-2-9 18:26:15.0247 gsmake (runner.lua:46) register taskgroup(resources) :
2016-2-9 18:26:15.0248 gsmake (runner.lua:48) 	from package [github.com/gsmake/gsrpc:snapshot]
2016-2-9 18:26:15.0249 gsmake (runner.lua:46) register taskgroup(precompile) :
2016-2-9 18:26:15.0249 gsmake (runner.lua:48) 	from package [github.com/gsmake/gsrpc:snapshot]
2016-2-9 18:26:15.0250 gsmake (runner.lua:126) topshort task(precompile) from package [github.com/gsmake/gsrpc:snapshot] ;compile the gsrpc files
2016-2-9 18:26:15.0251 gsmake (runner.lua:126) topshort task(resources) from package [github.com/gsmake/gsrpc:snapshot] ;prepare gsrpc compiler
2016-2-9 18:26:15.0251 gsmake (runner.lua:70) invoke task(resources)
2016-2-9 18:26:15.0252 gsmake (runner.lua:73) 	from package [github.com/gsmake/gsrpc:snapshot] ...
2016-2-9 18:26:15.0304 gsmake (runner.lua:46) register taskgroup(test) :
2016-2-9 18:26:15.0305 gsmake (runner.lua:48) 	from package [github.com/gsmake/golang:snapshot]
2016-2-9 18:26:15.0305 gsmake (runner.lua:46) register taskgroup(precompile) :
2016-2-9 18:26:15.0306 gsmake (runner.lua:48) 	from package [github.com/gsmake/golang:snapshot]
2016-2-9 18:26:15.0307 gsmake (runner.lua:46) register taskgroup(install) :
2016-2-9 18:26:15.0307 gsmake (runner.lua:48) 	from package [github.com/gsmake/golang:snapshot]
2016-2-9 18:26:15.0308 gsmake (runner.lua:46) register taskgroup(resources) :
2016-2-9 18:26:15.0309 gsmake (runner.lua:48) 	from package [github.com/gsmake/golang:snapshot]
2016-2-9 18:26:15.0309 gsmake (runner.lua:46) register taskgroup(gorun) :
2016-2-9 18:26:15.0310 gsmake (runner.lua:48) 	from package [github.com/gsmake/golang:snapshot]
2016-2-9 18:26:15.0311 gsmake (runner.lua:46) register taskgroup(gopath) :
2016-2-9 18:26:15.0311 gsmake (runner.lua:48) 	from package [github.com/gsmake/golang:snapshot]
2016-2-9 18:26:15.0312 gsmake (runner.lua:46) register taskgroup(compile) :
2016-2-9 18:26:15.0313 gsmake (runner.lua:48) 	from package [github.com/gsmake/golang:snapshot]
2016-2-9 18:26:15.0313 gsmake (runner.lua:126) topshort task(install) from package [github.com/gsmake/golang:snapshot] ;golang package install package
2016-2-9 18:26:15.0314 gsmake (runner.lua:126) topshort task(compile) from package [github.com/gsmake/golang:snapshot] ;golang package compile task
2016-2-9 18:26:15.0315 gsmake (runner.lua:126) topshort task(precompile) from package [github.com/gsmake/golang:snapshot] ;golang precompile task
2016-2-9 18:26:15.0315 gsmake (runner.lua:126) topshort task(resources) from package [github.com/gsmake/golang:snapshot] ;prepare dependencies package
2016-2-9 18:26:15.0316 gsmake (runner.lua:70) invoke task(resources)
2016-2-9 18:26:15.0317 gsmake (runner.lua:73) 	from package [github.com/gsmake/golang:snapshot] ...
2016-2-9 18:26:15.0418 gsmake (runner.lua:86) 	from package [github.com/gsmake/golang:snapshot] -- success
2016-2-9 18:26:15.0418 gsmake (runner.lua:89) invoke task(resources) -- success
2016-2-9 18:26:15.0419 gsmake (runner.lua:70) invoke task(precompile)
2016-2-9 18:26:15.0420 gsmake (runner.lua:73) 	from package [github.com/gsmake/golang:snapshot] ...
2016-2-9 18:26:15.0421 gsmake (runner.lua:86) 	from package [github.com/gsmake/golang:snapshot] -- success
2016-2-9 18:26:15.0422 gsmake (runner.lua:89) invoke task(precompile) -- success
2016-2-9 18:26:15.0422 gsmake (runner.lua:70) invoke task(compile)
2016-2-9 18:26:15.0423 gsmake (runner.lua:73) 	from package [github.com/gsmake/golang:snapshot] ...
2016-2-9 18:26:18.0113 gsmake (runner.lua:86) 	from package [github.com/gsmake/golang:snapshot] -- success
2016-2-9 18:26:18.0114 gsmake (runner.lua:89) invoke task(compile) -- success
2016-2-9 18:26:18.0115 gsmake (runner.lua:70) invoke task(install)
2016-2-9 18:26:18.0115 gsmake (runner.lua:73) 	from package [github.com/gsmake/golang:snapshot] ...
2016-2-9 18:26:18.0131 gsmake (runner.lua:86) 	from package [github.com/gsmake/golang:snapshot] -- success
2016-2-9 18:26:18.0132 gsmake (runner.lua:89) invoke task(install) -- success
2016-2-9 18:26:18.0133 gsmake (runner.lua:86) 	from package [github.com/gsmake/gsrpc:snapshot] -- success
2016-2-9 18:26:18.0134 gsmake (runner.lua:89) invoke task(resources) -- success
2016-2-9 18:26:18.0134 gsmake (runner.lua:70) invoke task(precompile)
2016-2-9 18:26:18.0135 gsmake (runner.lua:73) 	from package [github.com/gsmake/gsrpc:snapshot] ...
2016-2-9 18:26:19.0191 gsmake (runner.lua:86) 	from package [github.com/gsmake/gsrpc:snapshot] -- success
2016-2-9 18:26:19.0192 gsmake (runner.lua:89) invoke task(precompile) -- success
