2016-2-9 15:8:43.0683 gsmake (runner.lua:46) register taskgroup(repo) :
2016-2-9 15:8:43.0684 gsmake (runner.lua:48) 	from package [github.com/gsmake/commands:snapshot]
2016-2-9 15:8:43.0684 gsmake (runner.lua:46) register taskgroup(resources) :
2016-2-9 15:8:43.0685 gsmake (runner.lua:48) 	from package [github.com/gsmake/gsrpc:snapshot]
2016-2-9 15:8:43.0686 gsmake (runner.lua:46) register taskgroup(update) :
2016-2-9 15:8:43.0686 gsmake (runner.lua:48) 	from package [github.com/gsmake/commands:snapshot]
2016-2-9 15:8:43.0687 gsmake (runner.lua:46) register taskgroup(cache) :
2016-2-9 15:8:43.0687 gsmake (runner.lua:48) 	from package [github.com/gsmake/commands:snapshot]
2016-2-9 15:8:43.0688 gsmake (runner.lua:46) register taskgroup(precompile) :
2016-2-9 15:8:43.0689 gsmake (runner.lua:48) 	from package [github.com/gsmake/gsrpc:snapshot]
2016-2-9 15:8:43.0689 gsmake (runner.lua:46) register taskgroup(list) :
2016-2-9 15:8:43.0690 gsmake (runner.lua:48) 	from package [github.com/gsmake/commands:snapshot]
2016-2-9 15:8:43.0691 gsmake (runner.lua:126) topshort task(resources) from package [github.com/gsmake/gsrpc:snapshot] ;prepare gsrpc compiler
2016-2-9 15:8:43.0692 gsmake (runner.lua:70) invoke task(resources)
2016-2-9 15:8:43.0692 gsmake (runner.lua:73) 	from package [github.com/gsmake/gsrpc:snapshot] ...
2016-2-9 15:8:43.0756 gsmake (runner.lua:46) register taskgroup(gopath) :
2016-2-9 15:8:43.0758 gsmake (runner.lua:48) 	from package [github.com/gsmake/golang:snapshot]
2016-2-9 15:8:43.0759 gsmake (runner.lua:46) register taskgroup(resources) :
2016-2-9 15:8:43.0759 gsmake (runner.lua:48) 	from package [github.com/gsmake/golang:snapshot]
2016-2-9 15:8:43.0760 gsmake (runner.lua:46) register taskgroup(gorun) :
2016-2-9 15:8:43.0760 gsmake (runner.lua:48) 	from package [github.com/gsmake/golang:snapshot]
2016-2-9 15:8:43.0761 gsmake (runner.lua:46) register taskgroup(test) :
2016-2-9 15:8:43.0762 gsmake (runner.lua:48) 	from package [github.com/gsmake/golang:snapshot]
2016-2-9 15:8:43.0762 gsmake (runner.lua:46) register taskgroup(install) :
2016-2-9 15:8:43.0763 gsmake (runner.lua:48) 	from package [github.com/gsmake/golang:snapshot]
2016-2-9 15:8:43.0764 gsmake (runner.lua:46) register taskgroup(compile) :
2016-2-9 15:8:43.0764 gsmake (runner.lua:48) 	from package [github.com/gsmake/golang:snapshot]
2016-2-9 15:8:43.0765 gsmake (runner.lua:46) register taskgroup(precompile) :
2016-2-9 15:8:43.0766 gsmake (runner.lua:48) 	from package [github.com/gsmake/golang:snapshot]
2016-2-9 15:8:43.0766 gsmake (runner.lua:126) topshort task(install) from package [github.com/gsmake/golang:snapshot] ;golang package install package
2016-2-9 15:8:43.0767 gsmake (runner.lua:126) topshort task(compile) from package [github.com/gsmake/golang:snapshot] ;golang package compile task
2016-2-9 15:8:43.0768 gsmake (runner.lua:126) topshort task(precompile) from package [github.com/gsmake/golang:snapshot] ;golang precompile task
2016-2-9 15:8:43.0768 gsmake (runner.lua:126) topshort task(resources) from package [github.com/gsmake/golang:snapshot] ;prepare dependencies package
2016-2-9 15:8:43.0769 gsmake (runner.lua:70) invoke task(resources)
2016-2-9 15:8:43.0770 gsmake (runner.lua:73) 	from package [github.com/gsmake/golang:snapshot] ...
2016-2-9 15:8:43.0873 gsmake (runner.lua:86) 	from package [github.com/gsmake/golang:snapshot] -- success
2016-2-9 15:8:43.0873 gsmake (runner.lua:89) invoke task(resources) -- success
2016-2-9 15:8:43.0874 gsmake (runner.lua:70) invoke task(precompile)
2016-2-9 15:8:43.0875 gsmake (runner.lua:73) 	from package [github.com/gsmake/golang:snapshot] ...
2016-2-9 15:8:43.0876 gsmake (runner.lua:86) 	from package [github.com/gsmake/golang:snapshot] -- success
2016-2-9 15:8:43.0877 gsmake (runner.lua:89) invoke task(precompile) -- success
2016-2-9 15:8:43.0877 gsmake (runner.lua:70) invoke task(compile)
2016-2-9 15:8:43.0878 gsmake (runner.lua:73) 	from package [github.com/gsmake/golang:snapshot] ...
2016-2-9 15:8:46.0389 gsmake (runner.lua:86) 	from package [github.com/gsmake/golang:snapshot] -- success
2016-2-9 15:8:46.0389 gsmake (runner.lua:89) invoke task(compile) -- success
2016-2-9 15:8:46.0390 gsmake (runner.lua:70) invoke task(install)
2016-2-9 15:8:46.0391 gsmake (runner.lua:73) 	from package [github.com/gsmake/golang:snapshot] ...
2016-2-9 15:8:46.0405 gsmake (runner.lua:86) 	from package [github.com/gsmake/golang:snapshot] -- success
2016-2-9 15:8:46.0405 gsmake (runner.lua:89) invoke task(install) -- success
2016-2-9 15:8:46.0406 gsmake (runner.lua:86) 	from package [github.com/gsmake/gsrpc:snapshot] -- success
2016-2-9 15:8:46.0407 gsmake (runner.lua:89) invoke task(resources) -- success
