2016-2-9 16:21:49.0247 gsmake (runner.lua:46) register taskgroup(resources) :
2016-2-9 16:21:49.0247 gsmake (runner.lua:48) 	from package [github.com/gsmake/gsrpc:snapshot]
2016-2-9 16:21:49.0248 gsmake (runner.lua:46) register taskgroup(repo) :
2016-2-9 16:21:49.0248 gsmake (runner.lua:48) 	from package [github.com/gsmake/commands:snapshot]
2016-2-9 16:21:49.0249 gsmake (runner.lua:46) register taskgroup(update) :
2016-2-9 16:21:49.0250 gsmake (runner.lua:48) 	from package [github.com/gsmake/commands:snapshot]
2016-2-9 16:21:49.0250 gsmake (runner.lua:46) register taskgroup(list) :
2016-2-9 16:21:49.0251 gsmake (runner.lua:48) 	from package [github.com/gsmake/commands:snapshot]
2016-2-9 16:21:49.0252 gsmake (runner.lua:46) register taskgroup(precompile) :
2016-2-9 16:21:49.0252 gsmake (runner.lua:48) 	from package [github.com/gsmake/gsrpc:snapshot]
2016-2-9 16:21:49.0253 gsmake (runner.lua:46) register taskgroup(cache) :
2016-2-9 16:21:49.0254 gsmake (runner.lua:48) 	from package [github.com/gsmake/commands:snapshot]
2016-2-9 16:21:49.0254 gsmake (runner.lua:126) topshort task(precompile) from package [github.com/gsmake/gsrpc:snapshot] ;compile the gsrpc files
2016-2-9 16:21:49.0255 gsmake (runner.lua:126) topshort task(resources) from package [github.com/gsmake/gsrpc:snapshot] ;prepare gsrpc compiler
2016-2-9 16:21:49.0256 gsmake (runner.lua:70) invoke task(resources)
2016-2-9 16:21:49.0256 gsmake (runner.lua:73) 	from package [github.com/gsmake/gsrpc:snapshot] ...
2016-2-9 16:21:49.0311 gsmake (runner.lua:46) register taskgroup(resources) :
2016-2-9 16:21:49.0312 gsmake (runner.lua:48) 	from package [github.com/gsmake/golang:snapshot]
2016-2-9 16:21:49.0313 gsmake (runner.lua:46) register taskgroup(test) :
2016-2-9 16:21:49.0313 gsmake (runner.lua:48) 	from package [github.com/gsmake/golang:snapshot]
2016-2-9 16:21:49.0314 gsmake (runner.lua:46) register taskgroup(gorun) :
2016-2-9 16:21:49.0314 gsmake (runner.lua:48) 	from package [github.com/gsmake/golang:snapshot]
2016-2-9 16:21:49.0315 gsmake (runner.lua:46) register taskgroup(precompile) :
2016-2-9 16:21:49.0316 gsmake (runner.lua:48) 	from package [github.com/gsmake/golang:snapshot]
2016-2-9 16:21:49.0316 gsmake (runner.lua:46) register taskgroup(install) :
2016-2-9 16:21:49.0317 gsmake (runner.lua:48) 	from package [github.com/gsmake/golang:snapshot]
2016-2-9 16:21:49.0318 gsmake (runner.lua:46) register taskgroup(compile) :
2016-2-9 16:21:49.0319 gsmake (runner.lua:48) 	from package [github.com/gsmake/golang:snapshot]
2016-2-9 16:21:49.0319 gsmake (runner.lua:46) register taskgroup(gopath) :
2016-2-9 16:21:49.0320 gsmake (runner.lua:48) 	from package [github.com/gsmake/golang:snapshot]
2016-2-9 16:21:49.0320 gsmake (runner.lua:126) topshort task(install) from package [github.com/gsmake/golang:snapshot] ;golang package install package
2016-2-9 16:21:49.0321 gsmake (runner.lua:126) topshort task(compile) from package [github.com/gsmake/golang:snapshot] ;golang package compile task
2016-2-9 16:21:49.0322 gsmake (runner.lua:126) topshort task(precompile) from package [github.com/gsmake/golang:snapshot] ;golang precompile task
2016-2-9 16:21:49.0323 gsmake (runner.lua:126) topshort task(resources) from package [github.com/gsmake/golang:snapshot] ;prepare dependencies package
2016-2-9 16:21:49.0323 gsmake (runner.lua:70) invoke task(resources)
2016-2-9 16:21:49.0324 gsmake (runner.lua:73) 	from package [github.com/gsmake/golang:snapshot] ...
2016-2-9 16:21:49.0432 gsmake (runner.lua:86) 	from package [github.com/gsmake/golang:snapshot] -- success
2016-2-9 16:21:49.0432 gsmake (runner.lua:89) invoke task(resources) -- success
2016-2-9 16:21:49.0433 gsmake (runner.lua:70) invoke task(precompile)
2016-2-9 16:21:49.0434 gsmake (runner.lua:73) 	from package [github.com/gsmake/golang:snapshot] ...
2016-2-9 16:21:49.0435 gsmake (runner.lua:86) 	from package [github.com/gsmake/golang:snapshot] -- success
2016-2-9 16:21:49.0436 gsmake (runner.lua:89) invoke task(precompile) -- success
2016-2-9 16:21:49.0436 gsmake (runner.lua:70) invoke task(compile)
2016-2-9 16:21:49.0437 gsmake (runner.lua:73) 	from package [github.com/gsmake/golang:snapshot] ...
2016-2-9 16:21:52.0057 gsmake (runner.lua:86) 	from package [github.com/gsmake/golang:snapshot] -- success
2016-2-9 16:21:52.0057 gsmake (runner.lua:89) invoke task(compile) -- success
2016-2-9 16:21:52.0058 gsmake (runner.lua:70) invoke task(install)
2016-2-9 16:21:52.0059 gsmake (runner.lua:73) 	from package [github.com/gsmake/golang:snapshot] ...
2016-2-9 16:21:52.0075 gsmake (runner.lua:86) 	from package [github.com/gsmake/golang:snapshot] -- success
2016-2-9 16:21:52.0075 gsmake (runner.lua:89) invoke task(install) -- success
2016-2-9 16:21:52.0076 gsmake (runner.lua:86) 	from package [github.com/gsmake/gsrpc:snapshot] -- success
2016-2-9 16:21:52.0077 gsmake (runner.lua:89) invoke task(resources) -- success
2016-2-9 16:21:52.0077 gsmake (runner.lua:70) invoke task(precompile)
2016-2-9 16:21:52.0078 gsmake (runner.lua:73) 	from package [github.com/gsmake/gsrpc:snapshot] ...
2016-2-9 16:21:53.0139 gsmake (runner.lua:86) 	from package [github.com/gsmake/gsrpc:snapshot] -- success
2016-2-9 16:21:53.0139 gsmake (runner.lua:89) invoke task(precompile) -- success
