2016-2-9 17:9:25.0193 gsmake (runner.lua:46) register taskgroup(cache) :
2016-2-9 17:9:25.0194 gsmake (runner.lua:48) 	from package [github.com/gsmake/commands:snapshot]
2016-2-9 17:9:25.0194 gsmake (runner.lua:46) register taskgroup(precompile) :
2016-2-9 17:9:25.0195 gsmake (runner.lua:48) 	from package [github.com/gsmake/gsrpc:snapshot]
2016-2-9 17:9:25.0196 gsmake (runner.lua:46) register taskgroup(resources) :
2016-2-9 17:9:25.0196 gsmake (runner.lua:48) 	from package [github.com/gsmake/gsrpc:snapshot]
2016-2-9 17:9:25.0197 gsmake (runner.lua:46) register taskgroup(update) :
2016-2-9 17:9:25.0197 gsmake (runner.lua:48) 	from package [github.com/gsmake/commands:snapshot]
2016-2-9 17:9:25.0198 gsmake (runner.lua:46) register taskgroup(repo) :
2016-2-9 17:9:25.0199 gsmake (runner.lua:48) 	from package [github.com/gsmake/commands:snapshot]
2016-2-9 17:9:25.0199 gsmake (runner.lua:46) register taskgroup(list) :
2016-2-9 17:9:25.0200 gsmake (runner.lua:48) 	from package [github.com/gsmake/commands:snapshot]
2016-2-9 17:9:25.0201 gsmake (runner.lua:126) topshort task(precompile) from package [github.com/gsmake/gsrpc:snapshot] ;compile the gsrpc files
2016-2-9 17:9:25.0202 gsmake (runner.lua:126) topshort task(resources) from package [github.com/gsmake/gsrpc:snapshot] ;prepare gsrpc compiler
2016-2-9 17:9:25.0202 gsmake (runner.lua:70) invoke task(resources)
2016-2-9 17:9:25.0203 gsmake (runner.lua:73) 	from package [github.com/gsmake/gsrpc:snapshot] ...
2016-2-9 17:9:25.0256 gsmake (runner.lua:46) register taskgroup(test) :
2016-2-9 17:9:25.0257 gsmake (runner.lua:48) 	from package [github.com/gsmake/golang:snapshot]
2016-2-9 17:9:25.0257 gsmake (runner.lua:46) register taskgroup(gorun) :
2016-2-9 17:9:25.0258 gsmake (runner.lua:48) 	from package [github.com/gsmake/golang:snapshot]
2016-2-9 17:9:25.0259 gsmake (runner.lua:46) register taskgroup(gopath) :
2016-2-9 17:9:25.0259 gsmake (runner.lua:48) 	from package [github.com/gsmake/golang:snapshot]
2016-2-9 17:9:25.0260 gsmake (runner.lua:46) register taskgroup(compile) :
2016-2-9 17:9:25.0261 gsmake (runner.lua:48) 	from package [github.com/gsmake/golang:snapshot]
2016-2-9 17:9:25.0261 gsmake (runner.lua:46) register taskgroup(precompile) :
2016-2-9 17:9:25.0262 gsmake (runner.lua:48) 	from package [github.com/gsmake/golang:snapshot]
2016-2-9 17:9:25.0262 gsmake (runner.lua:46) register taskgroup(resources) :
2016-2-9 17:9:25.0263 gsmake (runner.lua:48) 	from package [github.com/gsmake/golang:snapshot]
2016-2-9 17:9:25.0264 gsmake (runner.lua:46) register taskgroup(install) :
2016-2-9 17:9:25.0264 gsmake (runner.lua:48) 	from package [github.com/gsmake/golang:snapshot]
2016-2-9 17:9:25.0265 gsmake (runner.lua:126) topshort task(install) from package [github.com/gsmake/golang:snapshot] ;golang package install package
2016-2-9 17:9:25.0266 gsmake (runner.lua:126) topshort task(compile) from package [github.com/gsmake/golang:snapshot] ;golang package compile task
2016-2-9 17:9:25.0266 gsmake (runner.lua:126) topshort task(precompile) from package [github.com/gsmake/golang:snapshot] ;golang precompile task
2016-2-9 17:9:25.0267 gsmake (runner.lua:126) topshort task(resources) from package [github.com/gsmake/golang:snapshot] ;prepare dependencies package
2016-2-9 17:9:25.0268 gsmake (runner.lua:70) invoke task(resources)
2016-2-9 17:9:25.0268 gsmake (runner.lua:73) 	from package [github.com/gsmake/golang:snapshot] ...
2016-2-9 17:9:25.0370 gsmake (runner.lua:86) 	from package [github.com/gsmake/golang:snapshot] -- success
2016-2-9 17:9:25.0370 gsmake (runner.lua:89) invoke task(resources) -- success
2016-2-9 17:9:25.0371 gsmake (runner.lua:70) invoke task(precompile)
2016-2-9 17:9:25.0372 gsmake (runner.lua:73) 	from package [github.com/gsmake/golang:snapshot] ...
2016-2-9 17:9:25.0373 gsmake (runner.lua:86) 	from package [github.com/gsmake/golang:snapshot] -- success
2016-2-9 17:9:25.0374 gsmake (runner.lua:89) invoke task(precompile) -- success
2016-2-9 17:9:25.0374 gsmake (runner.lua:70) invoke task(compile)
2016-2-9 17:9:25.0375 gsmake (runner.lua:73) 	from package [github.com/gsmake/golang:snapshot] ...
2016-2-9 17:9:28.0020 gsmake (runner.lua:86) 	from package [github.com/gsmake/golang:snapshot] -- success
2016-2-9 17:9:28.0021 gsmake (runner.lua:89) invoke task(compile) -- success
2016-2-9 17:9:28.0022 gsmake (runner.lua:70) invoke task(install)
2016-2-9 17:9:28.0022 gsmake (runner.lua:73) 	from package [github.com/gsmake/golang:snapshot] ...
2016-2-9 17:9:28.0039 gsmake (runner.lua:86) 	from package [github.com/gsmake/golang:snapshot] -- success
2016-2-9 17:9:28.0040 gsmake (runner.lua:89) invoke task(install) -- success
2016-2-9 17:9:28.0041 gsmake (runner.lua:86) 	from package [github.com/gsmake/gsrpc:snapshot] -- success
2016-2-9 17:9:28.0041 gsmake (runner.lua:89) invoke task(resources) -- success
2016-2-9 17:9:28.0042 gsmake (runner.lua:70) invoke task(precompile)
2016-2-9 17:9:28.0042 gsmake (runner.lua:73) 	from package [github.com/gsmake/gsrpc:snapshot] ...
2016-2-9 17:9:29.0004 gsmake (runner.lua:86) 	from package [github.com/gsmake/gsrpc:snapshot] -- success
2016-2-9 17:9:29.0005 gsmake (runner.lua:89) invoke task(precompile) -- success
