2016-2-9 14:23:14.0720 gsmake (runner.lua:46) register taskgroup(resources) :
2016-2-9 14:23:14.0721 gsmake (runner.lua:48) 	from package [github.com/gsmake/gsrpc:snapshot]
2016-2-9 14:23:14.0721 gsmake (runner.lua:46) register taskgroup(list) :
2016-2-9 14:23:14.0722 gsmake (runner.lua:48) 	from package [github.com/gsmake/commands:snapshot]
2016-2-9 14:23:14.0722 gsmake (runner.lua:46) register taskgroup(cache) :
2016-2-9 14:23:14.0723 gsmake (runner.lua:48) 	from package [github.com/gsmake/commands:snapshot]
2016-2-9 14:23:14.0724 gsmake (runner.lua:46) register taskgroup(update) :
2016-2-9 14:23:14.0724 gsmake (runner.lua:48) 	from package [github.com/gsmake/commands:snapshot]
2016-2-9 14:23:14.0725 gsmake (runner.lua:46) register taskgroup(precompile) :
2016-2-9 14:23:14.0726 gsmake (runner.lua:48) 	from package [github.com/gsmake/gsrpc:snapshot]
2016-2-9 14:23:14.0726 gsmake (runner.lua:46) register taskgroup(repo) :
2016-2-9 14:23:14.0727 gsmake (runner.lua:48) 	from package [github.com/gsmake/commands:snapshot]
2016-2-9 14:23:14.0728 gsmake (runner.lua:126) topshort task(resources) from package [github.com/gsmake/gsrpc:snapshot] ;prepare gsrpc compiler
2016-2-9 14:23:14.0728 gsmake (runner.lua:70) invoke task(resources)
2016-2-9 14:23:14.0729 gsmake (runner.lua:73) 	from package [github.com/gsmake/gsrpc:snapshot] ...
2016-2-9 14:23:14.0783 gsmake (runner.lua:46) register taskgroup(resources) :
2016-2-9 14:23:14.0783 gsmake (runner.lua:48) 	from package [github.com/gsmake/golang:snapshot]
2016-2-9 14:23:14.0784 gsmake (runner.lua:46) register taskgroup(compile) :
2016-2-9 14:23:14.0785 gsmake (runner.lua:48) 	from package [github.com/gsmake/golang:snapshot]
2016-2-9 14:23:14.0785 gsmake (runner.lua:46) register taskgroup(gorun) :
2016-2-9 14:23:14.0786 gsmake (runner.lua:48) 	from package [github.com/gsmake/golang:snapshot]
2016-2-9 14:23:14.0786 gsmake (runner.lua:46) register taskgroup(precompile) :
2016-2-9 14:23:14.0787 gsmake (runner.lua:48) 	from package [github.com/gsmake/golang:snapshot]
2016-2-9 14:23:14.0788 gsmake (runner.lua:46) register taskgroup(test) :
2016-2-9 14:23:14.0788 gsmake (runner.lua:48) 	from package [github.com/gsmake/golang:snapshot]
2016-2-9 14:23:14.0789 gsmake (runner.lua:46) register taskgroup(install) :
2016-2-9 14:23:14.0790 gsmake (runner.lua:48) 	from package [github.com/gsmake/golang:snapshot]
2016-2-9 14:23:14.0790 gsmake (runner.lua:46) register taskgroup(gopath) :
2016-2-9 14:23:14.0791 gsmake (runner.lua:48) 	from package [github.com/gsmake/golang:snapshot]
2016-2-9 14:23:14.0792 gsmake (runner.lua:126) topshort task(install) from package [github.com/gsmake/golang:snapshot] ;golang package install package
2016-2-9 14:23:14.0792 gsmake (runner.lua:126) topshort task(compile) from package [github.com/gsmake/golang:snapshot] ;golang package compile task
2016-2-9 14:23:14.0793 gsmake (runner.lua:126) topshort task(precompile) from package [github.com/gsmake/golang:snapshot] ;golang precompile task
2016-2-9 14:23:14.0794 gsmake (runner.lua:126) topshort task(resources) from package [github.com/gsmake/golang:snapshot] ;prepare dependencies package
2016-2-9 14:23:14.0794 gsmake (runner.lua:70) invoke task(resources)
2016-2-9 14:23:14.0795 gsmake (runner.lua:73) 	from package [github.com/gsmake/golang:snapshot] ...
2016-2-9 14:23:14.0902 gsmake (runner.lua:86) 	from package [github.com/gsmake/golang:snapshot] -- success
2016-2-9 14:23:14.0902 gsmake (runner.lua:89) invoke task(resources) -- success
2016-2-9 14:23:14.0903 gsmake (runner.lua:70) invoke task(precompile)
2016-2-9 14:23:14.0904 gsmake (runner.lua:73) 	from package [github.com/gsmake/golang:snapshot] ...
2016-2-9 14:23:14.0906 gsmake (runner.lua:86) 	from package [github.com/gsmake/golang:snapshot] -- success
2016-2-9 14:23:14.0907 gsmake (runner.lua:89) invoke task(precompile) -- success
2016-2-9 14:23:14.0907 gsmake (runner.lua:70) invoke task(compile)
2016-2-9 14:23:14.0908 gsmake (runner.lua:73) 	from package [github.com/gsmake/golang:snapshot] ...
2016-2-9 14:23:17.0418 gsmake (runner.lua:86) 	from package [github.com/gsmake/golang:snapshot] -- success
2016-2-9 14:23:17.0418 gsmake (runner.lua:89) invoke task(compile) -- success
2016-2-9 14:23:17.0419 gsmake (runner.lua:70) invoke task(install)
2016-2-9 14:23:17.0419 gsmake (runner.lua:73) 	from package [github.com/gsmake/golang:snapshot] ...
2016-2-9 14:23:17.0433 gsmake (runner.lua:86) 	from package [github.com/gsmake/golang:snapshot] -- success
2016-2-9 14:23:17.0434 gsmake (runner.lua:89) invoke task(install) -- success
2016-2-9 14:23:17.0434 gsmake (runner.lua:86) 	from package [github.com/gsmake/gsrpc:snapshot] -- success
2016-2-9 14:23:17.0435 gsmake (runner.lua:89) invoke task(resources) -- success
