2016-2-9 16:45:20.0560 gsmake (runner.lua:46) register taskgroup(repo) :
2016-2-9 16:45:20.0560 gsmake (runner.lua:48) 	from package [github.com/gsmake/commands:snapshot]
2016-2-9 16:45:20.0561 gsmake (runner.lua:46) register taskgroup(precompile) :
2016-2-9 16:45:20.0561 gsmake (runner.lua:48) 	from package [github.com/gsmake/gsrpc:snapshot]
2016-2-9 16:45:20.0562 gsmake (runner.lua:46) register taskgroup(list) :
2016-2-9 16:45:20.0563 gsmake (runner.lua:48) 	from package [github.com/gsmake/commands:snapshot]
2016-2-9 16:45:20.0563 gsmake (runner.lua:46) register taskgroup(cache) :
2016-2-9 16:45:20.0564 gsmake (runner.lua:48) 	from package [github.com/gsmake/commands:snapshot]
2016-2-9 16:45:20.0565 gsmake (runner.lua:46) register taskgroup(update) :
2016-2-9 16:45:20.0565 gsmake (runner.lua:48) 	from package [github.com/gsmake/commands:snapshot]
2016-2-9 16:45:20.0566 gsmake (runner.lua:46) register taskgroup(resources) :
2016-2-9 16:45:20.0567 gsmake (runner.lua:48) 	from package [github.com/gsmake/gsrpc:snapshot]
2016-2-9 16:45:20.0567 gsmake (runner.lua:126) topshort task(precompile) from package [github.com/gsmake/gsrpc:snapshot] ;compile the gsrpc files
2016-2-9 16:45:20.0568 gsmake (runner.lua:126) topshort task(resources) from package [github.com/gsmake/gsrpc:snapshot] ;prepare gsrpc compiler
2016-2-9 16:45:20.0569 gsmake (runner.lua:70) invoke task(resources)
2016-2-9 16:45:20.0569 gsmake (runner.lua:73) 	from package [github.com/gsmake/gsrpc:snapshot] ...
2016-2-9 16:45:20.0624 gsmake (runner.lua:46) register taskgroup(compile) :
2016-2-9 16:45:20.0624 gsmake (runner.lua:48) 	from package [github.com/gsmake/golang:snapshot]
2016-2-9 16:45:20.0625 gsmake (runner.lua:46) register taskgroup(precompile) :
2016-2-9 16:45:20.0626 gsmake (runner.lua:48) 	from package [github.com/gsmake/golang:snapshot]
2016-2-9 16:45:20.0627 gsmake (runner.lua:46) register taskgroup(test) :
2016-2-9 16:45:20.0627 gsmake (runner.lua:48) 	from package [github.com/gsmake/golang:snapshot]
2016-2-9 16:45:20.0628 gsmake (runner.lua:46) register taskgroup(gopath) :
2016-2-9 16:45:20.0629 gsmake (runner.lua:48) 	from package [github.com/gsmake/golang:snapshot]
2016-2-9 16:45:20.0629 gsmake (runner.lua:46) register taskgroup(gorun) :
2016-2-9 16:45:20.0630 gsmake (runner.lua:48) 	from package [github.com/gsmake/golang:snapshot]
2016-2-9 16:45:20.0631 gsmake (runner.lua:46) register taskgroup(resources) :
2016-2-9 16:45:20.0631 gsmake (runner.lua:48) 	from package [github.com/gsmake/golang:snapshot]
2016-2-9 16:45:20.0632 gsmake (runner.lua:46) register taskgroup(install) :
2016-2-9 16:45:20.0633 gsmake (runner.lua:48) 	from package [github.com/gsmake/golang:snapshot]
2016-2-9 16:45:20.0633 gsmake (runner.lua:126) topshort task(install) from package [github.com/gsmake/golang:snapshot] ;golang package install package
2016-2-9 16:45:20.0634 gsmake (runner.lua:126) topshort task(compile) from package [github.com/gsmake/golang:snapshot] ;golang package compile task
2016-2-9 16:45:20.0635 gsmake (runner.lua:126) topshort task(precompile) from package [github.com/gsmake/golang:snapshot] ;golang precompile task
2016-2-9 16:45:20.0635 gsmake (runner.lua:126) topshort task(resources) from package [github.com/gsmake/golang:snapshot] ;prepare dependencies package
2016-2-9 16:45:20.0636 gsmake (runner.lua:70) invoke task(resources)
2016-2-9 16:45:20.0637 gsmake (runner.lua:73) 	from package [github.com/gsmake/golang:snapshot] ...
2016-2-9 16:45:20.0745 gsmake (runner.lua:86) 	from package [github.com/gsmake/golang:snapshot] -- success
2016-2-9 16:45:20.0746 gsmake (runner.lua:89) invoke task(resources) -- success
2016-2-9 16:45:20.0746 gsmake (runner.lua:70) invoke task(precompile)
2016-2-9 16:45:20.0747 gsmake (runner.lua:73) 	from package [github.com/gsmake/golang:snapshot] ...
2016-2-9 16:45:20.0748 gsmake (runner.lua:86) 	from package [github.com/gsmake/golang:snapshot] -- success
2016-2-9 16:45:20.0749 gsmake (runner.lua:89) invoke task(precompile) -- success
2016-2-9 16:45:20.0749 gsmake (runner.lua:70) invoke task(compile)
2016-2-9 16:45:20.0750 gsmake (runner.lua:73) 	from package [github.com/gsmake/golang:snapshot] ...
2016-2-9 16:45:22.0168 gsmake (runner.lua:86) 	from package [github.com/gsmake/gsrpc:snapshot] -- success
2016-2-9 16:45:22.0169 gsmake (runner.lua:89) invoke task(resources) -- success
2016-2-9 16:45:22.0170 gsmake (runner.lua:70) invoke task(precompile)
2016-2-9 16:45:22.0170 gsmake (runner.lua:73) 	from package [github.com/gsmake/gsrpc:snapshot] ...
2016-2-9 16:45:22.0852 gsmake (runner.lua:86) 	from package [github.com/gsmake/gsrpc:snapshot] -- success
2016-2-9 16:45:22.0853 gsmake (runner.lua:89) invoke task(precompile) -- success
