2016-2-10 15:55:3.0923 gsmake (runner.lua:46) register taskgroup(update) :
2016-2-10 15:55:3.0924 gsmake (runner.lua:48) 	from package [github.com/gsmake/commands:snapshot]
2016-2-10 15:55:3.0924 gsmake (runner.lua:46) register taskgroup(resources) :
2016-2-10 15:55:3.0925 gsmake (runner.lua:48) 	from package [github.com/gsmake/gsrpc:snapshot]
2016-2-10 15:55:3.0926 gsmake (runner.lua:46) register taskgroup(list) :
2016-2-10 15:55:3.0926 gsmake (runner.lua:48) 	from package [github.com/gsmake/commands:snapshot]
2016-2-10 15:55:3.0927 gsmake (runner.lua:46) register taskgroup(cache) :
2016-2-10 15:55:3.0928 gsmake (runner.lua:48) 	from package [github.com/gsmake/commands:snapshot]
2016-2-10 15:55:3.0928 gsmake (runner.lua:46) register taskgroup(repo) :
2016-2-10 15:55:3.0929 gsmake (runner.lua:48) 	from package [github.com/gsmake/commands:snapshot]
2016-2-10 15:55:3.0929 gsmake (runner.lua:46) register taskgroup(precompile) :
2016-2-10 15:55:3.0930 gsmake (runner.lua:48) 	from package [github.com/gsmake/gsrpc:snapshot]
2016-2-10 15:55:3.0931 gsmake (runner.lua:126) topshort task(precompile) from package [github.com/gsmake/gsrpc:snapshot] ;compile the gsrpc files
2016-2-10 15:55:3.0931 gsmake (runner.lua:126) topshort task(resources) from package [github.com/gsmake/gsrpc:snapshot] ;prepare gsrpc compiler
2016-2-10 15:55:3.0932 gsmake (runner.lua:70) invoke task(resources)
2016-2-10 15:55:3.0933 gsmake (runner.lua:73) 	from package [github.com/gsmake/gsrpc:snapshot] ...
2016-2-10 15:55:3.0986 gsmake (runner.lua:46) register taskgroup(precompile) :
2016-2-10 15:55:3.0987 gsmake (runner.lua:48) 	from package [github.com/gsmake/golang:snapshot]
2016-2-10 15:55:3.0987 gsmake (runner.lua:46) register taskgroup(resources) :
2016-2-10 15:55:3.0988 gsmake (runner.lua:48) 	from package [github.com/gsmake/golang:snapshot]
2016-2-10 15:55:3.0989 gsmake (runner.lua:46) register taskgroup(install) :
2016-2-10 15:55:3.0989 gsmake (runner.lua:48) 	from package [github.com/gsmake/golang:snapshot]
2016-2-10 15:55:3.0990 gsmake (runner.lua:46) register taskgroup(compile) :
2016-2-10 15:55:3.0991 gsmake (runner.lua:48) 	from package [github.com/gsmake/golang:snapshot]
2016-2-10 15:55:3.0991 gsmake (runner.lua:46) register taskgroup(test) :
2016-2-10 15:55:3.0992 gsmake (runner.lua:48) 	from package [github.com/gsmake/golang:snapshot]
2016-2-10 15:55:3.0993 gsmake (runner.lua:46) register taskgroup(gorun) :
2016-2-10 15:55:3.0993 gsmake (runner.lua:48) 	from package [github.com/gsmake/golang:snapshot]
2016-2-10 15:55:3.0994 gsmake (runner.lua:46) register taskgroup(gopath) :
2016-2-10 15:55:3.0995 gsmake (runner.lua:48) 	from package [github.com/gsmake/golang:snapshot]
2016-2-10 15:55:3.0995 gsmake (runner.lua:126) topshort task(install) from package [github.com/gsmake/golang:snapshot] ;golang package install package
2016-2-10 15:55:3.0996 gsmake (runner.lua:126) topshort task(compile) from package [github.com/gsmake/golang:snapshot] ;golang package compile task
2016-2-10 15:55:3.0997 gsmake (runner.lua:126) topshort task(precompile) from package [github.com/gsmake/golang:snapshot] ;golang precompile task
2016-2-10 15:55:3.0998 gsmake (runner.lua:126) topshort task(resources) from package [github.com/gsmake/golang:snapshot] ;prepare dependencies package
2016-2-10 15:55:3.0998 gsmake (runner.lua:70) invoke task(resources)
2016-2-10 15:55:3.0999 gsmake (runner.lua:73) 	from package [github.com/gsmake/golang:snapshot] ...
2016-2-10 15:55:4.0103 gsmake (runner.lua:86) 	from package [github.com/gsmake/golang:snapshot] -- success
2016-2-10 15:55:4.0103 gsmake (runner.lua:89) invoke task(resources) -- success
2016-2-10 15:55:4.0104 gsmake (runner.lua:70) invoke task(precompile)
2016-2-10 15:55:4.0105 gsmake (runner.lua:73) 	from package [github.com/gsmake/golang:snapshot] ...
2016-2-10 15:55:4.0106 gsmake (runner.lua:86) 	from package [github.com/gsmake/golang:snapshot] -- success
2016-2-10 15:55:4.0107 gsmake (runner.lua:89) invoke task(precompile) -- success
2016-2-10 15:55:4.0107 gsmake (runner.lua:70) invoke task(compile)
2016-2-10 15:55:4.0108 gsmake (runner.lua:73) 	from package [github.com/gsmake/golang:snapshot] ...
2016-2-10 15:55:6.0716 gsmake (runner.lua:86) 	from package [github.com/gsmake/golang:snapshot] -- success
2016-2-10 15:55:6.0717 gsmake (runner.lua:89) invoke task(compile) -- success
2016-2-10 15:55:6.0718 gsmake (runner.lua:70) invoke task(install)
2016-2-10 15:55:6.0718 gsmake (runner.lua:73) 	from package [github.com/gsmake/golang:snapshot] ...
2016-2-10 15:55:6.0733 gsmake (runner.lua:86) 	from package [github.com/gsmake/golang:snapshot] -- success
2016-2-10 15:55:6.0734 gsmake (runner.lua:89) invoke task(install) -- success
2016-2-10 15:55:6.0734 gsmake (runner.lua:86) 	from package [github.com/gsmake/gsrpc:snapshot] -- success
2016-2-10 15:55:6.0735 gsmake (runner.lua:89) invoke task(resources) -- success
2016-2-10 15:55:6.0735 gsmake (runner.lua:70) invoke task(precompile)
2016-2-10 15:55:6.0736 gsmake (runner.lua:73) 	from package [github.com/gsmake/gsrpc:snapshot] ...
2016-2-10 15:55:7.0813 gsmake (runner.lua:86) 	from package [github.com/gsmake/gsrpc:snapshot] -- success
2016-2-10 15:55:7.0813 gsmake (runner.lua:89) invoke task(precompile) -- success
