2016-2-10 14:0:7.0063 gsmake (runner.lua:46) register taskgroup(list) :
2016-2-10 14:0:7.0064 gsmake (runner.lua:48) 	from package [github.com/gsmake/commands:snapshot]
2016-2-10 14:0:7.0064 gsmake (runner.lua:46) register taskgroup(update) :
2016-2-10 14:0:7.0065 gsmake (runner.lua:48) 	from package [github.com/gsmake/commands:snapshot]
2016-2-10 14:0:7.0065 gsmake (runner.lua:46) register taskgroup(resources) :
2016-2-10 14:0:7.0066 gsmake (runner.lua:48) 	from package [github.com/gsmake/gsrpc:snapshot]
2016-2-10 14:0:7.0066 gsmake (runner.lua:46) register taskgroup(cache) :
2016-2-10 14:0:7.0067 gsmake (runner.lua:48) 	from package [github.com/gsmake/commands:snapshot]
2016-2-10 14:0:7.0068 gsmake (runner.lua:46) register taskgroup(repo) :
2016-2-10 14:0:7.0069 gsmake (runner.lua:48) 	from package [github.com/gsmake/commands:snapshot]
2016-2-10 14:0:7.0069 gsmake (runner.lua:46) register taskgroup(precompile) :
2016-2-10 14:0:7.0070 gsmake (runner.lua:48) 	from package [github.com/gsmake/gsrpc:snapshot]
2016-2-10 14:0:7.0071 gsmake (runner.lua:126) topshort task(precompile) from package [github.com/gsmake/gsrpc:snapshot] ;compile the gsrpc files
2016-2-10 14:0:7.0071 gsmake (runner.lua:126) topshort task(resources) from package [github.com/gsmake/gsrpc:snapshot] ;prepare gsrpc compiler
2016-2-10 14:0:7.0072 gsmake (runner.lua:70) invoke task(resources)
2016-2-10 14:0:7.0073 gsmake (runner.lua:73) 	from package [github.com/gsmake/gsrpc:snapshot] ...
2016-2-10 14:0:7.0127 gsmake (runner.lua:46) register taskgroup(precompile) :
2016-2-10 14:0:7.0129 gsmake (runner.lua:48) 	from package [github.com/gsmake/golang:snapshot]
2016-2-10 14:0:7.0130 gsmake (runner.lua:46) register taskgroup(gopath) :
2016-2-10 14:0:7.0130 gsmake (runner.lua:48) 	from package [github.com/gsmake/golang:snapshot]
2016-2-10 14:0:7.0131 gsmake (runner.lua:46) register taskgroup(compile) :
2016-2-10 14:0:7.0132 gsmake (runner.lua:48) 	from package [github.com/gsmake/golang:snapshot]
2016-2-10 14:0:7.0132 gsmake (runner.lua:46) register taskgroup(gorun) :
2016-2-10 14:0:7.0133 gsmake (runner.lua:48) 	from package [github.com/gsmake/golang:snapshot]
2016-2-10 14:0:7.0133 gsmake (runner.lua:46) register taskgroup(test) :
2016-2-10 14:0:7.0134 gsmake (runner.lua:48) 	from package [github.com/gsmake/golang:snapshot]
2016-2-10 14:0:7.0135 gsmake (runner.lua:46) register taskgroup(install) :
2016-2-10 14:0:7.0135 gsmake (runner.lua:48) 	from package [github.com/gsmake/golang:snapshot]
2016-2-10 14:0:7.0136 gsmake (runner.lua:46) register taskgroup(resources) :
2016-2-10 14:0:7.0137 gsmake (runner.lua:48) 	from package [github.com/gsmake/golang:snapshot]
2016-2-10 14:0:7.0137 gsmake (runner.lua:126) topshort task(install) from package [github.com/gsmake/golang:snapshot] ;golang package install package
2016-2-10 14:0:7.0138 gsmake (runner.lua:126) topshort task(compile) from package [github.com/gsmake/golang:snapshot] ;golang package compile task
2016-2-10 14:0:7.0138 gsmake (runner.lua:126) topshort task(precompile) from package [github.com/gsmake/golang:snapshot] ;golang precompile task
2016-2-10 14:0:7.0139 gsmake (runner.lua:126) topshort task(resources) from package [github.com/gsmake/golang:snapshot] ;prepare dependencies package
2016-2-10 14:0:7.0140 gsmake (runner.lua:70) invoke task(resources)
2016-2-10 14:0:7.0141 gsmake (runner.lua:73) 	from package [github.com/gsmake/golang:snapshot] ...
2016-2-10 14:0:7.0244 gsmake (runner.lua:86) 	from package [github.com/gsmake/golang:snapshot] -- success
2016-2-10 14:0:7.0245 gsmake (runner.lua:89) invoke task(resources) -- success
2016-2-10 14:0:7.0246 gsmake (runner.lua:70) invoke task(precompile)
2016-2-10 14:0:7.0247 gsmake (runner.lua:73) 	from package [github.com/gsmake/golang:snapshot] ...
2016-2-10 14:0:7.0248 gsmake (runner.lua:86) 	from package [github.com/gsmake/golang:snapshot] -- success
2016-2-10 14:0:7.0249 gsmake (runner.lua:89) invoke task(precompile) -- success
2016-2-10 14:0:7.0249 gsmake (runner.lua:70) invoke task(compile)
2016-2-10 14:0:7.0250 gsmake (runner.lua:73) 	from package [github.com/gsmake/golang:snapshot] ...
2016-2-10 14:0:9.0986 gsmake (runner.lua:86) 	from package [github.com/gsmake/golang:snapshot] -- success
2016-2-10 14:0:9.0987 gsmake (runner.lua:89) invoke task(compile) -- success
2016-2-10 14:0:9.0987 gsmake (runner.lua:70) invoke task(install)
2016-2-10 14:0:9.0988 gsmake (runner.lua:73) 	from package [github.com/gsmake/golang:snapshot] ...
2016-2-10 14:0:10.0005 gsmake (runner.lua:86) 	from package [github.com/gsmake/golang:snapshot] -- success
2016-2-10 14:0:10.0005 gsmake (runner.lua:89) invoke task(install) -- success
2016-2-10 14:0:10.0006 gsmake (runner.lua:86) 	from package [github.com/gsmake/gsrpc:snapshot] -- success
2016-2-10 14:0:10.0007 gsmake (runner.lua:89) invoke task(resources) -- success
2016-2-10 14:0:10.0007 gsmake (runner.lua:70) invoke task(precompile)
2016-2-10 14:0:10.0008 gsmake (runner.lua:73) 	from package [github.com/gsmake/gsrpc:snapshot] ...
2016-2-10 14:0:11.0111 gsmake (runner.lua:86) 	from package [github.com/gsmake/gsrpc:snapshot] -- success
2016-2-10 14:0:11.0111 gsmake (runner.lua:89) invoke task(precompile) -- success
