2016-2-9 15:19:30.0078 gsmake (runner.lua:46) register taskgroup(cache) :
2016-2-9 15:19:30.0079 gsmake (runner.lua:48) 	from package [github.com/gsmake/commands:snapshot]
2016-2-9 15:19:30.0080 gsmake (runner.lua:46) register taskgroup(resources) :
2016-2-9 15:19:30.0080 gsmake (runner.lua:48) 	from package [github.com/gsmake/gsrpc:snapshot]
2016-2-9 15:19:30.0081 gsmake (runner.lua:46) register taskgroup(precompile) :
2016-2-9 15:19:30.0082 gsmake (runner.lua:48) 	from package [github.com/gsmake/gsrpc:snapshot]
2016-2-9 15:19:30.0082 gsmake (runner.lua:46) register taskgroup(repo) :
2016-2-9 15:19:30.0083 gsmake (runner.lua:48) 	from package [github.com/gsmake/commands:snapshot]
2016-2-9 15:19:30.0084 gsmake (runner.lua:46) register taskgroup(list) :
2016-2-9 15:19:30.0084 gsmake (runner.lua:48) 	from package [github.com/gsmake/commands:snapshot]
2016-2-9 15:19:30.0085 gsmake (runner.lua:46) register taskgroup(update) :
2016-2-9 15:19:30.0085 gsmake (runner.lua:48) 	from package [github.com/gsmake/commands:snapshot]
2016-2-9 15:19:30.0086 gsmake (runner.lua:126) topshort task(precompile) from package [github.com/gsmake/gsrpc:snapshot] ;compile the gsrpc files
2016-2-9 15:19:30.0087 gsmake (runner.lua:126) topshort task(resources) from package [github.com/gsmake/gsrpc:snapshot] ;prepare gsrpc compiler
2016-2-9 15:19:30.0087 gsmake (runner.lua:70) invoke task(resources)
2016-2-9 15:19:30.0088 gsmake (runner.lua:73) 	from package [github.com/gsmake/gsrpc:snapshot] ...
2016-2-9 15:19:30.0141 gsmake (runner.lua:46) register taskgroup(gopath) :
2016-2-9 15:19:30.0142 gsmake (runner.lua:48) 	from package [github.com/gsmake/golang:snapshot]
2016-2-9 15:19:30.0142 gsmake (runner.lua:46) register taskgroup(precompile) :
2016-2-9 15:19:30.0143 gsmake (runner.lua:48) 	from package [github.com/gsmake/golang:snapshot]
2016-2-9 15:19:30.0144 gsmake (runner.lua:46) register taskgroup(gorun) :
2016-2-9 15:19:30.0144 gsmake (runner.lua:48) 	from package [github.com/gsmake/golang:snapshot]
2016-2-9 15:19:30.0145 gsmake (runner.lua:46) register taskgroup(compile) :
2016-2-9 15:19:30.0146 gsmake (runner.lua:48) 	from package [github.com/gsmake/golang:snapshot]
2016-2-9 15:19:30.0146 gsmake (runner.lua:46) register taskgroup(test) :
2016-2-9 15:19:30.0147 gsmake (runner.lua:48) 	from package [github.com/gsmake/golang:snapshot]
2016-2-9 15:19:30.0147 gsmake (runner.lua:46) register taskgroup(resources) :
2016-2-9 15:19:30.0148 gsmake (runner.lua:48) 	from package [github.com/gsmake/golang:snapshot]
2016-2-9 15:19:30.0149 gsmake (runner.lua:46) register taskgroup(install) :
2016-2-9 15:19:30.0149 gsmake (runner.lua:48) 	from package [github.com/gsmake/golang:snapshot]
2016-2-9 15:19:30.0150 gsmake (runner.lua:126) topshort task(install) from package [github.com/gsmake/golang:snapshot] ;golang package install package
2016-2-9 15:19:30.0151 gsmake (runner.lua:126) topshort task(compile) from package [github.com/gsmake/golang:snapshot] ;golang package compile task
2016-2-9 15:19:30.0152 gsmake (runner.lua:126) topshort task(precompile) from package [github.com/gsmake/golang:snapshot] ;golang precompile task
2016-2-9 15:19:30.0152 gsmake (runner.lua:126) topshort task(resources) from package [github.com/gsmake/golang:snapshot] ;prepare dependencies package
2016-2-9 15:19:30.0153 gsmake (runner.lua:70) invoke task(resources)
2016-2-9 15:19:30.0154 gsmake (runner.lua:73) 	from package [github.com/gsmake/golang:snapshot] ...
2016-2-9 15:19:30.0256 gsmake (runner.lua:86) 	from package [github.com/gsmake/golang:snapshot] -- success
2016-2-9 15:19:30.0256 gsmake (runner.lua:89) invoke task(resources) -- success
2016-2-9 15:19:30.0257 gsmake (runner.lua:70) invoke task(precompile)
2016-2-9 15:19:30.0258 gsmake (runner.lua:73) 	from package [github.com/gsmake/golang:snapshot] ...
2016-2-9 15:19:30.0259 gsmake (runner.lua:86) 	from package [github.com/gsmake/golang:snapshot] -- success
2016-2-9 15:19:30.0260 gsmake (runner.lua:89) invoke task(precompile) -- success
2016-2-9 15:19:30.0260 gsmake (runner.lua:70) invoke task(compile)
2016-2-9 15:19:30.0261 gsmake (runner.lua:73) 	from package [github.com/gsmake/golang:snapshot] ...
2016-2-9 15:19:31.0703 gsmake (runner.lua:86) 	from package [github.com/gsmake/gsrpc:snapshot] -- success
2016-2-9 15:19:31.0703 gsmake (runner.lua:89) invoke task(resources) -- success
2016-2-9 15:19:31.0704 gsmake (runner.lua:70) invoke task(precompile)
2016-2-9 15:19:31.0704 gsmake (runner.lua:73) 	from package [github.com/gsmake/gsrpc:snapshot] ...
2016-2-9 15:19:32.0359 gsmake (runner.lua:86) 	from package [github.com/gsmake/gsrpc:snapshot] -- success
2016-2-9 15:19:32.0360 gsmake (runner.lua:89) invoke task(precompile) -- success
