2016-2-9 16:45:43.0466 gsmake (runner.lua:46) register taskgroup(repo) :
2016-2-9 16:45:43.0467 gsmake (runner.lua:48) 	from package [github.com/gsmake/commands:snapshot]
2016-2-9 16:45:43.0468 gsmake (runner.lua:46) register taskgroup(update) :
2016-2-9 16:45:43.0468 gsmake (runner.lua:48) 	from package [github.com/gsmake/commands:snapshot]
2016-2-9 16:45:43.0469 gsmake (runner.lua:46) register taskgroup(list) :
2016-2-9 16:45:43.0469 gsmake (runner.lua:48) 	from package [github.com/gsmake/commands:snapshot]
2016-2-9 16:45:43.0470 gsmake (runner.lua:46) register taskgroup(resources) :
2016-2-9 16:45:43.0471 gsmake (runner.lua:48) 	from package [github.com/gsmake/gsrpc:snapshot]
2016-2-9 16:45:43.0471 gsmake (runner.lua:46) register taskgroup(precompile) :
2016-2-9 16:45:43.0472 gsmake (runner.lua:48) 	from package [github.com/gsmake/gsrpc:snapshot]
2016-2-9 16:45:43.0472 gsmake (runner.lua:46) register taskgroup(cache) :
2016-2-9 16:45:43.0473 gsmake (runner.lua:48) 	from package [github.com/gsmake/commands:snapshot]
2016-2-9 16:45:43.0474 gsmake (runner.lua:126) topshort task(precompile) from package [github.com/gsmake/gsrpc:snapshot] ;compile the gsrpc files
2016-2-9 16:45:43.0475 gsmake (runner.lua:126) topshort task(resources) from package [github.com/gsmake/gsrpc:snapshot] ;prepare gsrpc compiler
2016-2-9 16:45:43.0475 gsmake (runner.lua:70) invoke task(resources)
2016-2-9 16:45:43.0476 gsmake (runner.lua:73) 	from package [github.com/gsmake/gsrpc:snapshot] ...
2016-2-9 16:45:43.0530 gsmake (runner.lua:46) register taskgroup(gorun) :
2016-2-9 16:45:43.0531 gsmake (runner.lua:48) 	from package [github.com/gsmake/golang:snapshot]
2016-2-9 16:45:43.0532 gsmake (runner.lua:46) register taskgroup(resources) :
2016-2-9 16:45:43.0533 gsmake (runner.lua:48) 	from package [github.com/gsmake/golang:snapshot]
2016-2-9 16:45:43.0533 gsmake (runner.lua:46) register taskgroup(gopath) :
2016-2-9 16:45:43.0534 gsmake (runner.lua:48) 	from package [github.com/gsmake/golang:snapshot]
2016-2-9 16:45:43.0534 gsmake (runner.lua:46) register taskgroup(compile) :
2016-2-9 16:45:43.0535 gsmake (runner.lua:48) 	from package [github.com/gsmake/golang:snapshot]
2016-2-9 16:45:43.0536 gsmake (runner.lua:46) register taskgroup(install) :
2016-2-9 16:45:43.0537 gsmake (runner.lua:48) 	from package [github.com/gsmake/golang:snapshot]
2016-2-9 16:45:43.0537 gsmake (runner.lua:46) register taskgroup(precompile) :
2016-2-9 16:45:43.0538 gsmake (runner.lua:48) 	from package [github.com/gsmake/golang:snapshot]
2016-2-9 16:45:43.0539 gsmake (runner.lua:46) register taskgroup(test) :
2016-2-9 16:45:43.0539 gsmake (runner.lua:48) 	from package [github.com/gsmake/golang:snapshot]
2016-2-9 16:45:43.0540 gsmake (runner.lua:126) topshort task(install) from package [github.com/gsmake/golang:snapshot] ;golang package install package
2016-2-9 16:45:43.0541 gsmake (runner.lua:126) topshort task(compile) from package [github.com/gsmake/golang:snapshot] ;golang package compile task
2016-2-9 16:45:43.0541 gsmake (runner.lua:126) topshort task(precompile) from package [github.com/gsmake/golang:snapshot] ;golang precompile task
2016-2-9 16:45:43.0542 gsmake (runner.lua:126) topshort task(resources) from package [github.com/gsmake/golang:snapshot] ;prepare dependencies package
2016-2-9 16:45:43.0543 gsmake (runner.lua:70) invoke task(resources)
2016-2-9 16:45:43.0543 gsmake (runner.lua:73) 	from package [github.com/gsmake/golang:snapshot] ...
2016-2-9 16:45:43.0649 gsmake (runner.lua:86) 	from package [github.com/gsmake/golang:snapshot] -- success
2016-2-9 16:45:43.0649 gsmake (runner.lua:89) invoke task(resources) -- success
2016-2-9 16:45:43.0650 gsmake (runner.lua:70) invoke task(precompile)
2016-2-9 16:45:43.0651 gsmake (runner.lua:73) 	from package [github.com/gsmake/golang:snapshot] ...
2016-2-9 16:45:43.0652 gsmake (runner.lua:86) 	from package [github.com/gsmake/golang:snapshot] -- success
2016-2-9 16:45:43.0653 gsmake (runner.lua:89) invoke task(precompile) -- success
2016-2-9 16:45:43.0653 gsmake (runner.lua:70) invoke task(compile)
2016-2-9 16:45:43.0654 gsmake (runner.lua:73) 	from package [github.com/gsmake/golang:snapshot] ...
2016-2-9 16:45:46.0209 gsmake (runner.lua:86) 	from package [github.com/gsmake/golang:snapshot] -- success
2016-2-9 16:45:46.0210 gsmake (runner.lua:89) invoke task(compile) -- success
2016-2-9 16:45:46.0211 gsmake (runner.lua:70) invoke task(install)
2016-2-9 16:45:46.0212 gsmake (runner.lua:73) 	from package [github.com/gsmake/golang:snapshot] ...
2016-2-9 16:45:46.0228 gsmake (runner.lua:86) 	from package [github.com/gsmake/golang:snapshot] -- success
2016-2-9 16:45:46.0229 gsmake (runner.lua:89) invoke task(install) -- success
2016-2-9 16:45:46.0229 gsmake (runner.lua:86) 	from package [github.com/gsmake/gsrpc:snapshot] -- success
2016-2-9 16:45:46.0230 gsmake (runner.lua:89) invoke task(resources) -- success
2016-2-9 16:45:46.0231 gsmake (runner.lua:70) invoke task(precompile)
2016-2-9 16:45:46.0231 gsmake (runner.lua:73) 	from package [github.com/gsmake/gsrpc:snapshot] ...
2016-2-9 16:45:47.0404 gsmake (runner.lua:86) 	from package [github.com/gsmake/gsrpc:snapshot] -- success
2016-2-9 16:45:47.0404 gsmake (runner.lua:89) invoke task(precompile) -- success
